-- The C compiler identification is GNU 15.2.1
-- The CXX compiler identification is GNU 15.2.1
-- Detecting C compiler ABI info
-- Detecting C compiler ABI info - done
-- Check for working C compiler: /usr/bin/cc - skipped
-- Detecting C compile features
-- Detecting C compile features - done
-- Detecting CXX compiler ABI info
-- Detecting CXX compiler ABI info - done
-- Check for working CXX compiler: /usr/bin/c++ - skipped
-- Detecting CXX compile features
-- Detecting CXX compile features - done
-- Setting build type to 'Debug' as none was specified.
-- Found Git: /usr/bin/git (found version "2.52.0")
-- Looking for readline
-- Looking for readline - found
-- Looking for add_history
-- Looking for add_history - found
-- Looking for stdio.h
-- Looking for stdio.h - found
-- Looking for readline.h
-- Looking for readline.h - not found.
-- Looking for readline/readline.h
-- Looking for readline/readline.h - found
-- Looking for readline/history.h
-- Looking for readline/history.h - found
-- Found readline: /usr/lib/libreadline.so
-- Found PkgConfig: /usr/bin/pkg-config (found version "2.5.1")
-- Checking for one of the modules 'gdlib'
-- gdlib version: 2.3.3 -- OK
-- Looking for getopt_long
-- Looking for getopt_long - found
-- Found ZLIB: /usr/lib/libz.so (found version "1.3.1")
-- Found PNG: /usr/lib/libpng.so (found version "1.6.53")
-- Found Boost: /usr/lib/cmake/Boost-1.89.0/BoostConfig.cmake (found version "1.89.0")
-- Looking for include files boost/system/error_code.hpp, boost/asio.hpp
-- Looking for include files boost/system/error_code.hpp, boost/asio.hpp - found
-- Looking for argz.h
-- Looking for argz.h - found
-- Looking for limits.h
-- Looking for limits.h - found
-- Looking for locale.h
-- Looking for locale.h - found
-- Looking for nl_types.h
-- Looking for nl_types.h - found
-- Looking for stdlib.h
-- Looking for stdlib.h - found
-- Looking for string.h
-- Looking for string.h - found
-- Looking for sys/param.h
-- Looking for sys/param.h - found
-- Looking for stddef.h
-- Looking for stddef.h - found
-- Found Gettext: /usr/bin/msgmerge (found version "0.26")
-- Everything is fine. aMule can be localized
-- Looking for fallocate
-- Looking for fallocate - found
-- Looking for getrlimit
-- Looking for getrlimit - found
-- Looking for setrlimit
-- Looking for setrlimit - found
-- Looking for fcntl.h
-- Looking for fcntl.h - found
-- Looking for sys/resource.h
-- Looking for sys/resource.h - found
-- Looking for sys/statvfs.h
-- Looking for sys/statvfs.h - found
-- Looking for posix_fallocate
-- Looking for posix_fallocate - found
-- Looking for sys/select.h
-- Looking for sys/select.h - found
-- Looking for sys/time.h
-- Looking for sys/time.h - found
-- Looking for sys/wait.h
-- Looking for sys/wait.h - found
-- Looking for unistd.h
-- Looking for unistd.h - found
-- Looking for sys/types.h
-- Looking for sys/types.h - found
-- Looking for stdint.h
-- Looking for stdint.h - found
-- Check size of int
-- Check size of int - done
-- Looking for errno.h
-- Looking for errno.h - found
-- Looking for float.h
-- Looking for float.h - found
-- Looking for signal.h
-- Looking for signal.h - found
-- Looking for stdarg.h
-- Looking for stdarg.h - found
-- Looking for free
-- Looking for free - found
-- Looking for C++ include cxxabi.h
-- Looking for C++ include cxxabi.h - found
-- Looking for execinfo.h
-- Looking for execinfo.h - found
-- Looking for inttypes.h
-- Looking for inttypes.h - found
-- Looking for strerror_r
-- Looking for strerror_r - found
-- Looking for C++ include cryptlib.h
-- Looking for C++ include cryptlib.h - not found
-- Looking for C++ include cryptopp/cryptlib.h
-- Looking for C++ include cryptopp/cryptlib.h - found
-- cryptopp prefix found: cryptopp
-- Found libcrypto++ in /usr/lib/libcryptopp.so
-- Looking for C++ include cryptopp/config.h
-- Looking for C++ include cryptopp/config.h - found
-- crypto++ version 8.9.0 -- OK
-- Searching for wx-BASE
-- Found usable wx-BASE: 3.2.9
-- wx_Version 3.1.2 or newer detected. Disabling wx_ADV
-- Searching for wx-CORE
-- Found usable wx-CORE: 3.2.9
-- Searching for wx-NET
-- Found usable wx-NET: 3.2.9
-- git revision rev. 2.3.3-60-g9ceeaa68b found
-- Looking for bfd.h
-- Looking for bfd.h - not found
-- bfd.h not found, disabling support
-- 

	Configured aMule SVN for 'Linux-6.17.9-arch1-1' on 'x86_64'.

	aMule enabled options:

	**** aMule Core ****
	Prefix where aMule should be installed?				
	Should aMule be compiled with i18n support?			ON
	Which mode should aMule be compiled in?				Debug
	Should aMule be compiled with UPnP support?			OFF
	Should aMule be compiled with IP2country support?		OFF
	Should aMule monolithic application be built?			ON
	Should aMule daemon version be built?				ON
	Should aMule remote gui be built?				ON

	**** aMule TextClient ****
	Should aMule Command Line Client be built?			ON

	**** aMule WebServer ****
	Should aMule WebServer be built?				ON

	**** aMule ED2K Links Handler ****
	Should aMule ED2K Links Handler be built?			ON

	**** aMuleLinkCreator ****
	Should aMuleLinkCreator GUI version (alc) be built?		ON
	Should aMuleLinkCreator for console (alcc) be built?		ON

	**** aMule Statistics ****
	Should C aMule Statistics (CAS) be built?			ON
	Should aMule GUI Statistics (wxCas) be built?			ON
	Should xas XChat2 plugin be installed?				OFF

	**** General Libraries and Tools ****
	Should aMule file viewer for console be built?			ON

	Libraries aMule will use to build:
			boost				1.89.0
			crypto++			8.9.0 in cryptopp
			libintl				ON
			libpng				1.6.53
			libgd				2.3.3
			zlib				1.3.1
-- Configuring done (8.8s)
-- Generating done (0.1s)
-- Build files have been written to: /build/amule-git/src/build
[  1%] Building CXX object src/libs/common/CMakeFiles/mulecommon.dir/Format.cpp.o
[  1%] Building C object src/utils/cas/CMakeFiles/cas.dir/cas.c.o
[  1%] Generating bg.gmo
[  1%] Generating ar.gmo
[  1%] Generating ca.gmo
[  1%] Generating libs/ec/cpp/ECTagTypes.h
[  1%] Generating ast.gmo
[  1%] Building CXX object src/CMakeFiles/mulesocket.dir/LibSocket.cpp.o
[  1%] Generating da.gmo
[  3%] Building CXX object src/utils/aLinkCreator/src/CMakeFiles/alcc.dir/alcc.cpp.o
[  3%] Building CXX object src/CMakeFiles/ed2k.dir/ED2KLinkParser.cpp.o
[  3%] Generating cs.gmo
[  4%] Building CXX object src/libs/common/CMakeFiles/mulecommon.dir/MD5Sum.cpp.o
[  4%] Building CXX object src/libs/common/CMakeFiles/mulecommon.dir/FileFunctions.cpp.o
[  5%] Building CXX object src/CMakeFiles/muleappcore.dir/IPFilterScanner.cpp.o
[  6%] Building CXX object src/utils/wxCas/src/CMakeFiles/wxcas.dir/linuxmon.cpp.o
[  7%] Building CXX object unittests/muleunit/CMakeFiles/muleunit.dir/test.cpp.o
[  7%] Building CXX object src/CMakeFiles/muleappgui.dir/extern/wxWidgets/listctrl.cpp.o
[  7%] Building CXX object src/utils/aLinkCreator/src/CMakeFiles/alc.dir/alc.cpp.o
[  7%] Generating libs/ec/cpp/ECCodes.h
CMake Deprecation Warning at CMakeLists.txt:1 (CMAKE_MINIMUM_REQUIRED):
  Compatibility with CMake < 3.10 will be removed from a future version of
  CMake.

  Update the VERSION argument <min> value.  Or, use the <min>...<max> syntax
  to tell CMake that the project requires at least <min> but has been updated
  to work with policies introduced by <max> or earlier.


-- Generating /build/amule-git/src/build/src/libs/ec/cpp/ECTagTypes.h
CMake Deprecation Warning at CMakeLists.txt:1 (CMAKE_MINIMUM_REQUIRED):
  Compatibility with CMake < 3.10 will be removed from a future version of
  CMake.

  Update the VERSION argument <min> value.  Or, use the <min>...<max> syntax
  to tell CMake that the project requires at least <min> but has been updated
  to work with policies introduced by <max> or earlier.


-- Generating /build/amule-git/src/build/src/libs/ec/cpp/ECCodes.h
[  7%] Built target generate_ECTagTypes.h
[  7%] Building CXX object src/libs/common/CMakeFiles/mulecommon.dir/MuleDebug.cpp.o
[  7%] Building CXX object src/CMakeFiles/ed2k.dir/MagnetURI.cpp.o
[  7%] Building CXX object src/CMakeFiles/muleappcore.dir/Parser.cpp.o
[  8%] Building CXX object unittests/muleunit/CMakeFiles/muleunit.dir/main.cpp.o
[  8%] Generating de.gmo
[  8%] Building CXX object src/utils/aLinkCreator/src/CMakeFiles/alcc.dir/ed2khash.cpp.o
[  9%] Building CXX object src/CMakeFiles/ed2k.dir/MuleCollection.cpp.o
[  9%] Generating el.gmo
[  9%] Building C object src/utils/cas/CMakeFiles/cas.dir/configfile.c.o
[  9%] Built target generate_ECCodes.h
[ 10%] Generating en_GB.gmo
[ 10%] Building C object src/utils/cas/CMakeFiles/cas.dir/functions.c.o
[ 10%] Generating es.gmo
[ 10%] Building C object src/utils/cas/CMakeFiles/cas.dir/graphics.c.o
[ 10%] Generating et_EE.gmo
[ 10%] Generating eu.gmo
[ 11%] Building C object src/utils/cas/CMakeFiles/cas.dir/html.c.o
[ 11%] Building CXX object unittests/muleunit/CMakeFiles/muleunit.dir/testcase.cpp.o
[ 12%] Generating fi.gmo
[ 12%] Building C object src/utils/cas/CMakeFiles/cas.dir/lines.c.o
[ 12%] Generating fr.gmo
[ 12%] Generating gl.gmo
[ 12%] Linking C executable cas
[ 12%] Generating he.gmo
[ 13%] Generating hr.gmo
[ 13%] Building CXX object unittests/muleunit/CMakeFiles/muleunit.dir/testregistry.cpp.o
[ 13%] Generating hu.gmo
[ 13%] Generating it.gmo
[ 13%] Generating it_CH.gmo
[ 14%] Generating ja.gmo
[ 14%] Building CXX object src/CMakeFiles/muleappcore.dir/Scanner.cpp.o
[ 14%] Generating ko_KR.gmo
[ 14%] Linking CXX executable ed2k
[ 14%] Generating lt.gmo
[ 14%] Generating nl.gmo
[ 14%] Generating nn.gmo
[ 15%] Generating pl.gmo
[ 15%] Built target cas
[ 15%] Building CXX object src/CMakeFiles/muleappcore.dir/kademlia/kademlia/Entry.cpp.o
[ 15%] Generating pt_BR.gmo
[ 15%] Generating pt_PT.gmo
[ 15%] Generating ro.gmo
[ 16%] Generating ru.gmo
[ 16%] Building CXX object unittests/muleunit/CMakeFiles/muleunit.dir/__/__/src/libs/common/MuleDebug.cpp.o
[ 16%] Generating sl.gmo
[ 16%] Building CXX object src/libs/ec/cpp/CMakeFiles/ec.dir/ECMuleSocket.cpp.o
[ 16%] Generating sq.gmo
[ 16%] Generating sv.gmo
IPFilterScanner.cpp: In function â€˜int yyiplex(uint32&, uint32&, uint32&, char*&)â€™:
IPFilterScanner.cpp:854:25: warning: ISO C++17 does not allow â€˜registerâ€™ storage class specifier [-Wregister]
IPFilterScanner.cpp:855:17: warning: ISO C++17 does not allow â€˜registerâ€™ storage class specifier [-Wregister]
IPFilterScanner.cpp:855:25: warning: ISO C++17 does not allow â€˜registerâ€™ storage class specifier [-Wregister]
IPFilterScanner.cpp:856:15: warning: ISO C++17 does not allow â€˜registerâ€™ storage class specifier [-Wregister]
IPFilterScanner.cpp:907:21: warning: ISO C++17 does not allow â€˜registerâ€™ storage class specifier [-Wregister]
IPFilterScanner.cpp: In function â€˜int yy_get_next_buffer()â€™:
IPFilterScanner.cpp:1157:21: warning: ISO C++17 does not allow â€˜registerâ€™ storage class specifier [-Wregister]
IPFilterScanner.cpp:1158:17: warning: ISO C++17 does not allow â€˜registerâ€™ storage class specifier [-Wregister]
IPFilterScanner.cpp:1159:15: warning: ISO C++17 does not allow â€˜registerâ€™ storage class specifier [-Wregister]
IPFilterScanner.cpp:1159:31: warning: ISO C++17 does not allow â€˜registerâ€™ storage class specifier [-Wregister]
IPFilterScanner.cpp: In function â€˜yy_state_type yy_get_previous_state()â€™:
IPFilterScanner.cpp:1291:25: warning: ISO C++17 does not allow â€˜registerâ€™ storage class specifier [-Wregister]
IPFilterScanner.cpp:1292:17: warning: ISO C++17 does not allow â€˜registerâ€™ storage class specifier [-Wregister]
IPFilterScanner.cpp:1299:20: warning: ISO C++17 does not allow â€˜registerâ€™ storage class specifier [-Wregister]
IPFilterScanner.cpp: In function â€˜yy_state_type yy_try_NUL_trans(yy_state_type)â€™:
IPFilterScanner.cpp:1324:15: warning: ISO C++17 does not allow â€˜registerâ€™ storage class specifier [-Wregister]
IPFilterScanner.cpp:1325:21: warning: ISO C++17 does not allow â€˜registerâ€™ storage class specifier [-Wregister]
IPFilterScanner.cpp:1327:19: warning: ISO C++17 does not allow â€˜registerâ€™ storage class specifier [-Wregister]
[ 17%] Building CXX object src/libs/common/CMakeFiles/mulecommon.dir/Path.cpp.o
[ 17%] Building C object src/libs/common/CMakeFiles/mulecommon.dir/strerror_r.c.o
[ 18%] Generating tr.gmo
[ 19%] Building CXX object src/CMakeFiles/muleappcore.dir/kademlia/kademlia/Indexed.cpp.o
[ 19%] Generating uk.gmo
[ 19%] Generating zh_CN.gmo
[ 19%] Generating zh_TW.gmo
[ 19%] Built target pofiles_1
[ 19%] Building CXX object src/utils/wxCas/src/CMakeFiles/wxcas.dir/onlinesig.cpp.o
[ 19%] Building CXX object src/CMakeFiles/muleappcore.dir/kademlia/kademlia/SearchManager.cpp.o
[ 19%] Building CXX object src/utils/wxCas/src/CMakeFiles/wxcas.dir/wxcas.cpp.o
[ 19%] Building CXX object src/libs/common/CMakeFiles/mulecommon.dir/StringFunctions.cpp.o
[ 20%] Building CXX object unittests/muleunit/CMakeFiles/muleunit.dir/__/__/src/libs/common/StringFunctions.cpp.o
Scanner.cpp: In function â€˜int yylex()â€™:
Scanner.cpp:770:25: warning: ISO C++17 does not allow â€˜registerâ€™ storage class specifier [-Wregister]
Scanner.cpp:771:17: warning: ISO C++17 does not allow â€˜registerâ€™ storage class specifier [-Wregister]
Scanner.cpp:771:25: warning: ISO C++17 does not allow â€˜registerâ€™ storage class specifier [-Wregister]
Scanner.cpp:772:15: warning: ISO C++17 does not allow â€˜registerâ€™ storage class specifier [-Wregister]
Scanner.cpp:822:21: warning: ISO C++17 does not allow â€˜registerâ€™ storage class specifier [-Wregister]
Scanner.cpp: In function â€˜int yy_get_next_buffer()â€™:
Scanner.cpp:1159:21: warning: ISO C++17 does not allow â€˜registerâ€™ storage class specifier [-Wregister]
Scanner.cpp:1160:17: warning: ISO C++17 does not allow â€˜registerâ€™ storage class specifier [-Wregister]
Scanner.cpp:1161:15: warning: ISO C++17 does not allow â€˜registerâ€™ storage class specifier [-Wregister]
Scanner.cpp:1161:31: warning: ISO C++17 does not allow â€˜registerâ€™ storage class specifier [-Wregister]
Scanner.cpp: In function â€˜yy_state_type yy_get_previous_state()â€™:
Scanner.cpp:1293:25: warning: ISO C++17 does not allow â€˜registerâ€™ storage class specifier [-Wregister]
Scanner.cpp:1294:17: warning: ISO C++17 does not allow â€˜registerâ€™ storage class specifier [-Wregister]
Scanner.cpp:1300:20: warning: ISO C++17 does not allow â€˜registerâ€™ storage class specifier [-Wregister]
Scanner.cpp: In function â€˜yy_state_type yy_try_NUL_trans(yy_state_type)â€™:
Scanner.cpp:1325:15: warning: ISO C++17 does not allow â€˜registerâ€™ storage class specifier [-Wregister]
Scanner.cpp:1326:21: warning: ISO C++17 does not allow â€˜registerâ€™ storage class specifier [-Wregister]
Scanner.cpp:1328:19: warning: ISO C++17 does not allow â€˜registerâ€™ storage class specifier [-Wregister]
Scanner.cpp: At global scope:
Scanner.cpp:1346:49: warning: ISO C++17 does not allow â€˜registerâ€™ storage class specifier [-Wregister]
Scanner.cpp: In function â€˜void yyunput(int, char*)â€™:
Scanner.cpp:1348:17: warning: ISO C++17 does not allow â€˜registerâ€™ storage class specifier [-Wregister]
Scanner.cpp:1358:22: warning: ISO C++17 does not allow â€˜registerâ€™ storage class specifier [-Wregister]
Scanner.cpp:1359:18: warning: ISO C++17 does not allow â€˜registerâ€™ storage class specifier [-Wregister]
Scanner.cpp:1361:18: warning: ISO C++17 does not allow â€˜registerâ€™ storage class specifier [-Wregister]
[ 20%] Building CXX object src/utils/wxCas/src/CMakeFiles/wxcas.dir/wxcascte.cpp.o
[ 20%] Building CXX object src/libs/common/CMakeFiles/mulecommon.dir/TextFile.cpp.o
[ 20%] Building CXX object src/utils/aLinkCreator/src/CMakeFiles/alc.dir/alcframe.cpp.o
[ 20%] Building CXX object src/utils/aLinkCreator/src/CMakeFiles/alcc.dir/md4.cpp.o
[ 21%] Building CXX object src/libs/ec/cpp/CMakeFiles/ec.dir/ECPacket.cpp.o
In file included from /usr/include/boost/bind.hpp:30,
                 from /build/amule-git/src/amule/src/LibSocketAsio.cpp:46,
                 from /build/amule-git/src/amule/src/LibSocket.cpp:29:
/usr/include/boost/bind.hpp:36:1: note: â€˜#pragma message: The practice of declaring the Bind placeholders (_1, _2, ...) in the global namespace is deprecated. Please use <boost/bind/bind.hpp> + using namespace boost::placeholders, or define BOOST_BIND_GLOBAL_PLACEHOLDERS to retain the current behavior.â€™
   36 | BOOST_PRAGMA_MESSAGE(
      | ^~~~~~~~~~~~~~~~~~~~
[ 21%] Building CXX object src/CMakeFiles/muleappcore.dir/kademlia/routing/RoutingBin.cpp.o
[ 21%] Building CXX object src/CMakeFiles/muleappcommon.dir/CFile.cpp.o
[ 21%] Building CXX object src/CMakeFiles/muleappgui.dir/BarShader.cpp.o
/build/amule-git/src/amule/src/libs/common/Path.cpp: In function â€˜bool IsSameAs(const wxString&, const wxString&)â€™:
/build/amule-git/src/amule/src/libs/common/Path.cpp:200:28: warning: â€˜wxPATH_NORM_ALLâ€™ is deprecated: specify the wanted flags explicitly to avoid surprises [-Wdeprecated-declarations]
  200 |         const int flags = (wxPATH_NORM_ALL | wxPATH_NORM_CASE) & ~wxPATH_NORM_ENV_VARS;
      |                            ^~~~~~~~~~~~~~~
In file included from /build/amule-git/src/amule/src/libs/common/Path.cpp:33:
/usr/include/wx-3.2/wx/filename.h:83:5: note: declared here
   83 |     wxPATH_NORM_ALL
      |     ^~~~~~~~~~~~~~~
[ 21%] Building CXX object src/libs/ec/cpp/CMakeFiles/ec.dir/ECSpecialTags.cpp.o
[ 22%] Building CXX object src/utils/wxCas/src/CMakeFiles/wxcas.dir/wxcasframe.cpp.o
[ 22%] Built target muleunit
[ 22%] Building CXX object src/utils/wxCas/src/CMakeFiles/wxcas.dir/wxcasprefs.cpp.o
[ 22%] Building CXX object src/CMakeFiles/muleappgui.dir/ColorFrameCtrl.cpp.o
[ 23%] Linking CXX static library libmulecommon.a
[ 23%] Building CXX object src/utils/wxCas/src/CMakeFiles/wxcas.dir/wxcaspix.cpp.o
/build/amule-git/src/amule/src/utils/aLinkCreator/src/md4.cpp: In member function â€˜void MD4::MD4Update(MD4Context*, const unsigned char*, size_t)â€™:
/build/amule-git/src/amule/src/utils/aLinkCreator/src/md4.cpp:81:21: warning: ISO C++17 does not allow â€˜registerâ€™ storage class specifier [-Wregister]
   81 |   register uint32_t t;
      |                     ^
/build/amule-git/src/amule/src/utils/aLinkCreator/src/md4.cpp: In member function â€˜void MD4::MD4Transform(uint32_t*, const uint32_t*)â€™:
/build/amule-git/src/amule/src/utils/aLinkCreator/src/md4.cpp:196:21: warning: ISO C++17 does not allow â€˜registerâ€™ storage class specifier [-Wregister]
  196 |   register uint32_t a, b, c, d;
      |                     ^
/build/amule-git/src/amule/src/utils/aLinkCreator/src/md4.cpp:196:24: warning: ISO C++17 does not allow â€˜registerâ€™ storage class specifier [-Wregister]
  196 |   register uint32_t a, b, c, d;
      |                        ^
/build/amule-git/src/amule/src/utils/aLinkCreator/src/md4.cpp:196:27: warning: ISO C++17 does not allow â€˜registerâ€™ storage class specifier [-Wregister]
  196 |   register uint32_t a, b, c, d;
      |                           ^
/build/amule-git/src/amule/src/utils/aLinkCreator/src/md4.cpp:196:30: warning: ISO C++17 does not allow â€˜registerâ€™ storage class specifier [-Wregister]
  196 |   register uint32_t a, b, c, d;
      |                              ^
[ 24%] Building CXX object src/utils/aLinkCreator/src/CMakeFiles/alc.dir/alcpix.cpp.o
[ 24%] Built target mulecommon
[ 24%] Building CXX object src/utils/wxCas/src/CMakeFiles/wxcas.dir/wxcasprint.cpp.o
[ 24%] Building CXX object src/CMakeFiles/muleappcore.dir/kademlia/utils/UInt128.cpp.o
[ 24%] Building CXX object src/libs/ec/cpp/CMakeFiles/ec.dir/ECSocket.cpp.o
[ 24%] Linking CXX executable alcc
/build/amule-git/src/amule/src/LibSocketAsio.cpp:622:9: error: â€˜deadline_timerâ€™ does not name a type
  622 |         deadline_timer  m_timer;
      |         ^~~~~~~~~~~~~~
/build/amule-git/src/amule/src/LibSocketAsio.cpp: In constructor â€˜CAsioSocketImpl::CAsioSocketImpl(CLibSocket*)â€™:
/build/amule-git/src/amule/src/LibSocketAsio.cpp:104:17: error: class â€˜CAsioSocketImplâ€™ does not have any field named â€˜m_timerâ€™
  104 |                 m_timer(s_io_service)
      |                 ^~~~~~~
/build/amule-git/src/amule/src/LibSocketAsio.cpp: In member function â€˜void CAsioSocketImpl::Destroy()â€™:
/build/amule-git/src/amule/src/LibSocketAsio.cpp:303:25: error: â€˜m_timerâ€™ was not declared in this scope; did you mean â€˜mktimeâ€™?
  303 |                         m_timer.expires_from_now(boost::posix_time::seconds(1));
      |                         ^~~~~~~
      |                         mktime
/build/amule-git/src/amule/src/LibSocketAsio.cpp:303:69: error: â€˜secondsâ€™ is not a member of â€˜boost::posix_timeâ€™
  303 |                         m_timer.expires_from_now(boost::posix_time::seconds(1));
      |                                                                     ^~~~~~~
/build/amule-git/src/amule/src/LibSocketAsio.cpp:303:69: note: suggested alternatives:
In file included from /usr/include/c++/15.2.1/mutex:45,
                 from /usr/include/boost/system/detail/mutex.hpp:75,
                 from /usr/include/boost/system/detail/error_category_impl.hpp:79,
                 from /usr/include/boost/system/error_category.hpp:11,
                 from /usr/include/boost/system/error_code.hpp:14,
                 from /usr/include/boost/asio/detail/throw_error.hpp:20,
                 from /usr/include/boost/asio/detail/impl/posix_event.ipp:23,
                 from /usr/include/boost/asio/detail/posix_event.hpp:172,
                 from /usr/include/boost/asio/detail/event.hpp:25,
                 from /usr/include/boost/asio/execution/blocking_adaptation.hpp:19,
                 from /usr/include/boost/asio/execution.hpp:22,
                 from /usr/include/boost/asio/any_completion_executor.hpp:22,
                 from /usr/include/boost/asio.hpp:20,
                 from /build/amule-git/src/amule/src/LibSocketAsio.cpp:45:
/usr/include/c++/15.2.1/bits/chrono.h:901:11: note:   â€˜std::chrono::secondsâ€™
  901 |     using seconds       = duration<_GLIBCXX_CHRONO_INT64_T>;
      |           ^~~~~~~
/usr/include/c++/15.2.1/bits/chrono.h:901:11: note:   â€˜std::chrono::secondsâ€™
[ 24%] Built target ed2k
/build/amule-git/src/amule/src/LibSocketAsio.cpp: At global scope:
/build/amule-git/src/amule/src/LibSocketAsio.cpp:1166:9: error: â€˜deadline_timerâ€™ does not name a type
 1166 |         deadline_timer          m_timer;
      |         ^~~~~~~~~~~~~~
/build/amule-git/src/amule/src/LibSocketAsio.cpp: In constructor â€˜CAsioUDPSocketImpl::CAsioUDPSocketImpl(const amuleIPV4Address&, int, CLibUDPSocket*)â€™:
/build/amule-git/src/amule/src/LibSocketAsio.cpp:971:17: error: class â€˜CAsioUDPSocketImplâ€™ does not have any field named â€˜m_timerâ€™
  971 |                 m_timer(s_io_service),
      |                 ^~~~~~~
/build/amule-git/src/amule/src/LibSocketAsio.cpp: In member function â€˜void CAsioUDPSocketImpl::Destroy()â€™:
/build/amule-git/src/amule/src/LibSocketAsio.cpp:1052:25: error: â€˜m_timerâ€™ was not declared in this scope; did you mean â€˜mktimeâ€™?
 1052 |                         m_timer.expires_from_now(boost::posix_time::seconds(1));
      |                         ^~~~~~~
      |                         mktime
/build/amule-git/src/amule/src/LibSocketAsio.cpp:1052:69: error: â€˜secondsâ€™ is not a member of â€˜boost::posix_timeâ€™
 1052 |                         m_timer.expires_from_now(boost::posix_time::seconds(1));
      |                                                                     ^~~~~~~
/build/amule-git/src/amule/src/LibSocketAsio.cpp:1052:69: note: suggested alternatives:
/usr/include/c++/15.2.1/bits/chrono.h:901:11: note:   â€˜std::chrono::secondsâ€™
  901 |     using seconds       = duration<_GLIBCXX_CHRONO_INT64_T>;
      |           ^~~~~~~
/usr/include/c++/15.2.1/bits/chrono.h:901:11: note:   â€˜std::chrono::secondsâ€™
[ 24%] Building CXX object unittests/tests/CMakeFiles/CTagTest.dir/CTagTest.cpp.o
[ 25%] Building CXX object src/CMakeFiles/muleappcommon.dir/ClientCredits.cpp.o
[ 25%] Building CXX object src/CMakeFiles/muleappcommon.dir/DataToText.cpp.o
[ 25%] Building CXX object unittests/tests/CMakeFiles/CUInt128Test.dir/CUInt128Test.cpp.o
[ 25%] Building CXX object src/libs/ec/cpp/CMakeFiles/ec.dir/ECTag.cpp.o
[ 26%] Building CXX object src/libs/ec/cpp/CMakeFiles/ec.dir/ECUInt128.cpp.o
[ 26%] Building CXX object src/CMakeFiles/muleappgui.dir/EditServerListDlg.cpp.o
[ 26%] Building CXX object src/CMakeFiles/muleappcore.dir/AsyncDNS.cpp.o
[ 26%] Building CXX object src/CMakeFiles/muleappcommon.dir/ED2KLink.cpp.o
make[2]: *** [src/CMakeFiles/mulesocket.dir/build.make:79: src/CMakeFiles/mulesocket.dir/LibSocket.cpp.o] Error 1
make[1]: *** [CMakeFiles/Makefile2:1112: src/CMakeFiles/mulesocket.dir/all] Error 2
make[1]: *** Waiting for unfinished jobs....
[ 26%] Building CXX object src/utils/aLinkCreator/src/CMakeFiles/alc.dir/ed2khash.cpp.o
[ 26%] Building CXX object src/utils/aLinkCreator/src/CMakeFiles/alc.dir/md4.cpp.o
[ 26%] Building CXX object src/CMakeFiles/muleappcommon.dir/Friend.cpp.o
[ 26%] Building CXX object src/libs/ec/cpp/CMakeFiles/ec.dir/RemoteConnect.cpp.o
[ 26%] Building CXX object src/CMakeFiles/muleappcommon.dir/GapList.cpp.o
[ 27%] Building CXX object src/CMakeFiles/muleappcommon.dir/MagnetURI.cpp.o
[ 28%] Building CXX object unittests/tests/CMakeFiles/CUInt128Test.dir/__/__/src/kademlia/utils/UInt128.cpp.o
[ 28%] Built target alcc
[ 29%] Building CXX object src/CMakeFiles/muleappgui.dir/FileDetailListCtrl.cpp.o
[ 29%] Building CXX object unittests/tests/CMakeFiles/CTagTest.dir/__/__/src/SafeFile.cpp.o
[ 30%] Building CXX object src/CMakeFiles/muleappcore.dir/CanceledFileList.cpp.o
[ 30%] Building CXX object src/CMakeFiles/muleappcore.dir/DeadSourceList.cpp.o
[ 30%] Building CXX object src/CMakeFiles/muleappcommon.dir/MemFile.cpp.o
[ 30%] Building CXX object src/CMakeFiles/muleappgui.dir/MuleCollection.cpp.o
/build/amule-git/src/amule/src/utils/aLinkCreator/src/md4.cpp: In member function â€˜void MD4::MD4Update(MD4Context*, const unsigned char*, size_t)â€™:
/build/amule-git/src/amule/src/utils/aLinkCreator/src/md4.cpp:81:21: warning: ISO C++17 does not allow â€˜registerâ€™ storage class specifier [-Wregister]
   81 |   register uint32_t t;
      |                     ^
/build/amule-git/src/amule/src/utils/aLinkCreator/src/md4.cpp: In member function â€˜void MD4::MD4Transform(uint32_t*, const uint32_t*)â€™:
/build/amule-git/src/amule/src/utils/aLinkCreator/src/md4.cpp:196:21: warning: ISO C++17 does not allow â€˜registerâ€™ storage class specifier [-Wregister]
  196 |   register uint32_t a, b, c, d;
      |                     ^
/build/amule-git/src/amule/src/utils/aLinkCreator/src/md4.cpp:196:24: warning: ISO C++17 does not allow â€˜registerâ€™ storage class specifier [-Wregister]
  196 |   register uint32_t a, b, c, d;
      |                        ^
/build/amule-git/src/amule/src/utils/aLinkCreator/src/md4.cpp:196:27: warning: ISO C++17 does not allow â€˜registerâ€™ storage class specifier [-Wregister]
  196 |   register uint32_t a, b, c, d;
      |                           ^
/build/amule-git/src/amule/src/utils/aLinkCreator/src/md4.cpp:196:30: warning: ISO C++17 does not allow â€˜registerâ€™ storage class specifier [-Wregister]
  196 |   register uint32_t a, b, c, d;
      |                              ^
[ 30%] Building CXX object unittests/tests/CMakeFiles/CTagTest.dir/__/__/src/MemFile.cpp.o
[ 30%] Building CXX object src/CMakeFiles/muleappcore.dir/FileArea.cpp.o
[ 31%] Linking CXX executable wxcas
[ 31%] Building CXX object unittests/tests/CMakeFiles/CUInt128Test.dir/__/__/src/libs/common/Format.cpp.o
[ 31%] Building CXX object src/CMakeFiles/muleappcore.dir/FileAutoClose.cpp.o
[ 31%] Building C object unittests/tests/CMakeFiles/CUInt128Test.dir/__/__/src/libs/common/strerror_r.c.o
[ 31%] Building CXX object unittests/tests/CMakeFiles/CTagTest.dir/__/__/src/Tag.cpp.o
[ 31%] Linking CXX executable alc
[ 32%] Building CXX object unittests/tests/CMakeFiles/CTagTest.dir/__/__/src/libs/common/Format.cpp.o
[ 32%] Building C object unittests/tests/CMakeFiles/CTagTest.dir/__/__/src/libs/common/strerror_r.c.o
[ 32%] Building CXX object src/CMakeFiles/muleappcommon.dir/NetworkFunctions.cpp.o
[ 32%] Building CXX object src/CMakeFiles/muleappgui.dir/MuleColour.cpp.o
[ 32%] Building CXX object src/CMakeFiles/muleappgui.dir/MuleGifCtrl.cpp.o
[ 33%] Building CXX object src/CMakeFiles/muleappcore.dir/PlatformSpecific.cpp.o
[ 33%] Building CXX object src/CMakeFiles/muleappcommon.dir/OtherFunctions.cpp.o
[ 34%] Building CXX object src/CMakeFiles/muleappcommon.dir/Packet.cpp.o
[ 34%] Linking CXX static library libec.a
[ 34%] Built target ec
[ 34%] Building CXX object src/CMakeFiles/muleappcommon.dir/RLE.cpp.o
[ 34%] Building CXX object src/CMakeFiles/muleappcommon.dir/SafeFile.cpp.o
[ 34%] Linking CXX executable CUInt128Test
[ 34%] Building CXX object src/CMakeFiles/muleappcore.dir/RandomFunctions.cpp.o
[ 34%] Building CXX object src/CMakeFiles/muleappcommon.dir/SHA.cpp.o
[ 35%] Building CXX object src/CMakeFiles/muleappgui.dir/MuleListCtrl.cpp.o
[ 35%] Building CXX object src/CMakeFiles/muleappgui.dir/MuleNotebook.cpp.o
[ 36%] Building CXX object src/CMakeFiles/muleappcommon.dir/Tag.cpp.o
[ 36%] Building CXX object src/CMakeFiles/muleappcore.dir/RC4Encrypt.cpp.o
[ 36%] Building CXX object src/CMakeFiles/muleappgui.dir/MuleTextCtrl.cpp.o
[ 36%] Linking CXX executable CTagTest
[ 36%] Building CXX object src/CMakeFiles/muleappcore.dir/StateMachine.cpp.o
[ 36%] Building CXX object src/CMakeFiles/muleappcommon.dir/TerminationProcess.cpp.o
[ 36%] Building CXX object src/CMakeFiles/muleappcommon.dir/Timer.cpp.o
[ 37%] Building CXX object src/CMakeFiles/muleappcore.dir/TerminationProcessAmuleweb.cpp.o
[ 37%] Building CXX object src/CMakeFiles/muleappgui.dir/muuli_wdr.cpp.o
[ 37%] Building CXX object src/CMakeFiles/muleappcore.dir/ThreadScheduler.cpp.o
[ 37%] Building CXX object src/CMakeFiles/muleappcore.dir/UPnPBase.cpp.o
[ 37%] Built target wxcas
[ 37%] Built target alc
[ 37%] Built target CUInt128Test
[ 37%] Linking CXX static library libmuleappcommon.a
[ 37%] Built target muleappcommon
[ 37%] Linking CXX static library libmuleappcore.a
[ 37%] Built target muleappcore
[ 37%] Built target CTagTest
[ 37%] Linking CXX static library libmuleappgui.a
[ 37%] Built target muleappgui
make: *** [Makefile:146: all] Error 2
[1m[31m==> ERROR:(B[m[1m A failure occurred in build().(B[m
[1m    Aborting...(B[m
