-- cmake version 4.2
-- The C compiler identification is GNU 15.2.1
-- The CXX compiler identification is GNU 15.2.1
-- Detecting C compiler ABI info
-- Detecting C compiler ABI info - done
-- Check for working C compiler: /usr/bin/cc - skipped
-- Detecting C compile features
-- Detecting C compile features - done
-- Detecting CXX compiler ABI info
-- Detecting CXX compiler ABI info - done
-- Check for working CXX compiler: /usr/bin/c++ - skipped
-- Detecting CXX compile features
-- Detecting CXX compile features - done
-- override default CMAKE_INSTALL_PREFIX = /usr
-- Detected an UNKNOWN Linux machine
-- toolchain options processed
-- Found PkgConfig: /usr/bin/pkg-config (found version "2.5.1")
-- Performing Test HAS_MACRO_PREFIX_MAP_FLAG
-- Performing Test HAS_MACRO_PREFIX_MAP_FLAG - Success
-- Compilation from within a git repository. Using git rev-parse HEAD
-- Looking for __GLIBC__
-- Looking for __GLIBC__ - found
-- Looking for include file strings.h
-- Looking for include file strings.h - found
-- Looking for include file string.h
-- Looking for include file string.h - found
-- Performing Test CMAKE_HAVE_LIBC_PTHREAD
-- Performing Test CMAKE_HAVE_LIBC_PTHREAD - Success
-- Found Threads: TRUE
-- found krb5-config here /usr/bin/krb5-config
-- Found kerberos 5 headers: /include
-- Found kerberos 5 libs:    /usr/lib/libkrb5.so;/usr/lib/libk5crypto.so;/usr/lib/libcom_err.so;/usr/lib/libgssapi_krb5.so
-- Looking for include file gssapi.h
-- Looking for include file gssapi.h - found
-- Looking for include file sys/acl.h
-- Looking for include file sys/acl.h - found
-- Looking for include file acl/libacl.h
-- Looking for include file acl/libacl.h - found
-- Looking for acl_get_file in acl
-- Looking for acl_get_file in acl - found
-- Looking for acl_get_fd_np
-- Looking for acl_get_fd_np - not found
-- Looking for acl_set_fd_np
-- Looking for acl_set_fd_np - not found
-- Found BTRFS Util library: /usr/lib/libbtrfsutil.so
-- Looking for open_by_handle in handle
-- Looking for open_by_handle in handle - found
-- Looking for include file xfs/xfs.h
-- Looking for include file xfs/xfs.h - found
-- Found JeMalloc: /usr/lib/libjemalloc.so
-- Checking for module 'dbus-1'
--   Found dbus-1, version 1.16.2
-- Found nfs idmap library: /usr/lib/libnfsidmap.so
-- Looking for wbcLookupSids in wbclient
-- Looking for wbcLookupSids in wbclient - found
-- Looking for 3 include files stdint.h, ..., wbclient.h
-- Looking for 3 include files stdint.h, ..., wbclient.h - found
-- Performing Test WBCLIENT4_H
-- Performing Test WBCLIENT4_H - Success
-- Found Winbind4 client: 
-- Looking for cap_set_proc in cap
-- Looking for cap_set_proc in cap - found
-- Found Caps: /usr/lib/libcap.so
-- Looking for include file blkid/blkid.h
-- Looking for include file blkid/blkid.h - found
-- Looking for blkid_devno_to_devname in blkid
-- Looking for blkid_devno_to_devname in blkid - found
-- Looking for include file uuid/uuid.h
-- Looking for include file uuid/uuid.h - found
-- Looking for uuid_parse in uuid
-- Looking for uuid_parse in uuid - found
-- Looking for daemon in c
-- Looking for daemon in c - found
-- Found Unwind: /usr/lib/libunwind.so
-- libunwind found: /usr/lib/libunwind.so
-- OVERRIDE_INSTALL_PREFIX = 
-- found krb5-config here /usr/bin/krb5-config
-- Found kerberos 5 headers: /include
-- Found kerberos 5 libs:    /usr/lib/libkrb5.so;/usr/lib/libk5crypto.so;/usr/lib/libcom_err.so;/usr/lib/libgssapi_krb5.so;/usr/lib/libkrb5.so;/usr/lib/libk5crypto.so;/usr/lib/libcom_err.so;/usr/lib/libgssapi_krb5.so
-- Looking for include file stdbool.h
-- Looking for include file stdbool.h - found
-- Looking for include file sys/epoll.h
-- Looking for include file sys/epoll.h - found
-- Looking for epoll_create
-- Looking for epoll_create - found
-- Found EPOLL: 1
-- Found Winbind4 client: 
-- Found NSL: /usr/lib/libnsl.so
-- 
-- -------------------------------------------------------
-- TIRPC_EPOLL = TRUE
-- USE_RPC_RDMA = OFF
-- USE_GSS = ON
-- USE_PROFILE = OFF
-- USE_LTTNG_NTIRPC = OFF
-- USE_MONITORING = ON
-- PROXY_PROTOCOL_PARSE_COMMON_NETWORK_ID = OFF
-- Using ntirpc submodule
/build/nfs-ganesha-git/src/nfs-ganesha/src/libntirpc/ntirpc/
-- Looking for urcu_ref_get_unless_zero
-- Looking for urcu_ref_get_unless_zero - found
-- Found BISON: /usr/bin/bison (found version "3.8.2")
-- Found FLEX: /usr/bin/flex (found version "2.6.4")
CMake Warning at monitoring/CMakeLists.txt:18 (message):
  procps library not found; please install procps lib for ganesha resource
  related metrics


-- 
-- -------------------------------------------------------
-- PLATFORM = LINUX
-- ARCH = x86_64
-- VERSION = 9.2
-- BUILD HOST = 
-- C COMPILER = GNU
-- C COMPILER VERSION = 15.2.1
-- -------------------------------------------------------
-- USE_FSAL_PROXY_V4 = ON
-- USE_FSAL_PROXY_V3 = DEFAULT_ON
-- USE_FSAL_VFS = ON
-- USE_FSAL_LUSTRE = OFF
-- USE_FSAL_LIZARDFS = OFF
-- USE_FSAL_KVSFS = OFF
-- USE_FSAL_CEPH = OFF
-- USE_FSAL_CEPH_MKNOD = 
-- USE_FSAL_CEPH_SETLK = 
-- USE_FSAL_CEPH_LL_LOOKUP_ROOT = 
-- USE_FSAL_CEPH_STATX = 
-- USE_FSAL_CEPH_LL_DELEGATION = 
-- USE_FSAL_CEPH_LL_SYNC_INODE = 
-- USE_FSAL_CEPH_ABORT_CONN = 
-- USE_FSAL_CEPH_RECLAIM_RESET = 
-- USE_FSAL_CEPH_GET_FS_CID = 
-- USE_FSAL_CEPH_STATX = 
-- USE_FSAL_CEPH_FS_NONBLOCKING_IO = 
-- USE_FSAL_CEPH_FS_ZEROCOPY_IO = 
-- USE_FSAL_RGW = OFF
-- USE_FSAL_SAUNAFS = ON
-- USE_FSAL_XFS = ON
-- USE_FSAL_GPFS = ON
-- USE_FSAL_GLUSTER = OFF
-- USE_FSAL_NULL = ON
-- USE_FSAL_MEM = ON
-- GSH_CAN_HOST_LOCAL_FS = ON
-- USE_SYSTEM_NTIRPC = OFF
-- USE_DBUS = ON
-- USE_CB_SIMULATOR = OFF
-- USE_BTRFSUTIL = ON
-- USE_NFSIDMAP = ON
-- USE_RELATIVE_FILE_PATHS_IN_LOGS = ON
-- ENABLE_ERROR_INJECTION = OFF
-- ENABLE_VFS_POSIX_ACL = OFF
-- ENABLE_VFS_DEBUG_ACL = OFF
-- ENABLE_RFC_ACL = OFF
-- CEPHFS_POSIX_ACL = DEFAULT_ON
-- USE_MONITORING = ON
-- USE_CAPS = ON
-- USE_BLKID = ON
-- DISTNAME_HAS_GIT_DATA = OFF
-- _MSPAC_SUPPORT = ON
-- USE_EFENCE = OFF
-- _NO_TCP_REGISTER = OFF
-- RPCBIND = ON
-- DEBUG_SAL = OFF
-- _VALGRIND_MEMCHECK = OFF
-- ENABLE_LOCKTRACE = OFF
-- PROXYV4_HANDLE_MAPPING = OFF
-- DEBUG_MDCACHE = OFF
-- ENABLE_QOS = OFF
-- DEBUG_SYMS = OFF
-- COVERAGE = OFF
-- ENFORCE_GCC = OFF
-- USE_GTEST = OFF
-- USE_GSS = ON
-- TIRPC_EPOLL = TRUE
-- USE_9P = ON
-- _USE_9P = ON
-- _USE_9P_RDMA = OFF
-- USE_NFS_RDMA = OFF
-- USE_RPC_RDMA = OFF
-- USE_NFS3 = ON
-- USE_NLM = ON
-- USE_NFSACL3 = ON
-- USE_ACL_MAPPING = ON
-- KRB5_PREFIX = 
-- CEPH_PREFIX = 
-- RGW_PREFIX = 
-- GLUSTER_PREFIX = 
-- CMAKE_PREFIX_PATH = 
-- _GIT_HEAD_COMMIT = e3536906849d1b42dc177242f7d01f745fbf93c9
-- _GIT_HEAD_COMMIT_ABBREV = e353690
-- _GIT_DESCRIBE = V9.2-0-ge35369068
-- ALLOCATOR = jemalloc
-- GOLD_LINKER = 
-- CMAKE_INSTALL_PREFIX = /usr
-- FSAL_DESTINATION = /usr/lib/ganesha
-- USE_ADMIN_TOOLS = OFF
-- USE_GUI_ADMIN_TOOLS = ON
-- MODULES_PATH = 
-- USE_LTTNG = OFF
-- USE_VSOCK = OFF
-- USE_TOOL_MULTILOCK = OFF
-- USE_MAN_PAGE = ON
-- USE_RADOS_RECOV = OFF
-- RADOS_URLS = OFF
-- USE_CUNIT = OFF
-- USE_UNWIND = ON
-- SANITIZE_ADDRESS = OFF
-- Found LSB_release: /usr/bin/lsb_release
-- Found Doxygen: /usr/bin/doxygen (found version "1.15.0") found components: doxygen dot
-- Configuring done (3.5s)
-- Generating done (0.2s)
-- Build files have been written to: /build/nfs-ganesha-git/src/build
[  0%] [BISON][ConfigParser] Building parser with bison 3.8.2
[  1%] Building CXX object libntirpc/src/monitoring/CMakeFiles/ntirpcmonitoring.dir/monitoring.cc.o
[  1%] Building C object hashtable/CMakeFiles/hashtable.dir/hashtable.c.o
[  1%] Building C object dbus/CMakeFiles/gshdbus.dir/dbus_server.c.o
[  2%] Building C object Protocols/NLM/CMakeFiles/nlm.dir/nlm_Cancel.c.o
[  2%] Building C object Protocols/NFS/CMakeFiles/nfs4callbacks.dir/nfs4_cb_Compound.c.o
[  2%] Building C object avl/CMakeFiles/avltree.dir/avl.c.o
[  2%] Building C object support/CMakeFiles/netgroup_cache.dir/netgroup_cache.c.o
[  2%] Building C object RPCAL/CMakeFiles/rpcal.dir/connection_manager.c.o
[  2%] Building C object SAL/CMakeFiles/sal.dir/sal_metrics.c.o
[  2%] Building C object support/CMakeFiles/string_utils.dir/strlcpy.c.o
[  3%] Building C object log/CMakeFiles/log.dir/display.c.o
[  3%] Building C object Protocols/XDR/CMakeFiles/nfs_mnt_xdr.dir/xdr_mount.c.o
[  3%] Building C object support/CMakeFiles/hash.dir/murmur3.c.o
[  3%] Building C object Protocols/RQUOTA/CMakeFiles/rquota.dir/rquota_Null.c.o
[  3%] Building C object Protocols/9P/CMakeFiles/9p.dir/9p_interpreter.c.o
[  3%] Building C object support/CMakeFiles/support.dir/nfs4_acls.c.o
[  3%] Building C object Protocols/NFSACL/CMakeFiles/nfsacl.dir/nfsacl_Null.c.o
[  3%] Building C object Protocols/NFS/CMakeFiles/nfsproto.dir/nfs4_Compound.c.o
[  3%] Building C object support/CMakeFiles/uid2grp.dir/uid2grp.c.o
[  4%] Building C object support/CMakeFiles/string_utils.dir/strnlen.c.o
[  4%] Building C object support/CMakeFiles/hash.dir/city.c.o
[  4%] Building C object avl/CMakeFiles/avltree.dir/bst.c.o
[  4%] [FLEX][ConfigScanner] Building scanner with flex 2.6.4
[  4%] Building C object log/CMakeFiles/log.dir/log_functions.c.o
[  4%] Building C object support/CMakeFiles/string_utils.dir/refstr.c.o
[  5%] Building C object avl/CMakeFiles/avltree.dir/rb.c.o
[  5%] Built target hash
[  5%] Built target netgroup_cache
[  6%] Building C object config_parsing/CMakeFiles/config_parsing.dir/analyse.c.o
[  6%] Building C object support/CMakeFiles/uid2grp.dir/uid2grp_cache.c.o
[  6%] Building C object Protocols/RQUOTA/CMakeFiles/rquota.dir/rquota_getquota.c.o
[  6%] Building C object support/CMakeFiles/support.dir/nfs_creds.c.o
[  6%] Built target string_utils
[  6%] Building C object avl/CMakeFiles/avltree.dir/splay.c.o
[  6%] Built target hashtable
[  6%] Building C object Protocols/NLM/CMakeFiles/nlm.dir/nlm_Free_All.c.o
[  7%] Building C object SAL/CMakeFiles/sal.dir/state_async.c.o
[  7%] Building C object Protocols/NLM/CMakeFiles/nlm.dir/nlm_Granted_Res.c.o
[  7%] Building C object Protocols/XDR/CMakeFiles/nfs_mnt_xdr.dir/xdr_nfs23.c.o
[  7%] Built target nfs4callbacks
[  7%] Building C object Protocols/9P/CMakeFiles/9p.dir/9p_proto_tools.c.o
[  8%] Building C object Protocols/NFSACL/CMakeFiles/nfsacl.dir/nfsacl_setacl.c.o
[  8%] Building C object Protocols/NFSACL/CMakeFiles/nfsacl.dir/nfsacl_getacl.c.o
[  8%] Built target avltree
[  8%] Building C object config_parsing/CMakeFiles/config_parsing.dir/config_parsing.c.o
[  8%] Building C object Protocols/9P/CMakeFiles/9p.dir/9p_read_conf.c.o
[  8%] Building C object dbus/CMakeFiles/gshdbus.dir/properties_handler.c.o
[  8%] Building C object os/CMakeFiles/gos.dir/linux/acl.c.o
[  9%] Building C object os/CMakeFiles/gos.dir/linux/subr.c.o
/build/nfs-ganesha-git/src/nfs-ganesha/src/log/log_functions.c: In function ‘gsh_libunwind’:
[ 10%] Building C object RPCAL/CMakeFiles/rpcal.dir/nfs_dupreq.c.o
/build/nfs-ganesha-git/src/nfs-ganesha/src/log/log_functions.c:2813:41: warning: ignoring return value of ‘write’ declared with attribute ‘warn_unused_result’ [-Wunused-result]
 2813 |                                         write(fd, buffer, n);
      |                                         ^~~~~~~~~~~~~~~~~~~~
/build/nfs-ganesha-git/src/nfs-ganesha/src/log/log_functions.c:2830:41: warning: ignoring return value of ‘write’ declared with attribute ‘warn_unused_result’ [-Wunused-result]
 2830 |                                         write(fd, buffer, n);
      |                                         ^~~~~~~~~~~~~~~~~~~~
[ 10%] Building C object RPCAL/CMakeFiles/rpcal.dir/connection_manager_metrics.c.o
[ 10%] Building C object Protocols/RQUOTA/CMakeFiles/rquota.dir/rquota_getactivequota.c.o
[ 10%] Built target uid2grp
[ 11%] Building C object Protocols/RQUOTA/CMakeFiles/rquota.dir/rquota_setquota.c.o
[ 11%] Building C object RPCAL/CMakeFiles/rpcal.dir/rpc_tools.c.o
[ 11%] Building C object Protocols/RQUOTA/CMakeFiles/rquota.dir/rquota_setactivequota.c.o
[ 11%] Building C object Protocols/RQUOTA/CMakeFiles/rquota.dir/rquota_common.c.o
[ 12%] Building C object support/CMakeFiles/support.dir/nfs_filehandle_mgmt.c.o
[ 12%] Building C object RPCAL/CMakeFiles/rpcal.dir/gss_credcache.c.o
[ 12%] Building C object SAL/CMakeFiles/sal.dir/state_lock.c.o
[ 12%] Building C object Protocols/NLM/CMakeFiles/nlm.dir/nlm_Lock.c.o
[ 12%] Built target log
[ 12%] Building C object dbus/CMakeFiles/gshdbus.dir/signal_handler.c.o
[ 12%] Building C object Protocols/NFS/CMakeFiles/nfsproto.dir/nfs4_op_access.c.o
[ 12%] Building C object SAL/CMakeFiles/sal.dir/state_share.c.o
[ 12%] Built target gos
[ 12%] Building C object SAL/CMakeFiles/sal.dir/state_misc.c.o
[ 13%] Building C object Protocols/9P/CMakeFiles/9p.dir/9p_attach.c.o
[ 13%] Building C object SAL/CMakeFiles/sal.dir/state_layout.c.o
[ 13%] Building C object Protocols/XDR/CMakeFiles/nfs_mnt_xdr.dir/xdr_nfsv41.c.o
[ 13%] Building C object config_parsing/CMakeFiles/config_parsing.dir/conf_url.c.o
[ 13%] Built target nfsacl
[ 13%] Building C object RPCAL/CMakeFiles/rpcal.dir/gss_extra.c.o
[ 13%] Building C object Protocols/XDR/CMakeFiles/nfs_mnt_xdr.dir/xdr_nlm4.c.o
[ 14%] Building C object dbus/CMakeFiles/gshdbus.dir/dbus_heartbeat.c.o
[ 15%] Building C object Protocols/NFS/CMakeFiles/nfsproto.dir/nfs4_op_allocate.c.o
[ 16%] Building C object Protocols/XDR/CMakeFiles/nfs_mnt_xdr.dir/xdr_nsm.c.o
[ 16%] Building C object Protocols/NFS/CMakeFiles/nfsproto.dir/nfs4_op_bind_conn.c.o
[ 16%] Built target rquota
[ 16%] Building C object Protocols/XDR/CMakeFiles/nfs_mnt_xdr.dir/xdr_nfsacl.c.o
[ 16%] Building CXX object monitoring/CMakeFiles/ganesha_monitoring.dir/prometheus_exposer.cc.o
/build/nfs-ganesha-git/src/nfs-ganesha/src/libntirpc/src/monitoring/monitoring.cc:43:20: error: ‘prometheus::Counter’ is not a template
   43 | using CounterInt = prometheus::Counter<int64_t>;
      |                    ^~~~~~~~~~
/build/nfs-ganesha-git/src/nfs-ganesha/src/libntirpc/src/monitoring/monitoring.cc:44:18: error: ‘prometheus::Gauge’ is not a template
   44 | using GaugeInt = prometheus::Gauge<int64_t>;
      |                  ^~~~~~~~~~
/build/nfs-ganesha-git/src/nfs-ganesha/src/libntirpc/src/monitoring/monitoring.cc:45:22: error: ‘prometheus::Histogram’ is not a template
   45 | using HistogramInt = prometheus::Histogram<int64_t>;
      |                      ^~~~~~~~~~
/build/nfs-ganesha-git/src/nfs-ganesha/src/libntirpc/src/monitoring/monitoring.cc:46:25: error: ‘prometheus::Histogram’ is not a template
   46 | using HistogramDouble = prometheus::Histogram<double>;
      |                         ^~~~~~~~~~
/build/nfs-ganesha-git/src/nfs-ganesha/src/libntirpc/src/monitoring/monitoring.cc:49:29: error: aggregate ‘prometheus::Registry ntirpc_monitoring::registry’ has incomplete type and cannot be defined
   49 | static prometheus::Registry registry;
      |                             ^~~~~~~~
[ 17%] Building C object Protocols/9P/CMakeFiles/9p.dir/9p_auth.c.o
[ 17%] Building C object config_parsing/CMakeFiles/config_parsing.dir/conf_yacc.c.o
[ 17%] Building C object support/CMakeFiles/support.dir/nfs_read_conf.c.o
/build/nfs-ganesha-git/src/nfs-ganesha/src/libntirpc/src/monitoring/monitoring.cc: In function ‘counter_metric_handle_t ntirpc_monitoring::monitoring__register_counter(const char*, metric_metadata_t, const metric_label_t*, uint16_t)’:
/build/nfs-ganesha-git/src/nfs-ganesha/src/libntirpc/src/monitoring/monitoring.cc:118:37: error: ‘Builder’ is not a member of ‘prometheus’; did you mean ‘prometheus::detail::Builder’?
  118 |         auto &counter = prometheus::Builder<CounterInt>()
      |                                     ^~~~~~~
In file included from /usr/include/prometheus/counter.h:4,
                 from /build/nfs-ganesha-git/src/nfs-ganesha/src/libntirpc/src/monitoring/monitoring.cc:36:
/usr/include/prometheus/detail/builder.h:19:7: note: ‘prometheus::detail::Builder’ declared here
   19 | class Builder {
      |       ^~~~~~~
/build/nfs-ganesha-git/src/nfs-ganesha/src/libntirpc/src/monitoring/monitoring.cc:118:55: error: expected primary-expression before ‘>’ token
  118 |         auto &counter = prometheus::Builder<CounterInt>()
      |                                                       ^
/build/nfs-ganesha-git/src/nfs-ganesha/src/libntirpc/src/monitoring/monitoring.cc:118:57: error: expected primary-expression before ‘)’ token
  118 |         auto &counter = prometheus::Builder<CounterInt>()
      |                                                         ^
/build/nfs-ganesha-git/src/nfs-ganesha/src/libntirpc/src/monitoring/monitoring.cc: In function ‘gauge_metric_handle_t ntirpc_monitoring::monitoring__register_gauge(const char*, metric_metadata_t, const metric_label_t*, uint16_t)’:
/build/nfs-ganesha-git/src/nfs-ganesha/src/libntirpc/src/monitoring/monitoring.cc:131:35: error: ‘Builder’ is not a member of ‘prometheus’; did you mean ‘prometheus::detail::Builder’?
  131 |         auto &gauge = prometheus::Builder<GaugeInt>()
      |                                   ^~~~~~~
/usr/include/prometheus/detail/builder.h:19:7: note: ‘prometheus::detail::Builder’ declared here
   19 | class Builder {
      |       ^~~~~~~
/build/nfs-ganesha-git/src/nfs-ganesha/src/libntirpc/src/monitoring/monitoring.cc:131:51: error: expected primary-expression before ‘>’ token
  131 |         auto &gauge = prometheus::Builder<GaugeInt>()
      |                                                   ^
/build/nfs-ganesha-git/src/nfs-ganesha/src/libntirpc/src/monitoring/monitoring.cc:131:53: error: expected primary-expression before ‘)’ token
  131 |         auto &gauge = prometheus::Builder<GaugeInt>()
      |                                                     ^
/build/nfs-ganesha-git/src/nfs-ganesha/src/libntirpc/src/monitoring/monitoring.cc: In function ‘histogram_metric_handle_t ntirpc_monitoring::monitoring__register_histogram(const char*, metric_metadata_t, const metric_label_t*, uint16_t, histogram_buckets_t)’:
/build/nfs-ganesha-git/src/nfs-ganesha/src/libntirpc/src/monitoring/monitoring.cc:147:29: error: ‘Builder’ is not a member of ‘prometheus’; did you mean ‘prometheus::detail::Builder’?
  147 |                 prometheus::Builder<HistogramInt>()
      |                             ^~~~~~~
/usr/include/prometheus/detail/builder.h:19:7: note: ‘prometheus::detail::Builder’ declared here
   19 | class Builder {
      |       ^~~~~~~
/build/nfs-ganesha-git/src/nfs-ganesha/src/libntirpc/src/monitoring/monitoring.cc:147:49: error: expected primary-expression before ‘>’ token
  147 |                 prometheus::Builder<HistogramInt>()
      |                                                 ^
/build/nfs-ganesha-git/src/nfs-ganesha/src/libntirpc/src/monitoring/monitoring.cc:147:51: error: expected primary-expression before ‘)’ token
  147 |                 prometheus::Builder<HistogramInt>()
      |                                                   ^
[ 18%] Building C object config_parsing/CMakeFiles/config_parsing.dir/conf_lex.c.o
[ 18%] Building C object Protocols/9P/CMakeFiles/9p.dir/9p_clunk.c.o
[ 19%] Building C object Protocols/NLM/CMakeFiles/nlm.dir/nlm_Null.c.o
[ 19%] Building C object Protocols/9P/CMakeFiles/9p.dir/9p_flush.c.o
[ 19%] Built target rpcal
[ 20%] Building CXX object monitoring/CMakeFiles/ganesha_monitoring.dir/dynamic_metrics.cc.o
[ 20%] Building C object FSAL/Stackable_FSALs/FSAL_MDCACHE/CMakeFiles/fsalmdcache.dir/mdcache_handle.c.o
[ 20%] Building C object FSAL/FSAL_PSEUDO/CMakeFiles/fsalpseudo.dir/handle.c.o
[ 20%] Building C object FSAL/Stackable_FSALs/FSAL_MDCACHE/CMakeFiles/fsalmdcache.dir/mdcache_file.c.o
make[2]: *** [libntirpc/src/monitoring/CMakeFiles/ntirpcmonitoring.dir/build.make:79: libntirpc/src/monitoring/CMakeFiles/ntirpcmonitoring.dir/monitoring.cc.o] Error 1
make[1]: *** [CMakeFiles/Makefile2:1455: libntirpc/src/monitoring/CMakeFiles/ntirpcmonitoring.dir/all] Error 2
make[1]: *** Waiting for unfinished jobs....
[ 20%] Building C object FSAL/Stackable_FSALs/FSAL_MDCACHE/CMakeFiles/fsalmdcache.dir/mdcache_xattrs.c.o
[ 21%] Building C object FSAL/Stackable_FSALs/FSAL_MDCACHE/CMakeFiles/fsalmdcache.dir/mdcache_main.c.o
[ 21%] Building C object Protocols/XDR/CMakeFiles/nfs_mnt_xdr.dir/xdr_rquota.c.o
[ 21%] Built target gshdbus
[ 21%] Building C object Protocols/9P/CMakeFiles/9p.dir/9p_flush_hook.c.o
[ 21%] Building C object SAL/CMakeFiles/sal.dir/state_deleg.c.o
[ 21%] Building C object support/CMakeFiles/support.dir/nfs_convert.c.o
[ 21%] Building C object FSAL/Stackable_FSALs/FSAL_MDCACHE/CMakeFiles/fsalmdcache.dir/mdcache_export.c.o
[ 21%] Building C object Protocols/NFS/CMakeFiles/nfsproto.dir/nfs4_op_close.c.o
[ 21%] Building C object SAL/CMakeFiles/sal.dir/nfs4_clientid.c.o
[ 21%] Building C object FSAL/Stackable_FSALs/FSAL_MDCACHE/CMakeFiles/fsalmdcache.dir/mdcache_helpers.c.o
[ 21%] Built target config_parsing
[ 21%] Building C object FSAL/Stackable_FSALs/FSAL_MDCACHE/CMakeFiles/fsalmdcache.dir/mdcache_lru.c.o
[ 21%] Building C object Protocols/NLM/CMakeFiles/nlm.dir/nlm_Share.c.o
[ 21%] Built target nfs_mnt_xdr
[ 21%] Building C object SAL/CMakeFiles/sal.dir/nfs4_state.c.o
[ 21%] Building C object SAL/CMakeFiles/sal.dir/nfs4_lease.c.o
[ 22%] Building C object SAL/CMakeFiles/sal.dir/nfs4_state_id.c.o
[ 23%] Building C object FSAL/FSAL_PSEUDO/CMakeFiles/fsalpseudo.dir/main.c.o
[ 23%] Building C object support/CMakeFiles/support.dir/nfs_ip_name.c.o
[ 24%] Building C object Protocols/NFS/CMakeFiles/nfsproto.dir/nfs4_op_commit.c.o
[ 24%] Building C object support/CMakeFiles/support.dir/ds.c.o
[ 24%] Building C object FSAL/Stackable_FSALs/FSAL_MDCACHE/CMakeFiles/fsalmdcache.dir/mdcache_hash.c.o
[ 24%] Building C object Protocols/NFS/CMakeFiles/nfsproto.dir/nfs4_op_create.c.o
[ 24%] Building C object support/CMakeFiles/support.dir/exports.c.o
[ 25%] Building C object Protocols/9P/CMakeFiles/9p.dir/9p_getattr.c.o
[ 25%] Building C object Protocols/9P/CMakeFiles/9p.dir/9p_getlock.c.o
[ 25%] Building C object FSAL/FSAL_PSEUDO/CMakeFiles/fsalpseudo.dir/export.c.o
[ 25%] Building C object Protocols/NLM/CMakeFiles/nlm.dir/nlm_Sm_Notify.c.o
[ 25%] Building C object SAL/CMakeFiles/sal.dir/nfs4_recovery.c.o
[ 25%] Building C object support/CMakeFiles/support.dir/fridgethr.c.o
[ 26%] Building C object FSAL/Stackable_FSALs/FSAL_MDCACHE/CMakeFiles/fsalmdcache.dir/mdcache_avl.c.o
[ 26%] Building C object SAL/CMakeFiles/sal.dir/nfs41_session_id.c.o
In file included from /build/nfs-ganesha-git/src/nfs-ganesha/src/monitoring/prometheus_exposer.cc:42:
/build/nfs-ganesha-git/src/nfs-ganesha/src/monitoring/include/prometheus_exposer.h:62:22: error: ‘prometheus::Histogram’ is not a template
   62 | using HistogramInt = prometheus::Histogram<int64_t>;
      |                      ^~~~~~~~~~
/build/nfs-ganesha-git/src/nfs-ganesha/src/monitoring/include/prometheus_exposer.h:74:23: error: ‘Family’ in ‘using ganesha_monitoring::HistogramInt = class prometheus::Histogram’ {aka ‘class prometheus::Histogram’} does not name a type
   74 |         HistogramInt::Family &scrapingLatencies_;
      |                       ^~~~~~
/build/nfs-ganesha-git/src/nfs-ganesha/src/monitoring/include/prometheus_exposer.h:75:9: error: ‘prometheus::Histogram’ is not a template
   75 |         prometheus::Histogram<int64_t> &successLatencies_;
      |         ^~~~~~~~~~
/build/nfs-ganesha-git/src/nfs-ganesha/src/monitoring/include/prometheus_exposer.h:76:9: error: ‘prometheus::Histogram’ is not a template
   76 |         prometheus::Histogram<int64_t> &failureLatencies_;
      |         ^~~~~~~~~~
[ 26%] Building C object SAL/CMakeFiles/sal.dir/nfs4_owner.c.o
/build/nfs-ganesha-git/src/nfs-ganesha/src/monitoring/prometheus_exposer.cc:141:41: error: ‘prometheus::Metric’ has not been declared
  141 | static bool is_metric_empty(prometheus::Metric::Type type,
      |                                         ^~~~~~
/build/nfs-ganesha-git/src/nfs-ganesha/src/monitoring/prometheus_exposer.cc:142:54: error: expected primary-expression before ‘&’ token
  142 |                             prometheus::ClientMetric &metric)
      |                                                      ^
/build/nfs-ganesha-git/src/nfs-ganesha/src/monitoring/prometheus_exposer.cc:142:55: error: ‘metric’ was not declared in this scope
  142 |                             prometheus::ClientMetric &metric)
      |                                                       ^~~~~~
/build/nfs-ganesha-git/src/nfs-ganesha/src/monitoring/prometheus_exposer.cc:142:61: error: expression list treated as compound expression in initializer [-fpermissive]
  142 |                             prometheus::ClientMetric &metric)
      |                                                             ^
/build/nfs-ganesha-git/src/nfs-ganesha/src/monitoring/prometheus_exposer.cc: In function ‘void ganesha_monitoring::compact_family(prometheus::MetricFamily&)’:
/build/nfs-ganesha-git/src/nfs-ganesha/src/monitoring/prometheus_exposer.cc:164:22: error: ‘remove_if’ is not a member of ‘std’; did you mean ‘remove_cv’?
  164 |                 std::remove_if(family.metric.begin(), family.metric.end(),
      |                      ^~~~~~~~~
      |                      remove_cv
/build/nfs-ganesha-git/src/nfs-ganesha/src/monitoring/prometheus_exposer.cc: In constructor ‘ganesha_monitoring::PrometheusExposer::PrometheusExposer(prometheus::Registry&)’:
/build/nfs-ganesha-git/src/nfs-ganesha/src/monitoring/prometheus_exposer.cc:185:11: error: class ‘ganesha_monitoring::PrometheusExposer’ does not have any field named ‘scrapingLatencies_’
  185 |         , scrapingLatencies_(
      |           ^~~~~~~~~~~~~~~~~~
/build/nfs-ganesha-git/src/nfs-ganesha/src/monitoring/prometheus_exposer.cc:186:31: error: ‘Builder’ is not a member of ‘prometheus’; did you mean ‘prometheus::detail::Builder’?
  186 |                   prometheus::Builder<HistogramInt>()
      |                               ^~~~~~~
In file included from /usr/include/prometheus/counter.h:4,
                 from /usr/include/prometheus/histogram.h:7,
                 from /build/nfs-ganesha-git/src/nfs-ganesha/src/monitoring/include/prometheus_exposer.h:48:
/usr/include/prometheus/detail/builder.h:19:7: note: ‘prometheus::detail::Builder’ declared here
   19 | class Builder {
      |       ^~~~~~~
/build/nfs-ganesha-git/src/nfs-ganesha/src/monitoring/prometheus_exposer.cc:186:51: error: expected primary-expression before ‘>’ token
  186 |                   prometheus::Builder<HistogramInt>()
      |                                                   ^
/build/nfs-ganesha-git/src/nfs-ganesha/src/monitoring/prometheus_exposer.cc:186:53: error: expected primary-expression before ‘)’ token
  186 |                   prometheus::Builder<HistogramInt>()
      |                                                     ^
/build/nfs-ganesha-git/src/nfs-ganesha/src/monitoring/prometheus_exposer.cc:190:29: error: ‘scrapingLatencies_’ was not declared in this scope
  190 |         , successLatencies_(scrapingLatencies_.Add({ { kStatus, kSuccess } },
      |                             ^~~~~~~~~~~~~~~~~~
/build/nfs-ganesha-git/src/nfs-ganesha/src/monitoring/prometheus_exposer.cc: In instantiation of ‘class ganesha_monitoring::SocketStreambuf<>’:
/build/nfs-ganesha-git/src/nfs-ganesha/src/monitoring/prometheus_exposer.cc:297:47:   required from here
  297 |                 SocketStreambuf<> socket_streambuf(client_fd);
      |                                                             ^
/build/nfs-ganesha-git/src/nfs-ganesha/src/monitoring/prometheus_exposer.cc:132:32: error: ‘ganesha_monitoring::SocketStreambuf<size>::buffer_’ has incomplete type
  132 |         std::array<char, size> buffer_{};
      |                                ^~~~~~~
In file included from /usr/include/c++/15.2.1/bits/stl_algobase.h:64,
                 from /usr/include/c++/15.2.1/string:53,
                 from /usr/include/c++/15.2.1/bits/locale_classes.h:42,
                 from /usr/include/c++/15.2.1/bits/ios_base.h:43,
                 from /usr/include/c++/15.2.1/streambuf:45,
                 from /build/nfs-ganesha-git/src/nfs-ganesha/src/monitoring/prometheus_exposer.cc:35:
/usr/include/c++/15.2.1/bits/stl_pair.h:99:12: note: declaration of ‘struct std::array<char, 4096>’
   99 |     struct array;
      |            ^~~~~
/build/nfs-ganesha-git/src/nfs-ganesha/src/monitoring/prometheus_exposer.cc: In static member function ‘static void* ganesha_monitoring::PrometheusExposer::server_thread(void*)’:
/build/nfs-ganesha-git/src/nfs-ganesha/src/monitoring/prometheus_exposer.cc:298:44: error: variable ‘std::ostream socket_ostream’ has initializer but incomplete type
  298 |                 std::ostream socket_ostream(&socket_streambuf);
      |                                            ^
/build/nfs-ganesha-git/src/nfs-ganesha/src/monitoring/prometheus_exposer.cc:44:1: note: ‘std::ostream’ is defined in header ‘<ostream>’; this is probably fixable by adding ‘#include <ostream>’
   43 | #include "dynamic_metrics.h"
  +++ |+#include <ostream>
   44 | 
[ 27%] Building C object SAL/CMakeFiles/sal.dir/recovery/recovery_fs.c.o
[ 27%] Building C object SAL/CMakeFiles/sal.dir/recovery/recovery_fs_ng.c.o
[ 27%] Building C object Protocols/NFS/CMakeFiles/nfsproto.dir/nfs4_op_delegpurge.c.o
[ 27%] Building C object SAL/CMakeFiles/sal.dir/nlm_owner.c.o
[ 28%] Building C object Protocols/NFS/CMakeFiles/nfsproto.dir/nfs4_op_create_session.c.o
[ 28%] Building C object SAL/CMakeFiles/sal.dir/nlm_state.c.o
[ 29%] Building C object SAL/CMakeFiles/sal.dir/9p_owner.c.o
[ 29%] Building C object FSAL/Stackable_FSALs/FSAL_MDCACHE/CMakeFiles/fsalmdcache.dir/mdcache_read_conf.c.o
[ 29%] Building C object Protocols/NLM/CMakeFiles/nlm.dir/nlm_Test.c.o
make[2]: *** [monitoring/CMakeFiles/ganesha_monitoring.dir/build.make:79: monitoring/CMakeFiles/ganesha_monitoring.dir/prometheus_exposer.cc.o] Error 1
make[2]: *** Waiting for unfinished jobs....
/build/nfs-ganesha-git/src/nfs-ganesha/src/monitoring/dynamic_metrics.cc:54:20: error: ‘prometheus::Counter’ is not a template
   54 | using CounterInt = prometheus::Counter<int64_t>;
      |                    ^~~~~~~~~~
/build/nfs-ganesha-git/src/nfs-ganesha/src/monitoring/dynamic_metrics.cc:55:18: error: ‘prometheus::Gauge’ is not a template
   55 | using GaugeInt = prometheus::Gauge<int64_t>;
      |                  ^~~~~~~~~~
/build/nfs-ganesha-git/src/nfs-ganesha/src/monitoring/dynamic_metrics.cc:56:21: error: ‘prometheus::Gauge’ is not a template
   56 | using GaugeDouble = prometheus::Gauge<double>;
      |                     ^~~~~~~~~~
/build/nfs-ganesha-git/src/nfs-ganesha/src/monitoring/dynamic_metrics.cc:58:22: error: ‘prometheus::Histogram’ is not a template
   58 | using HistogramInt = prometheus::Histogram<int64_t>;
      |                      ^~~~~~~~~~
/build/nfs-ganesha-git/src/nfs-ganesha/src/monitoring/dynamic_metrics.cc:59:25: error: ‘prometheus::Histogram’ is not a template
   59 | using HistogramDouble = prometheus::Histogram<double>;
      |                         ^~~~~~~~~~
/build/nfs-ganesha-git/src/nfs-ganesha/src/monitoring/dynamic_metrics.cc:81:21: error: ‘Family’ in ‘using ganesha_monitoring::CounterInt = class prometheus::Counter’ {aka ‘class prometheus::Counter’} does not name a type
   81 |         CounterInt::Family &mdcacheCacheHitsTotal;
      |                     ^~~~~~
/build/nfs-ganesha-git/src/nfs-ganesha/src/monitoring/dynamic_metrics.cc:82:21: error: ‘Family’ in ‘using ganesha_monitoring::CounterInt = class prometheus::Counter’ {aka ‘class prometheus::Counter’} does not name a type
   82 |         CounterInt::Family &mdcacheCacheMissesTotal;
      |                     ^~~~~~
/build/nfs-ganesha-git/src/nfs-ganesha/src/monitoring/dynamic_metrics.cc:83:21: error: ‘Family’ in ‘using ganesha_monitoring::CounterInt = class prometheus::Counter’ {aka ‘class prometheus::Counter’} does not name a type
   83 |         CounterInt::Family &mdcacheCacheHitsByExportTotal;
      |                     ^~~~~~
/build/nfs-ganesha-git/src/nfs-ganesha/src/monitoring/dynamic_metrics.cc:84:21: error: ‘Family’ in ‘using ganesha_monitoring::CounterInt = class prometheus::Counter’ {aka ‘class prometheus::Counter’} does not name a type
   84 |         CounterInt::Family &mdcacheCacheMissesByExportTotal;
      |                     ^~~~~~
/build/nfs-ganesha-git/src/nfs-ganesha/src/monitoring/dynamic_metrics.cc:85:21: error: ‘Family’ in ‘using ganesha_monitoring::CounterInt = class prometheus::Counter’ {aka ‘class prometheus::Counter’} does not name a type
   85 |         CounterInt::Family &rpcsReceivedTotal;
      |                     ^~~~~~
/build/nfs-ganesha-git/src/nfs-ganesha/src/monitoring/dynamic_metrics.cc:86:21: error: ‘Family’ in ‘using ganesha_monitoring::CounterInt = class prometheus::Counter’ {aka ‘class prometheus::Counter’} does not name a type
   86 |         CounterInt::Family &rpcsCompletedTotal;
      |                     ^~~~~~
/build/nfs-ganesha-git/src/nfs-ganesha/src/monitoring/dynamic_metrics.cc:87:21: error: ‘Family’ in ‘using ganesha_monitoring::CounterInt = class prometheus::Counter’ {aka ‘class prometheus::Counter’} does not name a type
   87 |         CounterInt::Family &errorsByVersionOperationStatus;
      |                     ^~~~~~
/build/nfs-ganesha-git/src/nfs-ganesha/src/monitoring/dynamic_metrics.cc:92:21: error: ‘Family’ in ‘using ganesha_monitoring::CounterInt = class prometheus::Counter’ {aka ‘class prometheus::Counter’} does not name a type
   92 |         CounterInt::Family &clientRequestsTotal;
      |                     ^~~~~~
/build/nfs-ganesha-git/src/nfs-ganesha/src/monitoring/dynamic_metrics.cc:93:21: error: ‘Family’ in ‘using ganesha_monitoring::CounterInt = class prometheus::Counter’ {aka ‘class prometheus::Counter’} does not name a type
   93 |         CounterInt::Family &clientBytesReceivedTotal;
      |                     ^~~~~~
/build/nfs-ganesha-git/src/nfs-ganesha/src/monitoring/dynamic_metrics.cc:94:21: error: ‘Family’ in ‘using ganesha_monitoring::CounterInt = class prometheus::Counter’ {aka ‘class prometheus::Counter’} does not name a type
   94 |         CounterInt::Family &clientBytesSentTotal;
      |                     ^~~~~~
/build/nfs-ganesha-git/src/nfs-ganesha/src/monitoring/dynamic_metrics.cc:97:19: error: ‘Family’ in ‘using ganesha_monitoring::GaugeInt = class prometheus::Gauge’ {aka ‘class prometheus::Gauge’} does not name a type
   97 |         GaugeInt::Family &rpcsInFlight;
      |                   ^~~~~~
/build/nfs-ganesha-git/src/nfs-ganesha/src/monitoring/dynamic_metrics.cc:98:19: error: ‘Family’ in ‘using ganesha_monitoring::GaugeInt = class prometheus::Gauge’ {aka ‘class prometheus::Gauge’} does not name a type
   98 |         GaugeInt::Family &lastClientUpdate;
      |                   ^~~~~~
/build/nfs-ganesha-git/src/nfs-ganesha/src/monitoring/dynamic_metrics.cc:99:22: error: ‘Family’ in ‘using ganesha_monitoring::GaugeDouble = class prometheus::Gauge’ {aka ‘class prometheus::Gauge’} does not name a type
   99 |         GaugeDouble::Family &memoryrss;
      |                      ^~~~~~
/build/nfs-ganesha-git/src/nfs-ganesha/src/monitoring/dynamic_metrics.cc:100:22: error: ‘Family’ in ‘using ganesha_monitoring::GaugeDouble = class prometheus::Gauge’ {aka ‘class prometheus::Gauge’} does not name a type
  100 |         GaugeDouble::Family &memoryvirtualsize;
      |                      ^~~~~~
/build/nfs-ganesha-git/src/nfs-ganesha/src/monitoring/dynamic_metrics.cc:101:22: error: ‘Family’ in ‘using ganesha_monitoring::GaugeDouble = class prometheus::Gauge’ {aka ‘class prometheus::Gauge’} does not name a type
  101 |         GaugeDouble::Family &memoryswapsize;
      |                      ^~~~~~
/build/nfs-ganesha-git/src/nfs-ganesha/src/monitoring/dynamic_metrics.cc:102:22: error: ‘Family’ in ‘using ganesha_monitoring::GaugeDouble = class prometheus::Gauge’ {aka ‘class prometheus::Gauge’} does not name a type
  102 |         GaugeDouble::Family &cpuutilization;
      |                      ^~~~~~
/build/nfs-ganesha-git/src/nfs-ganesha/src/monitoring/dynamic_metrics.cc:105:21: error: ‘Family’ in ‘using ganesha_monitoring::CounterInt = class prometheus::Counter’ {aka ‘class prometheus::Counter’} does not name a type
  105 |         CounterInt::Family &requestsTotalByOperation;
      |                     ^~~~~~
/build/nfs-ganesha-git/src/nfs-ganesha/src/monitoring/dynamic_metrics.cc:106:21: error: ‘Family’ in ‘using ganesha_monitoring::CounterInt = class prometheus::Counter’ {aka ‘class prometheus::Counter’} does not name a type
  106 |         CounterInt::Family &bytesReceivedTotalByOperation;
      |                     ^~~~~~
/build/nfs-ganesha-git/src/nfs-ganesha/src/monitoring/dynamic_metrics.cc:107:21: error: ‘Family’ in ‘using ganesha_monitoring::CounterInt = class prometheus::Counter’ {aka ‘class prometheus::Counter’} does not name a type
  107 |         CounterInt::Family &bytesSentTotalByOperation;
      |                     ^~~~~~
/build/nfs-ganesha-git/src/nfs-ganesha/src/monitoring/dynamic_metrics.cc:108:23: error: ‘Family’ in ‘using ganesha_monitoring::HistogramInt = class prometheus::Histogram’ {aka ‘class prometheus::Histogram’} does not name a type
  108 |         HistogramInt::Family &requestSizeByOperation;
      |                       ^~~~~~
/build/nfs-ganesha-git/src/nfs-ganesha/src/monitoring/dynamic_metrics.cc:109:23: error: ‘Family’ in ‘using ganesha_monitoring::HistogramInt = class prometheus::Histogram’ {aka ‘class prometheus::Histogram’} does not name a type
  109 |         HistogramInt::Family &responseSizeByOperation;
      |                       ^~~~~~
/build/nfs-ganesha-git/src/nfs-ganesha/src/monitoring/dynamic_metrics.cc:110:26: error: ‘Family’ in ‘using ganesha_monitoring::HistogramDouble = class prometheus::Histogram’ {aka ‘class prometheus::Histogram’} does not name a type
  110 |         HistogramDouble::Family &latencyByOperation;
      |                          ^~~~~~
/build/nfs-ganesha-git/src/nfs-ganesha/src/monitoring/dynamic_metrics.cc:113:21: error: ‘Family’ in ‘using ganesha_monitoring::CounterInt = class prometheus::Counter’ {aka ‘class prometheus::Counter’} does not name a type
  113 |         CounterInt::Family &requestsTotalByOperationExport;
      |                     ^~~~~~
/build/nfs-ganesha-git/src/nfs-ganesha/src/monitoring/dynamic_metrics.cc:114:21: error: ‘Family’ in ‘using ganesha_monitoring::CounterInt = class prometheus::Counter’ {aka ‘class prometheus::Counter’} does not name a type
  114 |         CounterInt::Family &bytesReceivedTotalByOperationExport;
      |                     ^~~~~~
/build/nfs-ganesha-git/src/nfs-ganesha/src/monitoring/dynamic_metrics.cc:115:21: error: ‘Family’ in ‘using ganesha_monitoring::CounterInt = class prometheus::Counter’ {aka ‘class prometheus::Counter’} does not name a type
  115 |         CounterInt::Family &bytesSentTotalByOperationExport;
      |                     ^~~~~~
/build/nfs-ganesha-git/src/nfs-ganesha/src/monitoring/dynamic_metrics.cc:116:23: error: ‘Family’ in ‘using ganesha_monitoring::HistogramInt = class prometheus::Histogram’ {aka ‘class prometheus::Histogram’} does not name a type
  116 |         HistogramInt::Family &requestSizeByOperationExport;
      |                       ^~~~~~
/build/nfs-ganesha-git/src/nfs-ganesha/src/monitoring/dynamic_metrics.cc:117:23: error: ‘Family’ in ‘using ganesha_monitoring::HistogramInt = class prometheus::Histogram’ {aka ‘class prometheus::Histogram’} does not name a type
  117 |         HistogramInt::Family &responseSizeByOperationExport;
      |                       ^~~~~~
/build/nfs-ganesha-git/src/nfs-ganesha/src/monitoring/dynamic_metrics.cc:118:26: error: ‘Family’ in ‘using ganesha_monitoring::HistogramDouble = class prometheus::Histogram’ {aka ‘class prometheus::Histogram’} does not name a type
  118 |         HistogramDouble::Family &latencyByOperationExport;
      |                          ^~~~~~
/build/nfs-ganesha-git/src/nfs-ganesha/src/monitoring/dynamic_metrics.cc: In constructor ‘ganesha_monitoring::DynamicMetrics::DynamicMetrics(prometheus::Registry&)’:
/build/nfs-ganesha-git/src/nfs-ganesha/src/monitoring/dynamic_metrics.cc:123:9: error: class ‘ganesha_monitoring::DynamicMetrics’ does not have any field named ‘mdcacheCacheHitsTotal’
  123 |         mdcacheCacheHitsTotal(
      |         ^~~~~~~~~~~~~~~~~~~~~
/build/nfs-ganesha-git/src/nfs-ganesha/src/monitoring/dynamic_metrics.cc:124:29: error: ‘Builder’ is not a member of ‘prometheus’; did you mean ‘prometheus::detail::Builder’?
  124 |                 prometheus::Builder<CounterInt>()
      |                             ^~~~~~~
In file included from /usr/include/prometheus/counter.h:4,
                 from /build/nfs-ganesha-git/src/nfs-ganesha/src/monitoring/dynamic_metrics.cc:36:
/usr/include/prometheus/detail/builder.h:19:7: note: ‘prometheus::detail::Builder’ declared here
   19 | class Builder {
      |       ^~~~~~~
/build/nfs-ganesha-git/src/nfs-ganesha/src/monitoring/dynamic_metrics.cc:124:47: error: expected primary-expression before ‘>’ token
  124 |                 prometheus::Builder<CounterInt>()
      |                                               ^
/build/nfs-ganesha-git/src/nfs-ganesha/src/monitoring/dynamic_metrics.cc:124:49: error: expected primary-expression before ‘)’ token
  124 |                 prometheus::Builder<CounterInt>()
      |                                                 ^
/build/nfs-ganesha-git/src/nfs-ganesha/src/monitoring/dynamic_metrics.cc:128:11: error: class ‘ganesha_monitoring::DynamicMetrics’ does not have any field named ‘mdcacheCacheMissesTotal’
  128 |         , mdcacheCacheMissesTotal(
      |           ^~~~~~~~~~~~~~~~~~~~~~~
/build/nfs-ganesha-git/src/nfs-ganesha/src/monitoring/dynamic_metrics.cc:129:31: error: ‘Builder’ is not a member of ‘prometheus’; did you mean ‘prometheus::detail::Builder’?
  129 |                   prometheus::Builder<CounterInt>()
      |                               ^~~~~~~
/usr/include/prometheus/detail/builder.h:19:7: note: ‘prometheus::detail::Builder’ declared here
   19 | class Builder {
      |       ^~~~~~~
/build/nfs-ganesha-git/src/nfs-ganesha/src/monitoring/dynamic_metrics.cc:129:49: error: expected primary-expression before ‘>’ token
  129 |                   prometheus::Builder<CounterInt>()
      |                                                 ^
/build/nfs-ganesha-git/src/nfs-ganesha/src/monitoring/dynamic_metrics.cc:129:51: error: expected primary-expression before ‘)’ token
  129 |                   prometheus::Builder<CounterInt>()
      |                                                   ^
/build/nfs-ganesha-git/src/nfs-ganesha/src/monitoring/dynamic_metrics.cc:133:11: error: class ‘ganesha_monitoring::DynamicMetrics’ does not have any field named ‘mdcacheCacheHitsByExportTotal’
  133 |         , mdcacheCacheHitsByExportTotal(
      |           ^~~~~~~~~~~~~~~~~~~~~~~~~~~~~
/build/nfs-ganesha-git/src/nfs-ganesha/src/monitoring/dynamic_metrics.cc:134:31: error: ‘Builder’ is not a member of ‘prometheus’; did you mean ‘prometheus::detail::Builder’?
  134 |                   prometheus::Builder<CounterInt>()
      |                               ^~~~~~~
/usr/include/prometheus/detail/builder.h:19:7: note: ‘prometheus::detail::Builder’ declared here
   19 | class Builder {
      |       ^~~~~~~
/build/nfs-ganesha-git/src/nfs-ganesha/src/monitoring/dynamic_metrics.cc:134:49: error: expected primary-expression before ‘>’ token
  134 |                   prometheus::Builder<CounterInt>()
      |                                                 ^
/build/nfs-ganesha-git/src/nfs-ganesha/src/monitoring/dynamic_metrics.cc:134:51: error: expected primary-expression before ‘)’ token
  134 |                   prometheus::Builder<CounterInt>()
      |                                                   ^
/build/nfs-ganesha-git/src/nfs-ganesha/src/monitoring/dynamic_metrics.cc:138:11: error: class ‘ganesha_monitoring::DynamicMetrics’ does not have any field named ‘mdcacheCacheMissesByExportTotal’
  138 |         , mdcacheCacheMissesByExportTotal(
      |           ^~~~~~~~~~~~~~~~~~~~~~~~~~~~~~~
/build/nfs-ganesha-git/src/nfs-ganesha/src/monitoring/dynamic_metrics.cc:139:31: error: ‘Builder’ is not a member of ‘prometheus’; did you mean ‘prometheus::detail::Builder’?
  139 |                   prometheus::Builder<CounterInt>()
      |                               ^~~~~~~
/usr/include/prometheus/detail/builder.h:19:7: note: ‘prometheus::detail::Builder’ declared here
   19 | class Builder {
      |       ^~~~~~~
/build/nfs-ganesha-git/src/nfs-ganesha/src/monitoring/dynamic_metrics.cc:139:49: error: expected primary-expression before ‘>’ token
  139 |                   prometheus::Builder<CounterInt>()
      |                                                 ^
/build/nfs-ganesha-git/src/nfs-ganesha/src/monitoring/dynamic_metrics.cc:139:51: error: expected primary-expression before ‘)’ token
  139 |                   prometheus::Builder<CounterInt>()
      |                                                   ^
/build/nfs-ganesha-git/src/nfs-ganesha/src/monitoring/dynamic_metrics.cc:143:11: error: class ‘ganesha_monitoring::DynamicMetrics’ does not have any field named ‘rpcsReceivedTotal’
  143 |         , rpcsReceivedTotal(prometheus::Builder<CounterInt>()
      |           ^~~~~~~~~~~~~~~~~
/build/nfs-ganesha-git/src/nfs-ganesha/src/monitoring/dynamic_metrics.cc:143:41: error: ‘Builder’ is not a member of ‘prometheus’; did you mean ‘prometheus::detail::Builder’?
  143 |         , rpcsReceivedTotal(prometheus::Builder<CounterInt>()
      |                                         ^~~~~~~
/usr/include/prometheus/detail/builder.h:19:7: note: ‘prometheus::detail::Builder’ declared here
   19 | class Builder {
      |       ^~~~~~~
/build/nfs-ganesha-git/src/nfs-ganesha/src/monitoring/dynamic_metrics.cc:143:59: error: expected primary-expression before ‘>’ token
  143 |         , rpcsReceivedTotal(prometheus::Builder<CounterInt>()
      |                                                           ^
/build/nfs-ganesha-git/src/nfs-ganesha/src/monitoring/dynamic_metrics.cc:143:61: error: expected primary-expression before ‘)’ token
  143 |         , rpcsReceivedTotal(prometheus::Builder<CounterInt>()
      |                                                             ^
/build/nfs-ganesha-git/src/nfs-ganesha/src/monitoring/dynamic_metrics.cc:147:11: error: class ‘ganesha_monitoring::DynamicMetrics’ does not have any field named ‘rpcsCompletedTotal’
  147 |         , rpcsCompletedTotal(prometheus::Builder<CounterInt>()
      |           ^~~~~~~~~~~~~~~~~~
/build/nfs-ganesha-git/src/nfs-ganesha/src/monitoring/dynamic_metrics.cc:147:42: error: ‘Builder’ is not a member of ‘prometheus’; did you mean ‘prometheus::detail::Builder’?
  147 |         , rpcsCompletedTotal(prometheus::Builder<CounterInt>()
      |                                          ^~~~~~~
/usr/include/prometheus/detail/builder.h:19:7: note: ‘prometheus::detail::Builder’ declared here
   19 | class Builder {
      |       ^~~~~~~
/build/nfs-ganesha-git/src/nfs-ganesha/src/monitoring/dynamic_metrics.cc:147:60: error: expected primary-expression before ‘>’ token
  147 |         , rpcsCompletedTotal(prometheus::Builder<CounterInt>()
      |                                                            ^
/build/nfs-ganesha-git/src/nfs-ganesha/src/monitoring/dynamic_metrics.cc:147:62: error: expected primary-expression before ‘)’ token
  147 |         , rpcsCompletedTotal(prometheus::Builder<CounterInt>()
      |                                                              ^
/build/nfs-ganesha-git/src/nfs-ganesha/src/monitoring/dynamic_metrics.cc:151:11: error: class ‘ganesha_monitoring::DynamicMetrics’ does not have any field named ‘errorsByVersionOperationStatus’
  151 |         , errorsByVersionOperationStatus(
      |           ^~~~~~~~~~~~~~~~~~~~~~~~~~~~~~
/build/nfs-ganesha-git/src/nfs-ganesha/src/monitoring/dynamic_metrics.cc:152:31: error: ‘Builder’ is not a member of ‘prometheus’; did you mean ‘prometheus::detail::Builder’?
  152 |                   prometheus::Builder<CounterInt>()
      |                               ^~~~~~~
/usr/include/prometheus/detail/builder.h:19:7: note: ‘prometheus::detail::Builder’ declared here
   19 | class Builder {
      |       ^~~~~~~
/build/nfs-ganesha-git/src/nfs-ganesha/src/monitoring/dynamic_metrics.cc:152:49: error: expected primary-expression before ‘>’ token
  152 |                   prometheus::Builder<CounterInt>()
      |                                                 ^
/build/nfs-ganesha-git/src/nfs-ganesha/src/monitoring/dynamic_metrics.cc:152:51: error: expected primary-expression before ‘)’ token
  152 |                   prometheus::Builder<CounterInt>()
      |                                                   ^
/build/nfs-ganesha-git/src/nfs-ganesha/src/monitoring/dynamic_metrics.cc:159:9: error: class ‘ganesha_monitoring::DynamicMetrics’ does not have any field named ‘clientRequestsTotal’
  159 |         clientRequestsTotal(prometheus::Builder<CounterInt>()
      |         ^~~~~~~~~~~~~~~~~~~
/build/nfs-ganesha-git/src/nfs-ganesha/src/monitoring/dynamic_metrics.cc:159:41: error: ‘Builder’ is not a member of ‘prometheus’; did you mean ‘prometheus::detail::Builder’?
  159 |         clientRequestsTotal(prometheus::Builder<CounterInt>()
      |                                         ^~~~~~~
/usr/include/prometheus/detail/builder.h:19:7: note: ‘prometheus::detail::Builder’ declared here
   19 | class Builder {
      |       ^~~~~~~
/build/nfs-ganesha-git/src/nfs-ganesha/src/monitoring/dynamic_metrics.cc:159:59: error: expected primary-expression before ‘>’ token
  159 |         clientRequestsTotal(prometheus::Builder<CounterInt>()
      |                                                           ^
/build/nfs-ganesha-git/src/nfs-ganesha/src/monitoring/dynamic_metrics.cc:159:61: error: expected primary-expression before ‘)’ token
  159 |         clientRequestsTotal(prometheus::Builder<CounterInt>()
      |                                                             ^
/build/nfs-ganesha-git/src/nfs-ganesha/src/monitoring/dynamic_metrics.cc:163:11: error: class ‘ganesha_monitoring::DynamicMetrics’ does not have any field named ‘clientBytesReceivedTotal’
  163 |         , clientBytesReceivedTotal(
      |           ^~~~~~~~~~~~~~~~~~~~~~~~
/build/nfs-ganesha-git/src/nfs-ganesha/src/monitoring/dynamic_metrics.cc:164:31: error: ‘Builder’ is not a member of ‘prometheus’; did you mean ‘prometheus::detail::Builder’?
  164 |                   prometheus::Builder<CounterInt>()
      |                               ^~~~~~~
/usr/include/prometheus/detail/builder.h:19:7: note: ‘prometheus::detail::Builder’ declared here
   19 | class Builder {
      |       ^~~~~~~
/build/nfs-ganesha-git/src/nfs-ganesha/src/monitoring/dynamic_metrics.cc:164:49: error: expected primary-expression before ‘>’ token
  164 |                   prometheus::Builder<CounterInt>()
      |                                                 ^
/build/nfs-ganesha-git/src/nfs-ganesha/src/monitoring/dynamic_metrics.cc:164:51: error: expected primary-expression before ‘)’ token
  164 |                   prometheus::Builder<CounterInt>()
      |                                                   ^
/build/nfs-ganesha-git/src/nfs-ganesha/src/monitoring/dynamic_metrics.cc:168:11: error: class ‘ganesha_monitoring::DynamicMetrics’ does not have any field named ‘clientBytesSentTotal’
  168 |         , clientBytesSentTotal(
      |           ^~~~~~~~~~~~~~~~~~~~
/build/nfs-ganesha-git/src/nfs-ganesha/src/monitoring/dynamic_metrics.cc:169:31: error: ‘Builder’ is not a member of ‘prometheus’; did you mean ‘prometheus::detail::Builder’?
  169 |                   prometheus::Builder<CounterInt>()
      |                               ^~~~~~~
/usr/include/prometheus/detail/builder.h:19:7: note: ‘prometheus::detail::Builder’ declared here
   19 | class Builder {
      |       ^~~~~~~
/build/nfs-ganesha-git/src/nfs-ganesha/src/monitoring/dynamic_metrics.cc:169:49: error: expected primary-expression before ‘>’ token
  169 |                   prometheus::Builder<CounterInt>()
      |                                                 ^
/build/nfs-ganesha-git/src/nfs-ganesha/src/monitoring/dynamic_metrics.cc:169:51: error: expected primary-expression before ‘)’ token
  169 |                   prometheus::Builder<CounterInt>()
      |                                                   ^
/build/nfs-ganesha-git/src/nfs-ganesha/src/monitoring/dynamic_metrics.cc:176:9: error: class ‘ganesha_monitoring::DynamicMetrics’ does not have any field named ‘rpcsInFlight’
  176 |         rpcsInFlight(
      |         ^~~~~~~~~~~~
/build/nfs-ganesha-git/src/nfs-ganesha/src/monitoring/dynamic_metrics.cc:177:29: error: ‘Builder’ is not a member of ‘prometheus’; did you mean ‘prometheus::detail::Builder’?
  177 |                 prometheus::Builder<GaugeInt>()
      |                             ^~~~~~~
/usr/include/prometheus/detail/builder.h:19:7: note: ‘prometheus::detail::Builder’ declared here
   19 | class Builder {
      |       ^~~~~~~
/build/nfs-ganesha-git/src/nfs-ganesha/src/monitoring/dynamic_metrics.cc:177:45: error: expected primary-expression before ‘>’ token
  177 |                 prometheus::Builder<GaugeInt>()
      |                                             ^
/build/nfs-ganesha-git/src/nfs-ganesha/src/monitoring/dynamic_metrics.cc:177:47: error: expected primary-expression before ‘)’ token
  177 |                 prometheus::Builder<GaugeInt>()
      |                                               ^
/build/nfs-ganesha-git/src/nfs-ganesha/src/monitoring/dynamic_metrics.cc:181:11: error: class ‘ganesha_monitoring::DynamicMetrics’ does not have any field named ‘lastClientUpdate’
  181 |         , lastClientUpdate(prometheus::Builder<GaugeInt>()
      |           ^~~~~~~~~~~~~~~~
/build/nfs-ganesha-git/src/nfs-ganesha/src/monitoring/dynamic_metrics.cc:181:40: error: ‘Builder’ is not a member of ‘prometheus’; did you mean ‘prometheus::detail::Builder’?
  181 |         , lastClientUpdate(prometheus::Builder<GaugeInt>()
      |                                        ^~~~~~~
/usr/include/prometheus/detail/builder.h:19:7: note: ‘prometheus::detail::Builder’ declared here
   19 | class Builder {
      |       ^~~~~~~
/build/nfs-ganesha-git/src/nfs-ganesha/src/monitoring/dynamic_metrics.cc:181:56: error: expected primary-expression before ‘>’ token
  181 |         , lastClientUpdate(prometheus::Builder<GaugeInt>()
      |                                                        ^
/build/nfs-ganesha-git/src/nfs-ganesha/src/monitoring/dynamic_metrics.cc:181:58: error: expected primary-expression before ‘)’ token
  181 |         , lastClientUpdate(prometheus::Builder<GaugeInt>()
      |                                                          ^
/build/nfs-ganesha-git/src/nfs-ganesha/src/monitoring/dynamic_metrics.cc:185:11: error: class ‘ganesha_monitoring::DynamicMetrics’ does not have any field named ‘memoryrss’
  185 |         , memoryrss(
      |           ^~~~~~~~~
/build/nfs-ganesha-git/src/nfs-ganesha/src/monitoring/dynamic_metrics.cc:190:11: error: class ‘ganesha_monitoring::DynamicMetrics’ does not have any field named ‘memoryvirtualsize’
  190 |         , memoryvirtualsize(
      |           ^~~~~~~~~~~~~~~~~
/build/nfs-ganesha-git/src/nfs-ganesha/src/monitoring/dynamic_metrics.cc:195:11: error: class ‘ganesha_monitoring::DynamicMetrics’ does not have any field named ‘memoryswapsize’
  195 |         , memoryswapsize(
      |           ^~~~~~~~~~~~~~
/build/nfs-ganesha-git/src/nfs-ganesha/src/monitoring/dynamic_metrics.cc:200:11: error: class ‘ganesha_monitoring::DynamicMetrics’ does not have any field named ‘cpuutilization’
  200 |         , cpuutilization(
      |           ^~~~~~~~~~~~~~
/build/nfs-ganesha-git/src/nfs-ganesha/src/monitoring/dynamic_metrics.cc:208:9: error: class ‘ganesha_monitoring::DynamicMetrics’ does not have any field named ‘requestsTotalByOperation’
  208 |         requestsTotalByOperation(prometheus::Builder<CounterInt>()
      |         ^~~~~~~~~~~~~~~~~~~~~~~~
/build/nfs-ganesha-git/src/nfs-ganesha/src/monitoring/dynamic_metrics.cc:208:46: error: ‘Builder’ is not a member of ‘prometheus’; did you mean ‘prometheus::detail::Builder’?
  208 |         requestsTotalByOperation(prometheus::Builder<CounterInt>()
      |                                              ^~~~~~~
/usr/include/prometheus/detail/builder.h:19:7: note: ‘prometheus::detail::Builder’ declared here
   19 | class Builder {
      |       ^~~~~~~
/build/nfs-ganesha-git/src/nfs-ganesha/src/monitoring/dynamic_metrics.cc:208:64: error: expected primary-expression before ‘>’ token
  208 |         requestsTotalByOperation(prometheus::Builder<CounterInt>()
      |                                                                ^
/build/nfs-ganesha-git/src/nfs-ganesha/src/monitoring/dynamic_metrics.cc:208:66: error: expected primary-expression before ‘)’ token
  208 |         requestsTotalByOperation(prometheus::Builder<CounterInt>()
      |                                                                  ^
/build/nfs-ganesha-git/src/nfs-ganesha/src/monitoring/dynamic_metrics.cc:212:11: error: class ‘ganesha_monitoring::DynamicMetrics’ does not have any field named ‘bytesReceivedTotalByOperation’
  212 |         , bytesReceivedTotalByOperation(
      |           ^~~~~~~~~~~~~~~~~~~~~~~~~~~~~
/build/nfs-ganesha-git/src/nfs-ganesha/src/monitoring/dynamic_metrics.cc:213:31: error: ‘Builder’ is not a member of ‘prometheus’; did you mean ‘prometheus::detail::Builder’?
  213 |                   prometheus::Builder<CounterInt>()
      |                               ^~~~~~~
/usr/include/prometheus/detail/builder.h:19:7: note: ‘prometheus::detail::Builder’ declared here
   19 | class Builder {
      |       ^~~~~~~
/build/nfs-ganesha-git/src/nfs-ganesha/src/monitoring/dynamic_metrics.cc:213:49: error: expected primary-expression before ‘>’ token
  213 |                   prometheus::Builder<CounterInt>()
      |                                                 ^
/build/nfs-ganesha-git/src/nfs-ganesha/src/monitoring/dynamic_metrics.cc:213:51: error: expected primary-expression before ‘)’ token
  213 |                   prometheus::Builder<CounterInt>()
      |                                                   ^
/build/nfs-ganesha-git/src/nfs-ganesha/src/monitoring/dynamic_metrics.cc:217:11: error: class ‘ganesha_monitoring::DynamicMetrics’ does not have any field named ‘bytesSentTotalByOperation’
  217 |         , bytesSentTotalByOperation(prometheus::Builder<CounterInt>()
      |           ^~~~~~~~~~~~~~~~~~~~~~~~~
[ 29%] Building C object Protocols/NFS/CMakeFiles/nfsproto.dir/nfs4_op_delegreturn.c.o
/build/nfs-ganesha-git/src/nfs-ganesha/src/monitoring/dynamic_metrics.cc:217:49: error: ‘Builder’ is not a member of ‘prometheus’; did you mean ‘prometheus::detail::Builder’?
  217 |         , bytesSentTotalByOperation(prometheus::Builder<CounterInt>()
      |                                                 ^~~~~~~
/usr/include/prometheus/detail/builder.h:19:7: note: ‘prometheus::detail::Builder’ declared here
   19 | class Builder {
      |       ^~~~~~~
/build/nfs-ganesha-git/src/nfs-ganesha/src/monitoring/dynamic_metrics.cc:217:67: error: expected primary-expression before ‘>’ token
  217 |         , bytesSentTotalByOperation(prometheus::Builder<CounterInt>()
      |                                                                   ^
/build/nfs-ganesha-git/src/nfs-ganesha/src/monitoring/dynamic_metrics.cc:217:69: error: expected primary-expression before ‘)’ token
  217 |         , bytesSentTotalByOperation(prometheus::Builder<CounterInt>()
      |                                                                     ^
/build/nfs-ganesha-git/src/nfs-ganesha/src/monitoring/dynamic_metrics.cc:221:11: error: class ‘ganesha_monitoring::DynamicMetrics’ does not have any field named ‘requestSizeByOperation’
  221 |         , requestSizeByOperation(prometheus::Builder<HistogramInt>()
      |           ^~~~~~~~~~~~~~~~~~~~~~
/build/nfs-ganesha-git/src/nfs-ganesha/src/monitoring/dynamic_metrics.cc:221:46: error: ‘Builder’ is not a member of ‘prometheus’; did you mean ‘prometheus::detail::Builder’?
  221 |         , requestSizeByOperation(prometheus::Builder<HistogramInt>()
      |                                              ^~~~~~~
/usr/include/prometheus/detail/builder.h:19:7: note: ‘prometheus::detail::Builder’ declared here
   19 | class Builder {
      |       ^~~~~~~
/build/nfs-ganesha-git/src/nfs-ganesha/src/monitoring/dynamic_metrics.cc:221:66: error: expected primary-expression before ‘>’ token
  221 |         , requestSizeByOperation(prometheus::Builder<HistogramInt>()
      |                                                                  ^
/build/nfs-ganesha-git/src/nfs-ganesha/src/monitoring/dynamic_metrics.cc:221:68: error: expected primary-expression before ‘)’ token
  221 |         , requestSizeByOperation(prometheus::Builder<HistogramInt>()
      |                                                                    ^
/build/nfs-ganesha-git/src/nfs-ganesha/src/monitoring/dynamic_metrics.cc:225:11: error: class ‘ganesha_monitoring::DynamicMetrics’ does not have any field named ‘responseSizeByOperation’
  225 |         , responseSizeByOperation(prometheus::Builder<HistogramInt>()
      |           ^~~~~~~~~~~~~~~~~~~~~~~
/build/nfs-ganesha-git/src/nfs-ganesha/src/monitoring/dynamic_metrics.cc:225:47: error: ‘Builder’ is not a member of ‘prometheus’; did you mean ‘prometheus::detail::Builder’?
  225 |         , responseSizeByOperation(prometheus::Builder<HistogramInt>()
      |                                               ^~~~~~~
/usr/include/prometheus/detail/builder.h:19:7: note: ‘prometheus::detail::Builder’ declared here
   19 | class Builder {
      |       ^~~~~~~
/build/nfs-ganesha-git/src/nfs-ganesha/src/monitoring/dynamic_metrics.cc:225:67: error: expected primary-expression before ‘>’ token
  225 |         , responseSizeByOperation(prometheus::Builder<HistogramInt>()
      |                                                                   ^
/build/nfs-ganesha-git/src/nfs-ganesha/src/monitoring/dynamic_metrics.cc:225:69: error: expected primary-expression before ‘)’ token
  225 |         , responseSizeByOperation(prometheus::Builder<HistogramInt>()
      |                                                                     ^
/build/nfs-ganesha-git/src/nfs-ganesha/src/monitoring/dynamic_metrics.cc:229:11: error: class ‘ganesha_monitoring::DynamicMetrics’ does not have any field named ‘latencyByOperation’
  229 |         , latencyByOperation(prometheus::Builder<HistogramDouble>()
      |           ^~~~~~~~~~~~~~~~~~
/build/nfs-ganesha-git/src/nfs-ganesha/src/monitoring/dynamic_metrics.cc:229:42: error: ‘Builder’ is not a member of ‘prometheus’; did you mean ‘prometheus::detail::Builder’?
  229 |         , latencyByOperation(prometheus::Builder<HistogramDouble>()
      |                                          ^~~~~~~
/usr/include/prometheus/detail/builder.h:19:7: note: ‘prometheus::detail::Builder’ declared here
   19 | class Builder {
      |       ^~~~~~~
/build/nfs-ganesha-git/src/nfs-ganesha/src/monitoring/dynamic_metrics.cc:229:65: error: expected primary-expression before ‘>’ token
  229 |         , latencyByOperation(prometheus::Builder<HistogramDouble>()
      |                                                                 ^
/build/nfs-ganesha-git/src/nfs-ganesha/src/monitoring/dynamic_metrics.cc:229:67: error: expected primary-expression before ‘)’ token
  229 |         , latencyByOperation(prometheus::Builder<HistogramDouble>()
      |                                                                   ^
/build/nfs-ganesha-git/src/nfs-ganesha/src/monitoring/dynamic_metrics.cc:236:9: error: class ‘ganesha_monitoring::DynamicMetrics’ does not have any field named ‘requestsTotalByOperationExport’
  236 |         requestsTotalByOperationExport(
      |         ^~~~~~~~~~~~~~~~~~~~~~~~~~~~~~
/build/nfs-ganesha-git/src/nfs-ganesha/src/monitoring/dynamic_metrics.cc:237:29: error: ‘Builder’ is not a member of ‘prometheus’; did you mean ‘prometheus::detail::Builder’?
  237 |                 prometheus::Builder<CounterInt>()
      |                             ^~~~~~~
/usr/include/prometheus/detail/builder.h:19:7: note: ‘prometheus::detail::Builder’ declared here
   19 | class Builder {
      |       ^~~~~~~
/build/nfs-ganesha-git/src/nfs-ganesha/src/monitoring/dynamic_metrics.cc:237:47: error: expected primary-expression before ‘>’ token
  237 |                 prometheus::Builder<CounterInt>()
      |                                               ^
/build/nfs-ganesha-git/src/nfs-ganesha/src/monitoring/dynamic_metrics.cc:237:49: error: expected primary-expression before ‘)’ token
  237 |                 prometheus::Builder<CounterInt>()
      |                                                 ^
/build/nfs-ganesha-git/src/nfs-ganesha/src/monitoring/dynamic_metrics.cc:241:11: error: class ‘ganesha_monitoring::DynamicMetrics’ does not have any field named ‘bytesReceivedTotalByOperationExport’
  241 |         , bytesReceivedTotalByOperationExport(
      |           ^~~~~~~~~~~~~~~~~~~~~~~~~~~~~~~~~~~
/build/nfs-ganesha-git/src/nfs-ganesha/src/monitoring/dynamic_metrics.cc:242:31: error: ‘Builder’ is not a member of ‘prometheus’; did you mean ‘prometheus::detail::Builder’?
  242 |                   prometheus::Builder<CounterInt>()
      |                               ^~~~~~~
/usr/include/prometheus/detail/builder.h:19:7: note: ‘prometheus::detail::Builder’ declared here
   19 | class Builder {
      |       ^~~~~~~
/build/nfs-ganesha-git/src/nfs-ganesha/src/monitoring/dynamic_metrics.cc:242:49: error: expected primary-expression before ‘>’ token
  242 |                   prometheus::Builder<CounterInt>()
      |                                                 ^
/build/nfs-ganesha-git/src/nfs-ganesha/src/monitoring/dynamic_metrics.cc:242:51: error: expected primary-expression before ‘)’ token
  242 |                   prometheus::Builder<CounterInt>()
      |                                                   ^
/build/nfs-ganesha-git/src/nfs-ganesha/src/monitoring/dynamic_metrics.cc:246:11: error: class ‘ganesha_monitoring::DynamicMetrics’ does not have any field named ‘bytesSentTotalByOperationExport’
  246 |         , bytesSentTotalByOperationExport(
      |           ^~~~~~~~~~~~~~~~~~~~~~~~~~~~~~~
/build/nfs-ganesha-git/src/nfs-ganesha/src/monitoring/dynamic_metrics.cc:247:31: error: ‘Builder’ is not a member of ‘prometheus’; did you mean ‘prometheus::detail::Builder’?
  247 |                   prometheus::Builder<CounterInt>()
      |                               ^~~~~~~
/usr/include/prometheus/detail/builder.h:19:7: note: ‘prometheus::detail::Builder’ declared here
   19 | class Builder {
      |       ^~~~~~~
/build/nfs-ganesha-git/src/nfs-ganesha/src/monitoring/dynamic_metrics.cc:247:49: error: expected primary-expression before ‘>’ token
  247 |                   prometheus::Builder<CounterInt>()
      |                                                 ^
/build/nfs-ganesha-git/src/nfs-ganesha/src/monitoring/dynamic_metrics.cc:247:51: error: expected primary-expression before ‘)’ token
  247 |                   prometheus::Builder<CounterInt>()
      |                                                   ^
/build/nfs-ganesha-git/src/nfs-ganesha/src/monitoring/dynamic_metrics.cc:251:11: error: class ‘ganesha_monitoring::DynamicMetrics’ does not have any field named ‘requestSizeByOperationExport’
  251 |         , requestSizeByOperationExport(
      |           ^~~~~~~~~~~~~~~~~~~~~~~~~~~~
/build/nfs-ganesha-git/src/nfs-ganesha/src/monitoring/dynamic_metrics.cc:252:31: error: ‘Builder’ is not a member of ‘prometheus’; did you mean ‘prometheus::detail::Builder’?
  252 |                   prometheus::Builder<HistogramInt>()
      |                               ^~~~~~~
/usr/include/prometheus/detail/builder.h:19:7: note: ‘prometheus::detail::Builder’ declared here
   19 | class Builder {
      |       ^~~~~~~
/build/nfs-ganesha-git/src/nfs-ganesha/src/monitoring/dynamic_metrics.cc:252:51: error: expected primary-expression before ‘>’ token
  252 |                   prometheus::Builder<HistogramInt>()
      |                                                   ^
/build/nfs-ganesha-git/src/nfs-ganesha/src/monitoring/dynamic_metrics.cc:252:53: error: expected primary-expression before ‘)’ token
  252 |                   prometheus::Builder<HistogramInt>()
      |                                                     ^
/build/nfs-ganesha-git/src/nfs-ganesha/src/monitoring/dynamic_metrics.cc:256:11: error: class ‘ganesha_monitoring::DynamicMetrics’ does not have any field named ‘responseSizeByOperationExport’
  256 |         , responseSizeByOperationExport(
      |           ^~~~~~~~~~~~~~~~~~~~~~~~~~~~~
/build/nfs-ganesha-git/src/nfs-ganesha/src/monitoring/dynamic_metrics.cc:257:31: error: ‘Builder’ is not a member of ‘prometheus’; did you mean ‘prometheus::detail::Builder’?
  257 |                   prometheus::Builder<HistogramInt>()
      |                               ^~~~~~~
/usr/include/prometheus/detail/builder.h:19:7: note: ‘prometheus::detail::Builder’ declared here
   19 | class Builder {
      |       ^~~~~~~
/build/nfs-ganesha-git/src/nfs-ganesha/src/monitoring/dynamic_metrics.cc:257:51: error: expected primary-expression before ‘>’ token
  257 |                   prometheus::Builder<HistogramInt>()
      |                                                   ^
/build/nfs-ganesha-git/src/nfs-ganesha/src/monitoring/dynamic_metrics.cc:257:53: error: expected primary-expression before ‘)’ token
  257 |                   prometheus::Builder<HistogramInt>()
      |                                                     ^
/build/nfs-ganesha-git/src/nfs-ganesha/src/monitoring/dynamic_metrics.cc:261:11: error: class ‘ganesha_monitoring::DynamicMetrics’ does not have any field named ‘latencyByOperationExport’
  261 |         , latencyByOperationExport(
      |           ^~~~~~~~~~~~~~~~~~~~~~~~
/build/nfs-ganesha-git/src/nfs-ganesha/src/monitoring/dynamic_metrics.cc:262:31: error: ‘Builder’ is not a member of ‘prometheus’; did you mean ‘prometheus::detail::Builder’?
  262 |                   prometheus::Builder<HistogramDouble>()
      |                               ^~~~~~~
/usr/include/prometheus/detail/builder.h:19:7: note: ‘prometheus::detail::Builder’ declared here
   19 | class Builder {
      |       ^~~~~~~
/build/nfs-ganesha-git/src/nfs-ganesha/src/monitoring/dynamic_metrics.cc:262:54: error: expected primary-expression before ‘>’ token
  262 |                   prometheus::Builder<HistogramDouble>()
      |                                                      ^
/build/nfs-ganesha-git/src/nfs-ganesha/src/monitoring/dynamic_metrics.cc:262:56: error: expected primary-expression before ‘)’ token
  262 |                   prometheus::Builder<HistogramDouble>()
      |                                                        ^
/build/nfs-ganesha-git/src/nfs-ganesha/src/monitoring/dynamic_metrics.cc: In function ‘std::string ganesha_monitoring::trimIPv6Prefix(std::string)’:
/build/nfs-ganesha-git/src/nfs-ganesha/src/monitoring/dynamic_metrics.cc:277:25: error: redundant move in return statement [-Werror=redundant-move]
  277 |         return std::move(input);
      |                ~~~~~~~~~^~~~~~~
/build/nfs-ganesha-git/src/nfs-ganesha/src/monitoring/dynamic_metrics.cc:277:25: note: remove ‘std::move’ call
/build/nfs-ganesha-git/src/nfs-ganesha/src/monitoring/dynamic_metrics.cc: At global scope:
/build/nfs-ganesha-git/src/nfs-ganesha/src/monitoring/dynamic_metrics.cc:283:32: error: expected ‘)’ before ‘<’ token [-Wtemplate-body]
  283 |         SimpleMap(std::function<T(const K &k)> get_value)
      |                  ~             ^
      |                                )
/build/nfs-ganesha-git/src/nfs-ganesha/src/monitoring/dynamic_metrics.cc:316:14: error: ‘function’ in namespace ‘std’ does not name a template type [-Wtemplate-body]
  316 |         std::function<T(const K &k)> get_value_;
      |              ^~~~~~~~
/build/nfs-ganesha-git/src/nfs-ganesha/src/monitoring/dynamic_metrics.cc:39:1: note: ‘std::function’ is defined in header ‘<functional>’; this is probably fixable by adding ‘#include <functional>’
   38 | #include "prometheus/histogram.h"
  +++ |+#include <functional>
   39 | 
/build/nfs-ganesha-git/src/nfs-ganesha/src/monitoring/dynamic_metrics.cc:327:10: error: no matching function for call to ‘ganesha_monitoring::SimpleMap<short unsigned int, std::__cxx11::basic_string<char> >::SimpleMap(ganesha_monitoring::<lambda(const export_id_t&)>)’
  327 |         });
      |          ^
/build/nfs-ganesha-git/src/nfs-ganesha/src/monitoring/dynamic_metrics.cc:327:10: note: there is 1 candidate
/build/nfs-ganesha-git/src/nfs-ganesha/src/monitoring/dynamic_metrics.cc:281:49: note: candidate 1: ‘ganesha_monitoring::SimpleMap<short unsigned int, std::__cxx11::basic_string<char> >::SimpleMap()’
  281 | template <class K, class T = std::string> class SimpleMap {
      |                                                 ^~~~~~~~~
/build/nfs-ganesha-git/src/nfs-ganesha/src/monitoring/dynamic_metrics.cc:281:49: note: candidate expects 0 arguments, 1 provided
[ 29%] Building C object Protocols/9P/CMakeFiles/9p.dir/9p_lcreate.c.o
/build/nfs-ganesha-git/src/nfs-ganesha/src/monitoring/dynamic_metrics.cc: In function ‘void ganesha_monitoring::dynamic_metrics__observe_nfs_request(const char*, nsecs_elapsed_t, const char*, const char*, export_id_t, const char*, const char*)’:
/build/nfs-ganesha-git/src/nfs-ganesha/src/monitoring/dynamic_metrics.cc:376:34: error: ‘class ganesha_monitoring::DynamicMetrics’ has no member named ‘clientRequestsTotal’
  376 |                 dynamic_metrics->clientRequestsTotal
      |                                  ^~~~~~~~~~~~~~~~~~~
/build/nfs-ganesha-git/src/nfs-ganesha/src/monitoring/dynamic_metrics.cc:380:34: error: ‘class ganesha_monitoring::DynamicMetrics’ has no member named ‘lastClientUpdate’
  380 |                 dynamic_metrics->lastClientUpdate.Add({ { kClient, client } })
      |                                  ^~~~~~~~~~~~~~~~
/build/nfs-ganesha-git/src/nfs-ganesha/src/monitoring/dynamic_metrics.cc:383:26: error: ‘class ganesha_monitoring::DynamicMetrics’ has no member named ‘errorsByVersionOperationStatus’
  383 |         dynamic_metrics->errorsByVersionOperationStatus
      |                          ^~~~~~~~~~~~~~~~~~~~~~~~~~~~~~
/build/nfs-ganesha-git/src/nfs-ganesha/src/monitoring/dynamic_metrics.cc:390:26: error: ‘class ganesha_monitoring::DynamicMetrics’ has no member named ‘requestsTotalByOperation’
  390 |         dynamic_metrics->requestsTotalByOperation
      |                          ^~~~~~~~~~~~~~~~~~~~~~~~
/build/nfs-ganesha-git/src/nfs-ganesha/src/monitoring/dynamic_metrics.cc:393:26: error: ‘class ganesha_monitoring::DynamicMetrics’ has no member named ‘latencyByOperation’
  393 |         dynamic_metrics->latencyByOperation
      |                          ^~~~~~~~~~~~~~~~~~
/build/nfs-ganesha-git/src/nfs-ganesha/src/monitoring/dynamic_metrics.cc:402:26: error: ‘class ganesha_monitoring::DynamicMetrics’ has no member named ‘requestsTotalByOperationExport’
  402 |         dynamic_metrics->requestsTotalByOperationExport
      |                          ^~~~~~~~~~~~~~~~~~~~~~~~~~~~~~
/build/nfs-ganesha-git/src/nfs-ganesha/src/monitoring/dynamic_metrics.cc:407:26: error: ‘class ganesha_monitoring::DynamicMetrics’ has no member named ‘latencyByOperationExport’
  407 |         dynamic_metrics->latencyByOperationExport
      |                          ^~~~~~~~~~~~~~~~~~~~~~~~
/build/nfs-ganesha-git/src/nfs-ganesha/src/monitoring/dynamic_metrics.cc: In function ‘void ganesha_monitoring::dynamic_metrics__observe_nfs_io(size_t, size_t, bool, export_id_t, const char*, const char*)’:
/build/nfs-ganesha-git/src/nfs-ganesha/src/monitoring/dynamic_metrics.cc:428:34: error: ‘class ganesha_monitoring::DynamicMetrics’ has no member named ‘clientBytesReceivedTotal’
  428 |                 dynamic_metrics->clientBytesReceivedTotal
      |                                  ^~~~~~~~~~~~~~~~~~~~~~~~
/build/nfs-ganesha-git/src/nfs-ganesha/src/monitoring/dynamic_metrics.cc:431:34: error: ‘class ganesha_monitoring::DynamicMetrics’ has no member named ‘clientBytesSentTotal’
  431 |                 dynamic_metrics->clientBytesSentTotal
      |                                  ^~~~~~~~~~~~~~~~~~~~
/build/nfs-ganesha-git/src/nfs-ganesha/src/monitoring/dynamic_metrics.cc:437:26: error: ‘class ganesha_monitoring::DynamicMetrics’ has no member named ‘bytesReceivedTotalByOperation’
  437 |         dynamic_metrics->bytesReceivedTotalByOperation
      |                          ^~~~~~~~~~~~~~~~~~~~~~~~~~~~~
/build/nfs-ganesha-git/src/nfs-ganesha/src/monitoring/dynamic_metrics.cc:440:26: error: ‘class ganesha_monitoring::DynamicMetrics’ has no member named ‘bytesSentTotalByOperation’
  440 |         dynamic_metrics->bytesSentTotalByOperation
      |                          ^~~~~~~~~~~~~~~~~~~~~~~~~
/build/nfs-ganesha-git/src/nfs-ganesha/src/monitoring/dynamic_metrics.cc:443:26: error: ‘class ganesha_monitoring::DynamicMetrics’ has no member named ‘requestSizeByOperation’
  443 |         dynamic_metrics->requestSizeByOperation
      |                          ^~~~~~~~~~~~~~~~~~~~~~
/build/nfs-ganesha-git/src/nfs-ganesha/src/monitoring/dynamic_metrics.cc:446:26: error: ‘class ganesha_monitoring::DynamicMetrics’ has no member named ‘responseSizeByOperation’
  446 |         dynamic_metrics->responseSizeByOperation
      |                          ^~~~~~~~~~~~~~~~~~~~~~~
/build/nfs-ganesha-git/src/nfs-ganesha/src/monitoring/dynamic_metrics.cc:457:26: error: ‘class ganesha_monitoring::DynamicMetrics’ has no member named ‘bytesReceivedTotalByOperationExport’
  457 |         dynamic_metrics->bytesReceivedTotalByOperationExport
      |                          ^~~~~~~~~~~~~~~~~~~~~~~~~~~~~~~~~~~
/build/nfs-ganesha-git/src/nfs-ganesha/src/monitoring/dynamic_metrics.cc:462:26: error: ‘class ganesha_monitoring::DynamicMetrics’ has no member named ‘bytesSentTotalByOperationExport’
  462 |         dynamic_metrics->bytesSentTotalByOperationExport
      |                          ^~~~~~~~~~~~~~~~~~~~~~~~~~~~~~~
/build/nfs-ganesha-git/src/nfs-ganesha/src/monitoring/dynamic_metrics.cc:467:26: error: ‘class ganesha_monitoring::DynamicMetrics’ has no member named ‘requestSizeByOperationExport’
  467 |         dynamic_metrics->requestSizeByOperationExport
      |                          ^~~~~~~~~~~~~~~~~~~~~~~~~~~~
/build/nfs-ganesha-git/src/nfs-ganesha/src/monitoring/dynamic_metrics.cc:473:26: error: ‘class ganesha_monitoring::DynamicMetrics’ has no member named ‘responseSizeByOperationExport’
  473 |         dynamic_metrics->responseSizeByOperationExport
      |                          ^~~~~~~~~~~~~~~~~~~~~~~~~~~~~
/build/nfs-ganesha-git/src/nfs-ganesha/src/monitoring/dynamic_metrics.cc: In function ‘void ganesha_monitoring::dynamic_metrics__mdcache_cache_hit(const char*, export_id_t)’:
/build/nfs-ganesha-git/src/nfs-ganesha/src/monitoring/dynamic_metrics.cc:486:26: error: ‘class ganesha_monitoring::DynamicMetrics’ has no member named ‘mdcacheCacheHitsTotal’
  486 |         dynamic_metrics->mdcacheCacheHitsTotal
      |                          ^~~~~~~~~~~~~~~~~~~~~
/build/nfs-ganesha-git/src/nfs-ganesha/src/monitoring/dynamic_metrics.cc:491:34: error: ‘class ganesha_monitoring::DynamicMetrics’ has no member named ‘mdcacheCacheHitsByExportTotal’
  491 |                 dynamic_metrics->mdcacheCacheHitsByExportTotal
      |                                  ^~~~~~~~~~~~~~~~~~~~~~~~~~~~~
/build/nfs-ganesha-git/src/nfs-ganesha/src/monitoring/dynamic_metrics.cc: In function ‘void ganesha_monitoring::dynamic_metrics__mdcache_cache_miss(const char*, export_id_t)’:
/build/nfs-ganesha-git/src/nfs-ganesha/src/monitoring/dynamic_metrics.cc:503:26: error: ‘class ganesha_monitoring::DynamicMetrics’ has no member named ‘mdcacheCacheMissesTotal’
  503 |         dynamic_metrics->mdcacheCacheMissesTotal
      |                          ^~~~~~~~~~~~~~~~~~~~~~~
/build/nfs-ganesha-git/src/nfs-ganesha/src/monitoring/dynamic_metrics.cc:507:34: error: ‘class ganesha_monitoring::DynamicMetrics’ has no member named ‘mdcacheCacheMissesByExportTotal’
  507 |                 dynamic_metrics->mdcacheCacheMissesByExportTotal
      |                                  ^~~~~~~~~~~~~~~~~~~~~~~~~~~~~~~
[ 29%] Building C object Protocols/NFS/CMakeFiles/nfsproto.dir/nfs4_op_destroy_session.c.o
[ 29%] Built target fsalpseudo
[ 29%] Building C object support/CMakeFiles/support.dir/delayed_exec.c.o
/build/nfs-ganesha-git/src/nfs-ganesha/src/monitoring/dynamic_metrics.cc: In instantiation of ‘T ganesha_monitoring::SimpleMap<K, T>::GetOrInsert(const K&) [with K = short unsigned int; T = std::__cxx11::basic_string<char>]’:
/build/nfs-ganesha-git/src/nfs-ganesha/src/monitoring/dynamic_metrics.cc:331:33:   required from here
  331 |         return exportLabels.GetOrInsert(export_id);
      |                ~~~~~~~~~~~~~~~~~~~~~~~~^~~~~~~~~~~
/build/nfs-ganesha-git/src/nfs-ganesha/src/monitoring/dynamic_metrics.cc:301:36: error: ‘get_value_’ was not declared in this scope
  301 |                 auto v = get_value_(k);
      |                          ~~~~~~~~~~^~~
[ 29%] Building C object support/CMakeFiles/support.dir/bsd-base64.c.o
[ 29%] Building C object Protocols/9P/CMakeFiles/9p.dir/9p_lopen.c.o
cc1plus: all warnings being treated as errors
make[2]: *** [monitoring/CMakeFiles/ganesha_monitoring.dir/build.make:93: monitoring/CMakeFiles/ganesha_monitoring.dir/dynamic_metrics.cc.o] Error 1
make[1]: *** [CMakeFiles/Makefile2:2233: monitoring/CMakeFiles/ganesha_monitoring.dir/all] Error 2
[ 30%] Building C object Protocols/NFS/CMakeFiles/nfsproto.dir/nfs4_op_exchange_id.c.o
[ 30%] Building C object Protocols/NLM/CMakeFiles/nlm.dir/nlm_Unshare.c.o
[ 31%] Building C object Protocols/9P/CMakeFiles/9p.dir/9p_link.c.o
[ 32%] Building C object Protocols/9P/CMakeFiles/9p.dir/9p_lock.c.o
[ 32%] Building C object Protocols/NLM/CMakeFiles/nlm.dir/nlm_Unlock.c.o
[ 32%] Building C object FSAL/Stackable_FSALs/FSAL_MDCACHE/CMakeFiles/fsalmdcache.dir/mdcache_up.c.o
[ 32%] Building C object Protocols/NLM/CMakeFiles/nlm.dir/nlm_async.c.o
[ 32%] Building C object Protocols/NFS/CMakeFiles/nfsproto.dir/nfs4_op_free_stateid.c.o
[ 32%] Building C object Protocols/NLM/CMakeFiles/nlm.dir/nlm_util.c.o
[ 32%] Building C object Protocols/9P/CMakeFiles/9p.dir/9p_mkdir.c.o
[ 32%] Building C object Protocols/9P/CMakeFiles/9p.dir/9p_mknod.c.o
[ 34%] Building C object support/CMakeFiles/support.dir/server_stats.c.o
[ 34%] Building C object Protocols/NFS/CMakeFiles/nfsproto.dir/nfs4_op_getattr.c.o
[ 35%] Building C object Protocols/NLM/CMakeFiles/nlm.dir/nsm.c.o
[ 35%] Building C object support/CMakeFiles/support.dir/export_mgr.c.o
[ 35%] Built target sal
[ 35%] Building C object Protocols/NFS/CMakeFiles/nfsproto.dir/nfs4_op_getdeviceinfo.c.o
[ 36%] Building C object Protocols/9P/CMakeFiles/9p.dir/9p_read.c.o
[ 36%] Building C object Protocols/9P/CMakeFiles/9p.dir/9p_readdir.c.o
[ 36%] Building C object Protocols/9P/CMakeFiles/9p.dir/9p_readlink.c.o
[ 36%] Building C object support/CMakeFiles/support.dir/nfs4_fs_locations.c.o
[ 36%] Building C object support/CMakeFiles/support.dir/xprt_handler.c.o
[ 37%] Building C object support/CMakeFiles/support.dir/ip_utils.c.o
[ 38%] Building C object Protocols/NFS/CMakeFiles/nfsproto.dir/nfs4_op_getfh.c.o
[ 38%] Building C object Protocols/NFS/CMakeFiles/nfsproto.dir/nfs4_op_getdevicelist.c.o
[ 38%] Building C object Protocols/9P/CMakeFiles/9p.dir/9p_remove.c.o
[ 38%] Building C object Protocols/NFS/CMakeFiles/nfsproto.dir/nfs4_op_illegal.c.o
[ 38%] Building C object Protocols/9P/CMakeFiles/9p.dir/9p_rename.c.o
[ 39%] Building C object Protocols/9P/CMakeFiles/9p.dir/9p_renameat.c.o
[ 39%] Built target fsalmdcache
[ 39%] Building C object Protocols/9P/CMakeFiles/9p.dir/9p_fsync.c.o
[ 39%] Building C object Protocols/9P/CMakeFiles/9p.dir/9p_unlinkat.c.o
[ 39%] Building C object Protocols/NFS/CMakeFiles/nfsproto.dir/nfs4_op_layoutcommit.c.o
[ 39%] Built target nlm
[ 40%] Building C object Protocols/9P/CMakeFiles/9p.dir/9p_setattr.c.o
[ 40%] Building C object Protocols/NFS/CMakeFiles/nfsproto.dir/nfs4_op_layoutget.c.o
[ 40%] Building C object Protocols/NFS/CMakeFiles/nfsproto.dir/nfs4_op_layoutreturn.c.o
[ 41%] Building C object Protocols/9P/CMakeFiles/9p.dir/9p_statfs.c.o
[ 41%] Building C object Protocols/NFS/CMakeFiles/nfsproto.dir/nfs4_op_link.c.o
[ 41%] Building C object Protocols/NFS/CMakeFiles/nfsproto.dir/nfs4_op_lock.c.o
[ 42%] Building C object Protocols/NFS/CMakeFiles/nfsproto.dir/nfs4_op_lockt.c.o
[ 42%] Building C object Protocols/NFS/CMakeFiles/nfsproto.dir/nfs4_op_locku.c.o
[ 42%] Building C object Protocols/9P/CMakeFiles/9p.dir/9p_symlink.c.o
[ 42%] Building C object Protocols/NFS/CMakeFiles/nfsproto.dir/nfs4_op_lookup.c.o
[ 42%] Building C object Protocols/NFS/CMakeFiles/nfsproto.dir/nfs4_op_lookupp.c.o
[ 42%] Building C object Protocols/9P/CMakeFiles/9p.dir/9p_version.c.o
[ 42%] Building C object Protocols/9P/CMakeFiles/9p.dir/9p_walk.c.o
[ 42%] Building C object Protocols/NFS/CMakeFiles/nfsproto.dir/nfs4_op_nverify.c.o
[ 44%] Building C object Protocols/NFS/CMakeFiles/nfsproto.dir/nfs4_op_open.c.o
[ 44%] Building C object Protocols/9P/CMakeFiles/9p.dir/9p_xattrcreate.c.o
[ 44%] Built target support
[ 44%] Building C object Protocols/NFS/CMakeFiles/nfsproto.dir/nfs4_op_open_confirm.c.o
[ 44%] Building C object Protocols/9P/CMakeFiles/9p.dir/9p_xattrwalk.c.o
[ 44%] Building C object Protocols/9P/CMakeFiles/9p.dir/9p_write.c.o
[ 44%] Building C object Protocols/NFS/CMakeFiles/nfsproto.dir/nfs4_op_open_downgrade.c.o
[ 44%] Building C object Protocols/9P/CMakeFiles/9p.dir/9p_rerror.c.o
[ 44%] Building C object Protocols/NFS/CMakeFiles/nfsproto.dir/nfs4_op_openattr.c.o
[ 45%] Building C object Protocols/NFS/CMakeFiles/nfsproto.dir/nfs4_op_putfh.c.o
[ 45%] Building C object Protocols/NFS/CMakeFiles/nfsproto.dir/nfs4_op_putpubfh.c.o
[ 45%] Building C object Protocols/NFS/CMakeFiles/nfsproto.dir/nfs4_op_putrootfh.c.o
[ 45%] Building C object Protocols/NFS/CMakeFiles/nfsproto.dir/nfs4_op_read.c.o
[ 46%] Building C object Protocols/NFS/CMakeFiles/nfsproto.dir/nfs4_op_readdir.c.o
[ 46%] Building C object Protocols/NFS/CMakeFiles/nfsproto.dir/nfs4_op_readlink.c.o
[ 46%] Building C object Protocols/NFS/CMakeFiles/nfsproto.dir/nfs4_op_reclaim_complete.c.o
[ 46%] Building C object Protocols/NFS/CMakeFiles/nfsproto.dir/nfs4_op_release_lockowner.c.o
[ 47%] Building C object Protocols/NFS/CMakeFiles/nfsproto.dir/nfs4_op_rename.c.o
[ 47%] Building C object Protocols/NFS/CMakeFiles/nfsproto.dir/nfs4_op_remove.c.o
[ 47%] Building C object Protocols/NFS/CMakeFiles/nfsproto.dir/nfs4_op_renew.c.o
[ 47%] Building C object Protocols/NFS/CMakeFiles/nfsproto.dir/nfs4_op_restorefh.c.o
[ 48%] Building C object Protocols/NFS/CMakeFiles/nfsproto.dir/nfs4_op_secinfo.c.o
[ 48%] Building C object Protocols/NFS/CMakeFiles/nfsproto.dir/nfs4_op_savefh.c.o
[ 48%] Building C object Protocols/NFS/CMakeFiles/nfsproto.dir/nfs4_op_secinfo_no_name.c.o
[ 48%] Building C object Protocols/NFS/CMakeFiles/nfsproto.dir/nfs4_op_sequence.c.o
[ 48%] Building C object Protocols/NFS/CMakeFiles/nfsproto.dir/nfs4_op_set_ssv.c.o
[ 49%] Building C object Protocols/NFS/CMakeFiles/nfsproto.dir/nfs4_op_setattr.c.o
[ 49%] Built target 9p
[ 49%] Building C object Protocols/NFS/CMakeFiles/nfsproto.dir/nfs4_op_xattr.c.o
[ 49%] Building C object Protocols/NFS/CMakeFiles/nfsproto.dir/nfs4_op_setclientid_confirm.c.o
[ 49%] Building C object Protocols/NFS/CMakeFiles/nfsproto.dir/nfs4_op_setclientid.c.o
[ 50%] Building C object Protocols/NFS/CMakeFiles/nfsproto.dir/nfs4_op_destroy_clientid.c.o
[ 50%] Building C object Protocols/NFS/CMakeFiles/nfsproto.dir/nfs4_op_test_stateid.c.o
[ 50%] Building C object Protocols/NFS/CMakeFiles/nfsproto.dir/nfs4_op_write.c.o
[ 50%] Building C object Protocols/NFS/CMakeFiles/nfsproto.dir/nfs4_op_verify.c.o
[ 51%] Building C object Protocols/NFS/CMakeFiles/nfsproto.dir/nfs4_pseudo.c.o
[ 51%] Building C object Protocols/NFS/CMakeFiles/nfsproto.dir/nfs_proto_tools.c.o
[ 51%] Building C object Protocols/NFS/CMakeFiles/nfsproto.dir/nfs_null.c.o
[ 51%] Building C object Protocols/NFS/CMakeFiles/nfsproto.dir/mnt_Dump.c.o
[ 52%] Building C object Protocols/NFS/CMakeFiles/nfsproto.dir/mnt_Export.c.o
[ 52%] Building C object Protocols/NFS/CMakeFiles/nfsproto.dir/mnt_Mnt.c.o
[ 52%] Building C object Protocols/NFS/CMakeFiles/nfsproto.dir/mnt_Null.c.o
[ 52%] Building C object Protocols/NFS/CMakeFiles/nfsproto.dir/mnt_Umnt.c.o
[ 52%] Building C object Protocols/NFS/CMakeFiles/nfsproto.dir/mnt_UmntAll.c.o
[ 53%] Building C object Protocols/NFS/CMakeFiles/nfsproto.dir/nfs3_access.c.o
[ 53%] Building C object Protocols/NFS/CMakeFiles/nfsproto.dir/nfs3_commit.c.o
[ 53%] Building C object Protocols/NFS/CMakeFiles/nfsproto.dir/nfs3_create.c.o
[ 53%] Building C object Protocols/NFS/CMakeFiles/nfsproto.dir/nfs3_fsinfo.c.o
[ 54%] Building C object Protocols/NFS/CMakeFiles/nfsproto.dir/nfs3_fsstat.c.o
[ 54%] Building C object Protocols/NFS/CMakeFiles/nfsproto.dir/nfs3_getattr.c.o
[ 54%] Building C object Protocols/NFS/CMakeFiles/nfsproto.dir/nfs3_link.c.o
[ 54%] Building C object Protocols/NFS/CMakeFiles/nfsproto.dir/nfs3_lookup.c.o
[ 55%] Building C object Protocols/NFS/CMakeFiles/nfsproto.dir/nfs3_mkdir.c.o
[ 55%] Building C object Protocols/NFS/CMakeFiles/nfsproto.dir/nfs3_mknod.c.o
[ 55%] Building C object Protocols/NFS/CMakeFiles/nfsproto.dir/nfs3_pathconf.c.o
[ 55%] Building C object Protocols/NFS/CMakeFiles/nfsproto.dir/nfs3_read.c.o
[ 56%] Building C object Protocols/NFS/CMakeFiles/nfsproto.dir/nfs3_readdir.c.o
[ 56%] Building C object Protocols/NFS/CMakeFiles/nfsproto.dir/nfs3_readdirplus.c.o
[ 56%] Building C object Protocols/NFS/CMakeFiles/nfsproto.dir/nfs3_readlink.c.o
[ 56%] Building C object Protocols/NFS/CMakeFiles/nfsproto.dir/nfs3_remove.c.o
[ 57%] Building C object Protocols/NFS/CMakeFiles/nfsproto.dir/nfs3_rename.c.o
[ 57%] Building C object Protocols/NFS/CMakeFiles/nfsproto.dir/nfs3_rmdir.c.o
[ 57%] Building C object Protocols/NFS/CMakeFiles/nfsproto.dir/nfs3_setattr.c.o
[ 57%] Building C object Protocols/NFS/CMakeFiles/nfsproto.dir/nfs3_symlink.c.o
[ 57%] Building C object Protocols/NFS/CMakeFiles/nfsproto.dir/nfs3_write.c.o
[ 57%] Built target nfsproto
make: *** [Makefile:156: all] Error 2
[1m[31m==> ERROR:(B[m[1m A failure occurred in build().(B[m
[1m    Aborting...(B[m
