-- cmake version 4.1
-- The C compiler identification is GNU 15.2.1
-- The CXX compiler identification is GNU 15.2.1
-- Detecting C compiler ABI info
-- Detecting C compiler ABI info - done
-- Check for working C compiler: /usr/bin/cc - skipped
-- Detecting C compile features
-- Detecting C compile features - done
-- Detecting CXX compiler ABI info
-- Detecting CXX compiler ABI info - done
-- Check for working CXX compiler: /usr/bin/c++ - skipped
-- Detecting CXX compile features
-- Detecting CXX compile features - done
-- override default CMAKE_INSTALL_PREFIX = /usr
-- Detected an UNKNOWN Linux machine
-- toolchain options processed
-- Found PkgConfig: /usr/bin/pkg-config (found version "2.5.1")
-- Performing Test HAS_MACRO_PREFIX_MAP_FLAG
-- Performing Test HAS_MACRO_PREFIX_MAP_FLAG - Success
-- Compilation from within a git repository. Using git rev-parse HEAD
-- Looking for __GLIBC__
-- Looking for __GLIBC__ - found
-- Looking for include file strings.h
-- Looking for include file strings.h - found
-- Looking for include file string.h
-- Looking for include file string.h - found
-- Performing Test CMAKE_HAVE_LIBC_PTHREAD
-- Performing Test CMAKE_HAVE_LIBC_PTHREAD - Success
-- Found Threads: TRUE
-- found krb5-config here /usr/bin/krb5-config
-- Found kerberos 5 headers: /include
-- Found kerberos 5 libs:    /usr/lib/libkrb5.so;/usr/lib/libk5crypto.so;/usr/lib/libcom_err.so;/usr/lib/libgssapi_krb5.so
-- Looking for include file gssapi.h
-- Looking for include file gssapi.h - found
-- Looking for include file sys/acl.h
-- Looking for include file sys/acl.h - found
-- Looking for include file acl/libacl.h
-- Looking for include file acl/libacl.h - found
-- Looking for acl_get_file in acl
-- Looking for acl_get_file in acl - found
-- Looking for acl_get_fd_np
-- Looking for acl_get_fd_np - not found
-- Looking for acl_set_fd_np
-- Looking for acl_set_fd_np - not found
-- Found BTRFS Util library: /usr/lib/libbtrfsutil.so
-- Looking for open_by_handle in handle
-- Looking for open_by_handle in handle - found
-- Looking for include file xfs/xfs.h
-- Looking for include file xfs/xfs.h - found
-- Found JeMalloc: /usr/lib/libjemalloc.so
-- Checking for module 'dbus-1'
--   Found dbus-1, version 1.16.2
-- Found nfs idmap library: /usr/lib/libnfsidmap.so
-- Looking for wbcLookupSids in wbclient
-- Looking for wbcLookupSids in wbclient - found
-- Looking for 3 include files stdint.h, ..., wbclient.h
-- Looking for 3 include files stdint.h, ..., wbclient.h - found
-- Performing Test WBCLIENT4_H
-- Performing Test WBCLIENT4_H - Success
-- Found Winbind4 client: 
-- Looking for cap_set_proc in cap
-- Looking for cap_set_proc in cap - found
-- Found Caps: /usr/lib/libcap.so
-- Looking for include file blkid/blkid.h
-- Looking for include file blkid/blkid.h - found
-- Looking for blkid_devno_to_devname in blkid
-- Looking for blkid_devno_to_devname in blkid - found
-- Looking for include file uuid/uuid.h
-- Looking for include file uuid/uuid.h - found
-- Looking for uuid_parse in uuid
-- Looking for uuid_parse in uuid - found
-- Looking for daemon in c
-- Looking for daemon in c - found
-- Found Unwind: /usr/lib/libunwind.so
-- libunwind found: /usr/lib/libunwind.so
-- OVERRIDE_INSTALL_PREFIX = 
-- found krb5-config here /usr/bin/krb5-config
-- Found kerberos 5 headers: /include
-- Found kerberos 5 libs:    /usr/lib/libkrb5.so;/usr/lib/libk5crypto.so;/usr/lib/libcom_err.so;/usr/lib/libgssapi_krb5.so;/usr/lib/libkrb5.so;/usr/lib/libk5crypto.so;/usr/lib/libcom_err.so;/usr/lib/libgssapi_krb5.so
-- Looking for include file stdbool.h
-- Looking for include file stdbool.h - found
-- Looking for include file sys/epoll.h
-- Looking for include file sys/epoll.h - found
-- Looking for epoll_create
-- Looking for epoll_create - found
-- Found EPOLL: 1
-- Found Winbind4 client: 
-- Found NSL: /usr/lib/libnsl.so
-- 
-- -------------------------------------------------------
-- TIRPC_EPOLL = TRUE
-- USE_RPC_RDMA = OFF
-- USE_GSS = ON
-- USE_PROFILE = OFF
-- USE_LTTNG_NTIRPC = OFF
-- USE_MONITORING = ON
-- PROXY_PROTOCOL_PARSE_COMMON_NETWORK_ID = OFF
-- Using ntirpc submodule
/build/nfs-ganesha-git/src/nfs-ganesha/src/libntirpc/ntirpc/
-- Looking for urcu_ref_get_unless_zero
-- Looking for urcu_ref_get_unless_zero - found
-- Found BISON: /usr/bin/bison (found version "3.8.2")
-- Found FLEX: /usr/bin/flex (found version "2.6.4")
-- 
-- -------------------------------------------------------
-- PLATFORM = LINUX
-- ARCH = x86_64
-- VERSION = 7.2
-- BUILD HOST = 
-- C COMPILER = GNU
-- C COMPILER VERSION = 15.2.1
-- -------------------------------------------------------
-- USE_FSAL_PROXY_V4 = ON
-- USE_FSAL_PROXY_V3 = DEFAULT_ON
-- USE_FSAL_VFS = ON
-- USE_FSAL_LUSTRE = OFF
-- USE_FSAL_LIZARDFS = OFF
-- USE_FSAL_KVSFS = OFF
-- USE_FSAL_CEPH = OFF
-- USE_FSAL_CEPH_MKNOD = 
-- USE_FSAL_CEPH_SETLK = 
-- USE_FSAL_CEPH_LL_LOOKUP_ROOT = 
-- USE_FSAL_CEPH_STATX = 
-- USE_FSAL_CEPH_LL_DELEGATION = 
-- USE_FSAL_CEPH_LL_SYNC_INODE = 
-- USE_FSAL_CEPH_ABORT_CONN = 
-- USE_FSAL_CEPH_RECLAIM_RESET = 
-- USE_FSAL_CEPH_GET_FS_CID = 
-- USE_FSAL_CEPH_STATX = 
-- USE_FSAL_CEPH_FS_NONBLOCKING_IO = 
-- USE_FSAL_CEPH_FS_ZEROCOPY_IO = 
-- USE_FSAL_RGW = OFF
-- USE_FSAL_SAUNAFS = ON
-- USE_FSAL_XFS = ON
-- USE_FSAL_GPFS = ON
-- USE_FSAL_GLUSTER = OFF
-- USE_FSAL_NULL = ON
-- USE_FSAL_MEM = ON
-- GSH_CAN_HOST_LOCAL_FS = ON
-- USE_SYSTEM_NTIRPC = OFF
-- USE_DBUS = ON
-- USE_CB_SIMULATOR = OFF
-- USE_BTRFSUTIL = ON
-- USE_NFSIDMAP = ON
-- USE_RELATIVE_FILE_PATHS_IN_LOGS = ON
-- ENABLE_ERROR_INJECTION = OFF
-- ENABLE_VFS_POSIX_ACL = OFF
-- ENABLE_VFS_DEBUG_ACL = OFF
-- ENABLE_RFC_ACL = OFF
-- CEPHFS_POSIX_ACL = DEFAULT_ON
-- USE_MONITORING = ON
-- USE_CAPS = ON
-- USE_BLKID = ON
-- DISTNAME_HAS_GIT_DATA = OFF
-- _MSPAC_SUPPORT = ON
-- USE_EFENCE = OFF
-- _NO_TCP_REGISTER = OFF
-- RPCBIND = ON
-- DEBUG_SAL = OFF
-- _VALGRIND_MEMCHECK = OFF
-- ENABLE_LOCKTRACE = OFF
-- PROXYV4_HANDLE_MAPPING = OFF
-- DEBUG_MDCACHE = OFF
-- ENABLE_QOS = OFF
-- DEBUG_SYMS = OFF
-- COVERAGE = OFF
-- ENFORCE_GCC = OFF
-- USE_GTEST = OFF
-- USE_GSS = ON
-- TIRPC_EPOLL = TRUE
-- USE_9P = ON
-- _USE_9P = ON
-- _USE_9P_RDMA = OFF
-- USE_NFS_RDMA = OFF
-- USE_RPC_RDMA = OFF
-- USE_NFS3 = ON
-- USE_NLM = ON
-- USE_NFSACL3 = ON
-- USE_ACL_MAPPING = ON
-- KRB5_PREFIX = 
-- CEPH_PREFIX = 
-- RGW_PREFIX = 
-- GLUSTER_PREFIX = 
-- CMAKE_PREFIX_PATH = 
-- _GIT_HEAD_COMMIT = 9b3b3e19ce2fe9cb28a7b1d20c35dd55dc7f03a0
-- _GIT_HEAD_COMMIT_ABBREV = 9b3b3e1
-- _GIT_DESCRIBE = V7.2-0-g9b3b3e19c
-- ALLOCATOR = jemalloc
-- GOLD_LINKER = 
-- CMAKE_INSTALL_PREFIX = /usr
-- FSAL_DESTINATION = /usr/lib/ganesha
-- USE_ADMIN_TOOLS = OFF
-- USE_GUI_ADMIN_TOOLS = ON
-- MODULES_PATH = 
-- USE_LTTNG = OFF
-- USE_VSOCK = OFF
-- USE_TOOL_MULTILOCK = OFF
-- USE_MAN_PAGE = ON
-- USE_RADOS_RECOV = OFF
-- RADOS_URLS = OFF
-- USE_CUNIT = OFF
-- USE_UNWIND = ON
-- SANITIZE_ADDRESS = OFF
-- Found LSB_release: /usr/bin/lsb_release
-- Found Doxygen: /usr/bin/doxygen (found version "1.14.0") found components: doxygen dot
-- Configuring done (3.2s)
-- Generating done (0.2s)
-- Build files have been written to: /build/nfs-ganesha-git/src/build
[  0%] [BISON][ConfigParser] Building parser with bison 3.8.2
[  1%] [FLEX][ConfigScanner] Building scanner with flex 2.6.4
[  2%] Building C object cidr/CMakeFiles/cidr.dir/cidr_addr.c.o
[  2%] Building C object dbus/CMakeFiles/gshdbus.dir/dbus_server.c.o
[  2%] Building C object avl/CMakeFiles/avltree.dir/avl.c.o
[  3%] Building CXX object libntirpc/src/monitoring/CMakeFiles/ntirpcmonitoring.dir/monitoring.cc.o
[  3%] Building C object hashtable/CMakeFiles/hashtable.dir/hashtable.c.o
[  3%] Building C object Protocols/NFS/CMakeFiles/nfs4callbacks.dir/nfs4_cb_Compound.c.o
[  3%] Building C object log/CMakeFiles/log.dir/display.c.o
[  3%] Building C object SAL/CMakeFiles/sal.dir/sal_metrics.c.o
[  3%] Building C object Protocols/XDR/CMakeFiles/nfs_mnt_xdr.dir/xdr_mount.c.o
[  3%] Building C object Protocols/NFSACL/CMakeFiles/nfsacl.dir/nfsacl_Null.c.o
[  3%] Building C object RPCAL/CMakeFiles/rpcal.dir/connection_manager.c.o
[  3%] Building C object support/CMakeFiles/uid2grp.dir/uid2grp.c.o
[  3%] Building C object Protocols/RQUOTA/CMakeFiles/rquota.dir/rquota_Null.c.o
[  4%] Building C object support/CMakeFiles/hash.dir/murmur3.c.o
[  5%] Building C object Protocols/NFS/CMakeFiles/nfsproto.dir/nfs4_Compound.c.o
[  5%] Building C object Protocols/9P/CMakeFiles/9p.dir/9p_interpreter.c.o
[  5%] Building C object Protocols/NLM/CMakeFiles/nlm.dir/nlm_Cancel.c.o
[  5%] Building C object support/CMakeFiles/string_utils.dir/strlcpy.c.o
[  5%] Building C object Protocols/9P/CMakeFiles/9p.dir/9p_proto_tools.c.o
[  5%] Building C object support/CMakeFiles/string_utils.dir/strnlen.c.o
[  5%] Building C object support/CMakeFiles/hash.dir/city.c.o
[  5%] Building C object cidr/CMakeFiles/cidr.dir/cidr_compare.c.o
[  5%] Building C object avl/CMakeFiles/avltree.dir/bst.c.o
[  5%] Building C object log/CMakeFiles/log.dir/log_functions.c.o
[  6%] Building C object support/CMakeFiles/string_utils.dir/refstr.c.o
[  6%] Building C object config_parsing/CMakeFiles/config_parsing.dir/analyse.c.o
[  6%] Building C object cidr/CMakeFiles/cidr.dir/cidr_from_str.c.o
[  6%] Building C object avl/CMakeFiles/avltree.dir/rb.c.o
[  6%] Built target hash
[  6%] Built target string_utils
[  7%] Building C object support/CMakeFiles/uid2grp.dir/uid2grp_cache.c.o
[  7%] Building C object Protocols/NFSACL/CMakeFiles/nfsacl.dir/nfsacl_getacl.c.o
[  7%] Building C object avl/CMakeFiles/avltree.dir/splay.c.o
[  7%] Building C object config_parsing/CMakeFiles/config_parsing.dir/config_parsing.c.o
[  8%] Building C object cidr/CMakeFiles/cidr.dir/cidr_get.c.o
[  8%] Built target nfs4callbacks
[  8%] Built target hashtable
[  9%] Building C object SAL/CMakeFiles/sal.dir/state_async.c.o
[  9%] Building C object Protocols/RQUOTA/CMakeFiles/rquota.dir/rquota_getquota.c.o
[  9%] Building C object Protocols/NLM/CMakeFiles/nlm.dir/nlm_Free_All.c.o
[ 10%] Building C object Protocols/XDR/CMakeFiles/nfs_mnt_xdr.dir/xdr_nfs23.c.o
[ 10%] Built target avltree
[ 10%] Building C object Protocols/RQUOTA/CMakeFiles/rquota.dir/rquota_getactivequota.c.o
[ 10%] Building C object Protocols/NFSACL/CMakeFiles/nfsacl.dir/nfsacl_setacl.c.o
[ 10%] Building C object support/CMakeFiles/netgroup_cache.dir/netgroup_cache.c.o
[ 10%] Building C object SAL/CMakeFiles/sal.dir/state_share.c.o
[ 10%] Building C object SAL/CMakeFiles/sal.dir/state_lock.c.o
[ 10%] Building C object Protocols/9P/CMakeFiles/9p.dir/9p_read_conf.c.o
[ 10%] Building C object Protocols/9P/CMakeFiles/9p.dir/9p_attach.c.o
[ 10%] Building C object cidr/CMakeFiles/cidr.dir/cidr_inaddr.c.o
/build/nfs-ganesha-git/src/nfs-ganesha/src/log/log_functions.c: In function ‘gsh_libunwind’:
/build/nfs-ganesha-git/src/nfs-ganesha/src/log/log_functions.c:2813:41: warning: ignoring return value of ‘write’ declared with attribute ‘warn_unused_result’ [-Wunused-result]
 2813 |                                         write(fd, buffer, n);
      |                                         ^~~~~~~~~~~~~~~~~~~~
/build/nfs-ganesha-git/src/nfs-ganesha/src/log/log_functions.c:2830:41: warning: ignoring return value of ‘write’ declared with attribute ‘warn_unused_result’ [-Wunused-result]
 2830 |                                         write(fd, buffer, n);
      |                                         ^~~~~~~~~~~~~~~~~~~~
[ 10%] Building C object RPCAL/CMakeFiles/rpcal.dir/connection_manager_metrics.c.o
[ 10%] Building C object dbus/CMakeFiles/gshdbus.dir/properties_handler.c.o
[ 10%] Building C object cidr/CMakeFiles/cidr.dir/cidr_mem.c.o
[ 10%] Built target netgroup_cache
[ 10%] Built target uid2grp
[ 10%] Building C object RPCAL/CMakeFiles/rpcal.dir/nfs_dupreq.c.o
[ 10%] Building C object Protocols/XDR/CMakeFiles/nfs_mnt_xdr.dir/xdr_nfsv41.c.o
[ 11%] Building C object Protocols/RQUOTA/CMakeFiles/rquota.dir/rquota_setquota.c.o
[ 12%] Building C object RPCAL/CMakeFiles/rpcal.dir/rpc_tools.c.o
[ 12%] Building C object config_parsing/CMakeFiles/config_parsing.dir/conf_url.c.o
[ 12%] Building C object Protocols/NLM/CMakeFiles/nlm.dir/nlm_Granted_Res.c.o
[ 12%] Built target log
[ 12%] Building C object RPCAL/CMakeFiles/rpcal.dir/gss_credcache.c.o
[ 12%] Building C object SAL/CMakeFiles/sal.dir/state_misc.c.o
[ 12%] Building C object RPCAL/CMakeFiles/rpcal.dir/gss_extra.c.o
[ 12%] Building C object cidr/CMakeFiles/cidr.dir/cidr_misc.c.o
[ 12%] Building C object SAL/CMakeFiles/sal.dir/state_layout.c.o
[ 12%] Building C object Protocols/NFS/CMakeFiles/nfsproto.dir/nfs4_op_access.c.o
[ 12%] Building C object support/CMakeFiles/support.dir/nfs4_acls.c.o
[ 13%] Building C object cidr/CMakeFiles/cidr.dir/cidr_net.c.o
[ 13%] Built target nfsacl
[ 14%] Building C object Protocols/9P/CMakeFiles/9p.dir/9p_auth.c.o
[ 14%] Building C object cidr/CMakeFiles/cidr.dir/cidr_num.c.o
[ 14%] Building C object dbus/CMakeFiles/gshdbus.dir/signal_handler.c.o
[ 14%] Building C object cidr/CMakeFiles/cidr.dir/cidr_to_str.c.o
[ 15%] Building C object SAL/CMakeFiles/sal.dir/state_deleg.c.o
[ 15%] Building C object SAL/CMakeFiles/sal.dir/nfs4_clientid.c.o
[ 15%] Building C object Protocols/XDR/CMakeFiles/nfs_mnt_xdr.dir/xdr_nlm4.c.o
[ 15%] Building C object Protocols/XDR/CMakeFiles/nfs_mnt_xdr.dir/xdr_nsm.c.o
[ 15%] Built target cidr
[ 15%] Building C object config_parsing/CMakeFiles/config_parsing.dir/conf_yacc.c.o
[ 15%] Building C object support/CMakeFiles/support.dir/nfs_creds.c.o
[ 15%] Building C object os/CMakeFiles/gos.dir/linux/acl.c.o
[ 15%] Building CXX object monitoring/CMakeFiles/ganesha_monitoring.dir/prometheus_exposer.cc.o
[ 15%] Building C object Protocols/RQUOTA/CMakeFiles/rquota.dir/rquota_setactivequota.c.o
/build/nfs-ganesha-git/src/nfs-ganesha/src/libntirpc/src/monitoring/monitoring.cc:43:20: error: ‘prometheus::Counter’ is not a template
   43 | using CounterInt = prometheus::Counter<int64_t>;
      |                    ^~~~~~~~~~
/build/nfs-ganesha-git/src/nfs-ganesha/src/libntirpc/src/monitoring/monitoring.cc:44:18: error: ‘prometheus::Gauge’ is not a template
   44 | using GaugeInt = prometheus::Gauge<int64_t>;
      |                  ^~~~~~~~~~
/build/nfs-ganesha-git/src/nfs-ganesha/src/libntirpc/src/monitoring/monitoring.cc:45:22: error: ‘prometheus::Histogram’ is not a template
   45 | using HistogramInt = prometheus::Histogram<int64_t>;
      |                      ^~~~~~~~~~
/build/nfs-ganesha-git/src/nfs-ganesha/src/libntirpc/src/monitoring/monitoring.cc:46:25: error: ‘prometheus::Histogram’ is not a template
   46 | using HistogramDouble = prometheus::Histogram<double>;
      |                         ^~~~~~~~~~
/build/nfs-ganesha-git/src/nfs-ganesha/src/libntirpc/src/monitoring/monitoring.cc:49:29: error: aggregate ‘prometheus::Registry ntirpc_monitoring::registry’ has incomplete type and cannot be defined
   49 | static prometheus::Registry registry;
      |                             ^~~~~~~~
[ 16%] Building C object Protocols/NLM/CMakeFiles/nlm.dir/nlm_Null.c.o
[ 16%] Building C object Protocols/NLM/CMakeFiles/nlm.dir/nlm_Lock.c.o
/build/nfs-ganesha-git/src/nfs-ganesha/src/libntirpc/src/monitoring/monitoring.cc: In function ‘counter_metric_handle_t ntirpc_monitoring::monitoring__register_counter(const char*, metric_metadata_t, const metric_label_t*, uint16_t)’:
/build/nfs-ganesha-git/src/nfs-ganesha/src/libntirpc/src/monitoring/monitoring.cc:118:37: error: ‘Builder’ is not a member of ‘prometheus’; did you mean ‘prometheus::detail::Builder’?
  118 |         auto &counter = prometheus::Builder<CounterInt>()
      |                                     ^~~~~~~
In file included from /usr/include/prometheus/counter.h:4,
                 from /build/nfs-ganesha-git/src/nfs-ganesha/src/libntirpc/src/monitoring/monitoring.cc:36:
/usr/include/prometheus/detail/builder.h:19:7: note: ‘prometheus::detail::Builder’ declared here
   19 | class Builder {
      |       ^~~~~~~
/build/nfs-ganesha-git/src/nfs-ganesha/src/libntirpc/src/monitoring/monitoring.cc:118:55: error: expected primary-expression before ‘>’ token
  118 |         auto &counter = prometheus::Builder<CounterInt>()
      |                                                       ^
/build/nfs-ganesha-git/src/nfs-ganesha/src/libntirpc/src/monitoring/monitoring.cc:118:57: error: expected primary-expression before ‘)’ token
  118 |         auto &counter = prometheus::Builder<CounterInt>()
      |                                                         ^
/build/nfs-ganesha-git/src/nfs-ganesha/src/libntirpc/src/monitoring/monitoring.cc: In function ‘gauge_metric_handle_t ntirpc_monitoring::monitoring__register_gauge(const char*, metric_metadata_t, const metric_label_t*, uint16_t)’:
/build/nfs-ganesha-git/src/nfs-ganesha/src/libntirpc/src/monitoring/monitoring.cc:131:35: error: ‘Builder’ is not a member of ‘prometheus’; did you mean ‘prometheus::detail::Builder’?
  131 |         auto &gauge = prometheus::Builder<GaugeInt>()
      |                                   ^~~~~~~
/usr/include/prometheus/detail/builder.h:19:7: note: ‘prometheus::detail::Builder’ declared here
   19 | class Builder {
      |       ^~~~~~~
/build/nfs-ganesha-git/src/nfs-ganesha/src/libntirpc/src/monitoring/monitoring.cc:131:51: error: expected primary-expression before ‘>’ token
  131 |         auto &gauge = prometheus::Builder<GaugeInt>()
      |                                                   ^
/build/nfs-ganesha-git/src/nfs-ganesha/src/libntirpc/src/monitoring/monitoring.cc:131:53: error: expected primary-expression before ‘)’ token
  131 |         auto &gauge = prometheus::Builder<GaugeInt>()
      |                                                     ^
/build/nfs-ganesha-git/src/nfs-ganesha/src/libntirpc/src/monitoring/monitoring.cc: In function ‘histogram_metric_handle_t ntirpc_monitoring::monitoring__register_histogram(const char*, metric_metadata_t, const metric_label_t*, uint16_t, histogram_buckets_t)’:
/build/nfs-ganesha-git/src/nfs-ganesha/src/libntirpc/src/monitoring/monitoring.cc:147:29: error: ‘Builder’ is not a member of ‘prometheus’; did you mean ‘prometheus::detail::Builder’?
  147 |                 prometheus::Builder<HistogramInt>()
      |                             ^~~~~~~
/usr/include/prometheus/detail/builder.h:19:7: note: ‘prometheus::detail::Builder’ declared here
   19 | class Builder {
      |       ^~~~~~~
/build/nfs-ganesha-git/src/nfs-ganesha/src/libntirpc/src/monitoring/monitoring.cc:147:49: error: expected primary-expression before ‘>’ token
  147 |                 prometheus::Builder<HistogramInt>()
      |                                                 ^
/build/nfs-ganesha-git/src/nfs-ganesha/src/libntirpc/src/monitoring/monitoring.cc:147:51: error: expected primary-expression before ‘)’ token
  147 |                 prometheus::Builder<HistogramInt>()
      |                                                   ^
[ 16%] Building C object os/CMakeFiles/gos.dir/linux/subr.c.o
[ 16%] Building C object Protocols/NLM/CMakeFiles/nlm.dir/nlm_Share.c.o
[ 16%] Building C object Protocols/NFS/CMakeFiles/nfsproto.dir/nfs4_op_allocate.c.o
[ 16%] Building C object Protocols/9P/CMakeFiles/9p.dir/9p_clunk.c.o
[ 16%] Building C object dbus/CMakeFiles/gshdbus.dir/dbus_heartbeat.c.o
[ 16%] Building C object support/CMakeFiles/support.dir/nfs_filehandle_mgmt.c.o
[ 16%] Building C object Protocols/9P/CMakeFiles/9p.dir/9p_flush.c.o
[ 16%] Building C object Protocols/NLM/CMakeFiles/nlm.dir/nlm_Sm_Notify.c.o
[ 16%] Building C object FSAL/Stackable_FSALs/FSAL_MDCACHE/CMakeFiles/fsalmdcache.dir/mdcache_handle.c.o
[ 16%] Built target rpcal
[ 16%] Building C object Protocols/RQUOTA/CMakeFiles/rquota.dir/rquota_common.c.o
[ 17%] Building C object config_parsing/CMakeFiles/config_parsing.dir/conf_lex.c.o
[ 17%] Building C object Protocols/XDR/CMakeFiles/nfs_mnt_xdr.dir/xdr_nfsacl.c.o
make[2]: *** [libntirpc/src/monitoring/CMakeFiles/ntirpcmonitoring.dir/build.make:79: libntirpc/src/monitoring/CMakeFiles/ntirpcmonitoring.dir/monitoring.cc.o] Error 1
make[1]: *** [CMakeFiles/Makefile2:1477: libntirpc/src/monitoring/CMakeFiles/ntirpcmonitoring.dir/all] Error 2
make[1]: *** Waiting for unfinished jobs....
[ 18%] Building C object Protocols/NLM/CMakeFiles/nlm.dir/nlm_Test.c.o
[ 18%] Building C object FSAL/Stackable_FSALs/FSAL_MDCACHE/CMakeFiles/fsalmdcache.dir/mdcache_file.c.o
[ 18%] Built target gos
[ 18%] Building C object FSAL/Stackable_FSALs/FSAL_MDCACHE/CMakeFiles/fsalmdcache.dir/mdcache_xattrs.c.o
[ 19%] Building C object support/CMakeFiles/support.dir/nfs_read_conf.c.o
[ 19%] Building CXX object monitoring/CMakeFiles/ganesha_monitoring.dir/dynamic_metrics.cc.o
[ 20%] Building C object Protocols/XDR/CMakeFiles/nfs_mnt_xdr.dir/xdr_rquota.c.o
[ 20%] Building C object Protocols/NFS/CMakeFiles/nfsproto.dir/nfs4_op_bind_conn.c.o
[ 20%] Built target gshdbus
[ 20%] Building C object Protocols/9P/CMakeFiles/9p.dir/9p_flush_hook.c.o
[ 20%] Building C object SAL/CMakeFiles/sal.dir/nfs4_state.c.o
[ 21%] Building C object Protocols/9P/CMakeFiles/9p.dir/9p_getattr.c.o
[ 21%] Building C object SAL/CMakeFiles/sal.dir/nfs4_state_id.c.o
[ 22%] Building C object SAL/CMakeFiles/sal.dir/nfs4_lease.c.o
[ 23%] Building C object FSAL/Stackable_FSALs/FSAL_MDCACHE/CMakeFiles/fsalmdcache.dir/mdcache_main.c.o
[ 23%] Built target rquota
[ 23%] Building C object FSAL/Stackable_FSALs/FSAL_MDCACHE/CMakeFiles/fsalmdcache.dir/mdcache_helpers.c.o
[ 23%] Building C object FSAL/Stackable_FSALs/FSAL_MDCACHE/CMakeFiles/fsalmdcache.dir/mdcache_export.c.o
[ 25%] Building C object Protocols/NFS/CMakeFiles/nfsproto.dir/nfs4_op_close.c.o
[ 25%] Building C object Protocols/NFS/CMakeFiles/nfsproto.dir/nfs4_op_commit.c.o
[ 25%] Built target config_parsing
[ 25%] Building C object FSAL/Stackable_FSALs/FSAL_MDCACHE/CMakeFiles/fsalmdcache.dir/mdcache_lru.c.o
[ 25%] Building C object Protocols/NLM/CMakeFiles/nlm.dir/nlm_Unlock.c.o
[ 25%] Built target nfs_mnt_xdr
[ 25%] Building C object Protocols/NLM/CMakeFiles/nlm.dir/nlm_Unshare.c.o
[ 25%] Building C object support/CMakeFiles/support.dir/nfs_convert.c.o
[ 25%] Building C object support/CMakeFiles/support.dir/nfs_ip_name.c.o
[ 25%] Building C object Protocols/NFS/CMakeFiles/nfsproto.dir/nfs4_op_create.c.o
[ 25%] Building C object Protocols/NFS/CMakeFiles/nfsproto.dir/nfs4_op_create_session.c.o
[ 26%] Building C object Protocols/9P/CMakeFiles/9p.dir/9p_getlock.c.o
[ 26%] Building C object Protocols/NFS/CMakeFiles/nfsproto.dir/nfs4_op_delegpurge.c.o
[ 26%] Building C object Protocols/9P/CMakeFiles/9p.dir/9p_lcreate.c.o
[ 26%] Building C object SAL/CMakeFiles/sal.dir/nfs4_recovery.c.o
[ 26%] Building C object FSAL/Stackable_FSALs/FSAL_MDCACHE/CMakeFiles/fsalmdcache.dir/mdcache_hash.c.o
[ 26%] Building C object Protocols/NFS/CMakeFiles/nfsproto.dir/nfs4_op_delegreturn.c.o
[ 26%] Building C object Protocols/NLM/CMakeFiles/nlm.dir/nlm_async.c.o
[ 26%] Building C object support/CMakeFiles/support.dir/ds.c.o
[ 26%] Building C object Protocols/9P/CMakeFiles/9p.dir/9p_lopen.c.o
[ 27%] Building C object FSAL/Stackable_FSALs/FSAL_MDCACHE/CMakeFiles/fsalmdcache.dir/mdcache_avl.c.o
In file included from /build/nfs-ganesha-git/src/nfs-ganesha/src/monitoring/prometheus_exposer.cc:37:
/build/nfs-ganesha-git/src/nfs-ganesha/src/monitoring/include/prometheus_exposer.h:60:22: error: ‘prometheus::Histogram’ is not a template
   60 | using HistogramInt = prometheus::Histogram<int64_t>;
      |                      ^~~~~~~~~~
/build/nfs-ganesha-git/src/nfs-ganesha/src/monitoring/include/prometheus_exposer.h:72:23: error: ‘Family’ in ‘using ganesha_monitoring::HistogramInt = class prometheus::Histogram’ {aka ‘class prometheus::Histogram’} does not name a type
   72 |         HistogramInt::Family &scrapingLatencies_;
      |                       ^~~~~~
/build/nfs-ganesha-git/src/nfs-ganesha/src/monitoring/include/prometheus_exposer.h:73:9: error: ‘prometheus::Histogram’ is not a template
   73 |         prometheus::Histogram<int64_t> &successLatencies_;
      |         ^~~~~~~~~~
/build/nfs-ganesha-git/src/nfs-ganesha/src/monitoring/include/prometheus_exposer.h:74:9: error: ‘prometheus::Histogram’ is not a template
   74 |         prometheus::Histogram<int64_t> &failureLatencies_;
      |         ^~~~~~~~~~
/build/nfs-ganesha-git/src/nfs-ganesha/src/monitoring/prometheus_exposer.cc:124:41: error: ‘prometheus::Metric’ has not been declared
  124 | static bool is_metric_empty(prometheus::Metric::Type type,
      |                                         ^~~~~~
/build/nfs-ganesha-git/src/nfs-ganesha/src/monitoring/prometheus_exposer.cc:125:54: error: expected primary-expression before ‘&’ token
  125 |                             prometheus::ClientMetric &metric)
      |                                                      ^
/build/nfs-ganesha-git/src/nfs-ganesha/src/monitoring/prometheus_exposer.cc:125:55: error: ‘metric’ was not declared in this scope
  125 |                             prometheus::ClientMetric &metric)
      |                                                       ^~~~~~
/build/nfs-ganesha-git/src/nfs-ganesha/src/monitoring/prometheus_exposer.cc:125:61: error: expression list treated as compound expression in initializer [-fpermissive]
  125 |                             prometheus::ClientMetric &metric)
      |                                                             ^
/build/nfs-ganesha-git/src/nfs-ganesha/src/monitoring/prometheus_exposer.cc: In function ‘void ganesha_monitoring::compact_family(prometheus::MetricFamily&)’:
/build/nfs-ganesha-git/src/nfs-ganesha/src/monitoring/prometheus_exposer.cc:147:22: error: ‘remove_if’ is not a member of ‘std’; did you mean ‘remove_cv’?
  147 |                 std::remove_if(family.metric.begin(), family.metric.end(),
      |                      ^~~~~~~~~
      |                      remove_cv
/build/nfs-ganesha-git/src/nfs-ganesha/src/monitoring/prometheus_exposer.cc: In constructor ‘ganesha_monitoring::PrometheusExposer::PrometheusExposer(prometheus::Registry&)’:
/build/nfs-ganesha-git/src/nfs-ganesha/src/monitoring/prometheus_exposer.cc:168:11: error: class ‘ganesha_monitoring::PrometheusExposer’ does not have any field named ‘scrapingLatencies_’
  168 |         , scrapingLatencies_(
      |           ^~~~~~~~~~~~~~~~~~
/build/nfs-ganesha-git/src/nfs-ganesha/src/monitoring/prometheus_exposer.cc:169:31: error: ‘Builder’ is not a member of ‘prometheus’; did you mean ‘prometheus::detail::Builder’?
  169 |                   prometheus::Builder<HistogramInt>()
      |                               ^~~~~~~
In file included from /usr/include/prometheus/counter.h:4,
                 from /usr/include/prometheus/histogram.h:7,
                 from /build/nfs-ganesha-git/src/nfs-ganesha/src/monitoring/include/prometheus_exposer.h:48:
/usr/include/prometheus/detail/builder.h:19:7: note: ‘prometheus::detail::Builder’ declared here
   19 | class Builder {
      |       ^~~~~~~
/build/nfs-ganesha-git/src/nfs-ganesha/src/monitoring/prometheus_exposer.cc:169:51: error: expected primary-expression before ‘>’ token
  169 |                   prometheus::Builder<HistogramInt>()
      |                                                   ^
/build/nfs-ganesha-git/src/nfs-ganesha/src/monitoring/prometheus_exposer.cc:169:53: error: expected primary-expression before ‘)’ token
  169 |                   prometheus::Builder<HistogramInt>()
      |                                                     ^
/build/nfs-ganesha-git/src/nfs-ganesha/src/monitoring/prometheus_exposer.cc:173:29: error: ‘scrapingLatencies_’ was not declared in this scope
  173 |         , successLatencies_(scrapingLatencies_.Add({ { kStatus, kSuccess } },
      |                             ^~~~~~~~~~~~~~~~~~
[ 27%] Building C object FSAL/Stackable_FSALs/FSAL_MDCACHE/CMakeFiles/fsalmdcache.dir/mdcache_read_conf.c.o
/build/nfs-ganesha-git/src/nfs-ganesha/src/monitoring/prometheus_exposer.cc: In instantiation of ‘class ganesha_monitoring::SocketStreambuf<>’:
/build/nfs-ganesha-git/src/nfs-ganesha/src/monitoring/prometheus_exposer.cc:280:47:   required from here
  280 |                 SocketStreambuf<> socket_streambuf(client_fd);
      |                                                             ^
/build/nfs-ganesha-git/src/nfs-ganesha/src/monitoring/prometheus_exposer.cc:115:32: error: ‘ganesha_monitoring::SocketStreambuf<size>::buffer_’ has incomplete type
  115 |         std::array<char, size> buffer_{};
      |                                ^~~~~~~
In file included from /usr/include/c++/15.2.1/bits/stl_algobase.h:64,
                 from /usr/include/c++/15.2.1/string:53,
                 from /usr/include/c++/15.2.1/bits/locale_classes.h:42,
                 from /usr/include/c++/15.2.1/bits/ios_base.h:43,
                 from /usr/include/c++/15.2.1/streambuf:45,
                 from /build/nfs-ganesha-git/src/nfs-ganesha/src/monitoring/prometheus_exposer.cc:35:
/usr/include/c++/15.2.1/bits/stl_pair.h:99:12: note: declaration of ‘struct std::array<char, 4096>’
   99 |     struct array;
      |            ^~~~~
/build/nfs-ganesha-git/src/nfs-ganesha/src/monitoring/prometheus_exposer.cc: In static member function ‘static void* ganesha_monitoring::PrometheusExposer::server_thread(void*)’:
/build/nfs-ganesha-git/src/nfs-ganesha/src/monitoring/prometheus_exposer.cc:281:44: error: variable ‘std::ostream socket_ostream’ has initializer but incomplete type
  281 |                 std::ostream socket_ostream(&socket_streambuf);
      |                                            ^
/build/nfs-ganesha-git/src/nfs-ganesha/src/monitoring/prometheus_exposer.cc:38:1: note: ‘std::ostream’ is defined in header ‘<ostream>’; this is probably fixable by adding ‘#include <ostream>’
   37 | #include "prometheus_exposer.h"
  +++ |+#include <ostream>
   38 | 
[ 27%] Building C object FSAL/Stackable_FSALs/FSAL_MDCACHE/CMakeFiles/fsalmdcache.dir/mdcache_up.c.o
[ 28%] Building C object Protocols/NLM/CMakeFiles/nlm.dir/nlm_util.c.o
[ 28%] Building C object SAL/CMakeFiles/sal.dir/nfs41_session_id.c.o
[ 29%] Building C object support/CMakeFiles/support.dir/exports.c.o
[ 29%] Building C object support/CMakeFiles/support.dir/fridgethr.c.o
[ 29%] Building C object support/CMakeFiles/support.dir/delayed_exec.c.o
make[2]: *** [monitoring/CMakeFiles/ganesha_monitoring.dir/build.make:79: monitoring/CMakeFiles/ganesha_monitoring.dir/prometheus_exposer.cc.o] Error 1
make[2]: *** Waiting for unfinished jobs....
[ 29%] Building C object support/CMakeFiles/support.dir/bsd-base64.c.o
[ 29%] Building C object support/CMakeFiles/support.dir/server_stats.c.o
[ 29%] Building C object Protocols/NFS/CMakeFiles/nfsproto.dir/nfs4_op_destroy_session.c.o
[ 29%] Building C object Protocols/NFS/CMakeFiles/nfsproto.dir/nfs4_op_exchange_id.c.o
[ 29%] Building C object SAL/CMakeFiles/sal.dir/nfs4_owner.c.o
[ 30%] Building C object support/CMakeFiles/support.dir/export_mgr.c.o
[ 31%] Building C object Protocols/9P/CMakeFiles/9p.dir/9p_link.c.o
[ 31%] Building C object support/CMakeFiles/support.dir/nfs4_fs_locations.c.o
[ 31%] Building C object support/CMakeFiles/support.dir/xprt_handler.c.o
/build/nfs-ganesha-git/src/nfs-ganesha/src/monitoring/dynamic_metrics.cc:54:20: error: ‘prometheus::Counter’ is not a template
   54 | using CounterInt = prometheus::Counter<int64_t>;
      |                    ^~~~~~~~~~
/build/nfs-ganesha-git/src/nfs-ganesha/src/monitoring/dynamic_metrics.cc:55:18: error: ‘prometheus::Gauge’ is not a template
   55 | using GaugeInt = prometheus::Gauge<int64_t>;
      |                  ^~~~~~~~~~
/build/nfs-ganesha-git/src/nfs-ganesha/src/monitoring/dynamic_metrics.cc:56:22: error: ‘prometheus::Histogram’ is not a template
   56 | using HistogramInt = prometheus::Histogram<int64_t>;
      |                      ^~~~~~~~~~
/build/nfs-ganesha-git/src/nfs-ganesha/src/monitoring/dynamic_metrics.cc:57:25: error: ‘prometheus::Histogram’ is not a template
   57 | using HistogramDouble = prometheus::Histogram<double>;
      |                         ^~~~~~~~~~
/build/nfs-ganesha-git/src/nfs-ganesha/src/monitoring/dynamic_metrics.cc:79:21: error: ‘Family’ in ‘using ganesha_monitoring::CounterInt = class prometheus::Counter’ {aka ‘class prometheus::Counter’} does not name a type
   79 |         CounterInt::Family &mdcacheCacheHitsTotal;
      |                     ^~~~~~
/build/nfs-ganesha-git/src/nfs-ganesha/src/monitoring/dynamic_metrics.cc:80:21: error: ‘Family’ in ‘using ganesha_monitoring::CounterInt = class prometheus::Counter’ {aka ‘class prometheus::Counter’} does not name a type
   80 |         CounterInt::Family &mdcacheCacheMissesTotal;
      |                     ^~~~~~
/build/nfs-ganesha-git/src/nfs-ganesha/src/monitoring/dynamic_metrics.cc:81:21: error: ‘Family’ in ‘using ganesha_monitoring::CounterInt = class prometheus::Counter’ {aka ‘class prometheus::Counter’} does not name a type
   81 |         CounterInt::Family &mdcacheCacheHitsByExportTotal;
      |                     ^~~~~~
/build/nfs-ganesha-git/src/nfs-ganesha/src/monitoring/dynamic_metrics.cc:82:21: error: ‘Family’ in ‘using ganesha_monitoring::CounterInt = class prometheus::Counter’ {aka ‘class prometheus::Counter’} does not name a type
   82 |         CounterInt::Family &mdcacheCacheMissesByExportTotal;
      |                     ^~~~~~
/build/nfs-ganesha-git/src/nfs-ganesha/src/monitoring/dynamic_metrics.cc:83:21: error: ‘Family’ in ‘using ganesha_monitoring::CounterInt = class prometheus::Counter’ {aka ‘class prometheus::Counter’} does not name a type
   83 |         CounterInt::Family &rpcsReceivedTotal;
      |                     ^~~~~~
/build/nfs-ganesha-git/src/nfs-ganesha/src/monitoring/dynamic_metrics.cc:84:21: error: ‘Family’ in ‘using ganesha_monitoring::CounterInt = class prometheus::Counter’ {aka ‘class prometheus::Counter’} does not name a type
   84 |         CounterInt::Family &rpcsCompletedTotal;
      |                     ^~~~~~
/build/nfs-ganesha-git/src/nfs-ganesha/src/monitoring/dynamic_metrics.cc:85:21: error: ‘Family’ in ‘using ganesha_monitoring::CounterInt = class prometheus::Counter’ {aka ‘class prometheus::Counter’} does not name a type
   85 |         CounterInt::Family &errorsByVersionOperationStatus;
      |                     ^~~~~~
/build/nfs-ganesha-git/src/nfs-ganesha/src/monitoring/dynamic_metrics.cc:90:21: error: ‘Family’ in ‘using ganesha_monitoring::CounterInt = class prometheus::Counter’ {aka ‘class prometheus::Counter’} does not name a type
   90 |         CounterInt::Family &clientRequestsTotal;
      |                     ^~~~~~
/build/nfs-ganesha-git/src/nfs-ganesha/src/monitoring/dynamic_metrics.cc:91:21: error: ‘Family’ in ‘using ganesha_monitoring::CounterInt = class prometheus::Counter’ {aka ‘class prometheus::Counter’} does not name a type
   91 |         CounterInt::Family &clientBytesReceivedTotal;
      |                     ^~~~~~
/build/nfs-ganesha-git/src/nfs-ganesha/src/monitoring/dynamic_metrics.cc:92:21: error: ‘Family’ in ‘using ganesha_monitoring::CounterInt = class prometheus::Counter’ {aka ‘class prometheus::Counter’} does not name a type
   92 |         CounterInt::Family &clientBytesSentTotal;
      |                     ^~~~~~
/build/nfs-ganesha-git/src/nfs-ganesha/src/monitoring/dynamic_metrics.cc:95:19: error: ‘Family’ in ‘using ganesha_monitoring::GaugeInt = class prometheus::Gauge’ {aka ‘class prometheus::Gauge’} does not name a type
   95 |         GaugeInt::Family &rpcsInFlight;
      |                   ^~~~~~
/build/nfs-ganesha-git/src/nfs-ganesha/src/monitoring/dynamic_metrics.cc:96:19: error: ‘Family’ in ‘using ganesha_monitoring::GaugeInt = class prometheus::Gauge’ {aka ‘class prometheus::Gauge’} does not name a type
   96 |         GaugeInt::Family &lastClientUpdate;
      |                   ^~~~~~
/build/nfs-ganesha-git/src/nfs-ganesha/src/monitoring/dynamic_metrics.cc:99:21: error: ‘Family’ in ‘using ganesha_monitoring::CounterInt = class prometheus::Counter’ {aka ‘class prometheus::Counter’} does not name a type
   99 |         CounterInt::Family &requestsTotalByOperation;
      |                     ^~~~~~
/build/nfs-ganesha-git/src/nfs-ganesha/src/monitoring/dynamic_metrics.cc:100:21: error: ‘Family’ in ‘using ganesha_monitoring::CounterInt = class prometheus::Counter’ {aka ‘class prometheus::Counter’} does not name a type
  100 |         CounterInt::Family &bytesReceivedTotalByOperation;
      |                     ^~~~~~
/build/nfs-ganesha-git/src/nfs-ganesha/src/monitoring/dynamic_metrics.cc:101:21: error: ‘Family’ in ‘using ganesha_monitoring::CounterInt = class prometheus::Counter’ {aka ‘class prometheus::Counter’} does not name a type
  101 |         CounterInt::Family &bytesSentTotalByOperation;
      |                     ^~~~~~
/build/nfs-ganesha-git/src/nfs-ganesha/src/monitoring/dynamic_metrics.cc:102:23: error: ‘Family’ in ‘using ganesha_monitoring::HistogramInt = class prometheus::Histogram’ {aka ‘class prometheus::Histogram’} does not name a type
  102 |         HistogramInt::Family &requestSizeByOperation;
      |                       ^~~~~~
/build/nfs-ganesha-git/src/nfs-ganesha/src/monitoring/dynamic_metrics.cc:103:23: error: ‘Family’ in ‘using ganesha_monitoring::HistogramInt = class prometheus::Histogram’ {aka ‘class prometheus::Histogram’} does not name a type
  103 |         HistogramInt::Family &responseSizeByOperation;
      |                       ^~~~~~
/build/nfs-ganesha-git/src/nfs-ganesha/src/monitoring/dynamic_metrics.cc:104:26: error: ‘Family’ in ‘using ganesha_monitoring::HistogramDouble = class prometheus::Histogram’ {aka ‘class prometheus::Histogram’} does not name a type
  104 |         HistogramDouble::Family &latencyByOperation;
      |                          ^~~~~~
/build/nfs-ganesha-git/src/nfs-ganesha/src/monitoring/dynamic_metrics.cc:107:21: error: ‘Family’ in ‘using ganesha_monitoring::CounterInt = class prometheus::Counter’ {aka ‘class prometheus::Counter’} does not name a type
  107 |         CounterInt::Family &requestsTotalByOperationExport;
      |                     ^~~~~~
/build/nfs-ganesha-git/src/nfs-ganesha/src/monitoring/dynamic_metrics.cc:108:21: error: ‘Family’ in ‘using ganesha_monitoring::CounterInt = class prometheus::Counter’ {aka ‘class prometheus::Counter’} does not name a type
  108 |         CounterInt::Family &bytesReceivedTotalByOperationExport;
      |                     ^~~~~~
/build/nfs-ganesha-git/src/nfs-ganesha/src/monitoring/dynamic_metrics.cc:109:21: error: ‘Family’ in ‘using ganesha_monitoring::CounterInt = class prometheus::Counter’ {aka ‘class prometheus::Counter’} does not name a type
  109 |         CounterInt::Family &bytesSentTotalByOperationExport;
      |                     ^~~~~~
/build/nfs-ganesha-git/src/nfs-ganesha/src/monitoring/dynamic_metrics.cc:110:23: error: ‘Family’ in ‘using ganesha_monitoring::HistogramInt = class prometheus::Histogram’ {aka ‘class prometheus::Histogram’} does not name a type
  110 |         HistogramInt::Family &requestSizeByOperationExport;
      |                       ^~~~~~
/build/nfs-ganesha-git/src/nfs-ganesha/src/monitoring/dynamic_metrics.cc:111:23: error: ‘Family’ in ‘using ganesha_monitoring::HistogramInt = class prometheus::Histogram’ {aka ‘class prometheus::Histogram’} does not name a type
  111 |         HistogramInt::Family &responseSizeByOperationExport;
      |                       ^~~~~~
/build/nfs-ganesha-git/src/nfs-ganesha/src/monitoring/dynamic_metrics.cc:112:26: error: ‘Family’ in ‘using ganesha_monitoring::HistogramDouble = class prometheus::Histogram’ {aka ‘class prometheus::Histogram’} does not name a type
  112 |         HistogramDouble::Family &latencyByOperationExport;
      |                          ^~~~~~
/build/nfs-ganesha-git/src/nfs-ganesha/src/monitoring/dynamic_metrics.cc: In constructor ‘ganesha_monitoring::DynamicMetrics::DynamicMetrics(prometheus::Registry&)’:
/build/nfs-ganesha-git/src/nfs-ganesha/src/monitoring/dynamic_metrics.cc:117:9: error: class ‘ganesha_monitoring::DynamicMetrics’ does not have any field named ‘mdcacheCacheHitsTotal’
  117 |         mdcacheCacheHitsTotal(
      |         ^~~~~~~~~~~~~~~~~~~~~
/build/nfs-ganesha-git/src/nfs-ganesha/src/monitoring/dynamic_metrics.cc:118:29: error: ‘Builder’ is not a member of ‘prometheus’; did you mean ‘prometheus::detail::Builder’?
  118 |                 prometheus::Builder<CounterInt>()
      |                             ^~~~~~~
In file included from /usr/include/prometheus/counter.h:4,
                 from /build/nfs-ganesha-git/src/nfs-ganesha/src/monitoring/dynamic_metrics.cc:36:
/usr/include/prometheus/detail/builder.h:19:7: note: ‘prometheus::detail::Builder’ declared here
   19 | class Builder {
      |       ^~~~~~~
/build/nfs-ganesha-git/src/nfs-ganesha/src/monitoring/dynamic_metrics.cc:118:47: error: expected primary-expression before ‘>’ token
  118 |                 prometheus::Builder<CounterInt>()
      |                                               ^
/build/nfs-ganesha-git/src/nfs-ganesha/src/monitoring/dynamic_metrics.cc:118:49: error: expected primary-expression before ‘)’ token
  118 |                 prometheus::Builder<CounterInt>()
      |                                                 ^
/build/nfs-ganesha-git/src/nfs-ganesha/src/monitoring/dynamic_metrics.cc:122:11: error: class ‘ganesha_monitoring::DynamicMetrics’ does not have any field named ‘mdcacheCacheMissesTotal’
  122 |         , mdcacheCacheMissesTotal(
      |           ^~~~~~~~~~~~~~~~~~~~~~~
/build/nfs-ganesha-git/src/nfs-ganesha/src/monitoring/dynamic_metrics.cc:123:31: error: ‘Builder’ is not a member of ‘prometheus’; did you mean ‘prometheus::detail::Builder’?
  123 |                   prometheus::Builder<CounterInt>()
      |                               ^~~~~~~
/usr/include/prometheus/detail/builder.h:19:7: note: ‘prometheus::detail::Builder’ declared here
   19 | class Builder {
      |       ^~~~~~~
/build/nfs-ganesha-git/src/nfs-ganesha/src/monitoring/dynamic_metrics.cc:123:49: error: expected primary-expression before ‘>’ token
  123 |                   prometheus::Builder<CounterInt>()
      |                                                 ^
/build/nfs-ganesha-git/src/nfs-ganesha/src/monitoring/dynamic_metrics.cc:123:51: error: expected primary-expression before ‘)’ token
  123 |                   prometheus::Builder<CounterInt>()
      |                                                   ^
/build/nfs-ganesha-git/src/nfs-ganesha/src/monitoring/dynamic_metrics.cc:127:11: error: class ‘ganesha_monitoring::DynamicMetrics’ does not have any field named ‘mdcacheCacheHitsByExportTotal’
  127 |         , mdcacheCacheHitsByExportTotal(
      |           ^~~~~~~~~~~~~~~~~~~~~~~~~~~~~
/build/nfs-ganesha-git/src/nfs-ganesha/src/monitoring/dynamic_metrics.cc:128:31: error: ‘Builder’ is not a member of ‘prometheus’; did you mean ‘prometheus::detail::Builder’?
  128 |                   prometheus::Builder<CounterInt>()
      |                               ^~~~~~~
/usr/include/prometheus/detail/builder.h:19:7: note: ‘prometheus::detail::Builder’ declared here
   19 | class Builder {
      |       ^~~~~~~
/build/nfs-ganesha-git/src/nfs-ganesha/src/monitoring/dynamic_metrics.cc:128:49: error: expected primary-expression before ‘>’ token
  128 |                   prometheus::Builder<CounterInt>()
      |                                                 ^
/build/nfs-ganesha-git/src/nfs-ganesha/src/monitoring/dynamic_metrics.cc:128:51: error: expected primary-expression before ‘)’ token
  128 |                   prometheus::Builder<CounterInt>()
      |                                                   ^
/build/nfs-ganesha-git/src/nfs-ganesha/src/monitoring/dynamic_metrics.cc:132:11: error: class ‘ganesha_monitoring::DynamicMetrics’ does not have any field named ‘mdcacheCacheMissesByExportTotal’
  132 |         , mdcacheCacheMissesByExportTotal(
      |           ^~~~~~~~~~~~~~~~~~~~~~~~~~~~~~~
/build/nfs-ganesha-git/src/nfs-ganesha/src/monitoring/dynamic_metrics.cc:133:31: error: ‘Builder’ is not a member of ‘prometheus’; did you mean ‘prometheus::detail::Builder’?
  133 |                   prometheus::Builder<CounterInt>()
      |                               ^~~~~~~
/usr/include/prometheus/detail/builder.h:19:7: note: ‘prometheus::detail::Builder’ declared here
   19 | class Builder {
      |       ^~~~~~~
/build/nfs-ganesha-git/src/nfs-ganesha/src/monitoring/dynamic_metrics.cc:133:49: error: expected primary-expression before ‘>’ token
  133 |                   prometheus::Builder<CounterInt>()
      |                                                 ^
/build/nfs-ganesha-git/src/nfs-ganesha/src/monitoring/dynamic_metrics.cc:133:51: error: expected primary-expression before ‘)’ token
  133 |                   prometheus::Builder<CounterInt>()
      |                                                   ^
/build/nfs-ganesha-git/src/nfs-ganesha/src/monitoring/dynamic_metrics.cc:137:11: error: class ‘ganesha_monitoring::DynamicMetrics’ does not have any field named ‘rpcsReceivedTotal’
  137 |         , rpcsReceivedTotal(prometheus::Builder<CounterInt>()
      |           ^~~~~~~~~~~~~~~~~
/build/nfs-ganesha-git/src/nfs-ganesha/src/monitoring/dynamic_metrics.cc:137:41: error: ‘Builder’ is not a member of ‘prometheus’; did you mean ‘prometheus::detail::Builder’?
  137 |         , rpcsReceivedTotal(prometheus::Builder<CounterInt>()
      |                                         ^~~~~~~
/usr/include/prometheus/detail/builder.h:19:7: note: ‘prometheus::detail::Builder’ declared here
   19 | class Builder {
      |       ^~~~~~~
/build/nfs-ganesha-git/src/nfs-ganesha/src/monitoring/dynamic_metrics.cc:137:59: error: expected primary-expression before ‘>’ token
  137 |         , rpcsReceivedTotal(prometheus::Builder<CounterInt>()
      |                                                           ^
/build/nfs-ganesha-git/src/nfs-ganesha/src/monitoring/dynamic_metrics.cc:137:61: error: expected primary-expression before ‘)’ token
  137 |         , rpcsReceivedTotal(prometheus::Builder<CounterInt>()
      |                                                             ^
/build/nfs-ganesha-git/src/nfs-ganesha/src/monitoring/dynamic_metrics.cc:141:11: error: class ‘ganesha_monitoring::DynamicMetrics’ does not have any field named ‘rpcsCompletedTotal’
  141 |         , rpcsCompletedTotal(prometheus::Builder<CounterInt>()
      |           ^~~~~~~~~~~~~~~~~~
/build/nfs-ganesha-git/src/nfs-ganesha/src/monitoring/dynamic_metrics.cc:141:42: error: ‘Builder’ is not a member of ‘prometheus’; did you mean ‘prometheus::detail::Builder’?
  141 |         , rpcsCompletedTotal(prometheus::Builder<CounterInt>()
      |                                          ^~~~~~~
/usr/include/prometheus/detail/builder.h:19:7: note: ‘prometheus::detail::Builder’ declared here
   19 | class Builder {
      |       ^~~~~~~
/build/nfs-ganesha-git/src/nfs-ganesha/src/monitoring/dynamic_metrics.cc:141:60: error: expected primary-expression before ‘>’ token
  141 |         , rpcsCompletedTotal(prometheus::Builder<CounterInt>()
      |                                                            ^
/build/nfs-ganesha-git/src/nfs-ganesha/src/monitoring/dynamic_metrics.cc:141:62: error: expected primary-expression before ‘)’ token
  141 |         , rpcsCompletedTotal(prometheus::Builder<CounterInt>()
      |                                                              ^
/build/nfs-ganesha-git/src/nfs-ganesha/src/monitoring/dynamic_metrics.cc:145:11: error: class ‘ganesha_monitoring::DynamicMetrics’ does not have any field named ‘errorsByVersionOperationStatus’
  145 |         , errorsByVersionOperationStatus(
      |           ^~~~~~~~~~~~~~~~~~~~~~~~~~~~~~
/build/nfs-ganesha-git/src/nfs-ganesha/src/monitoring/dynamic_metrics.cc:146:31: error: ‘Builder’ is not a member of ‘prometheus’; did you mean ‘prometheus::detail::Builder’?
  146 |                   prometheus::Builder<CounterInt>()
      |                               ^~~~~~~
/usr/include/prometheus/detail/builder.h:19:7: note: ‘prometheus::detail::Builder’ declared here
   19 | class Builder {
      |       ^~~~~~~
/build/nfs-ganesha-git/src/nfs-ganesha/src/monitoring/dynamic_metrics.cc:146:49: error: expected primary-expression before ‘>’ token
  146 |                   prometheus::Builder<CounterInt>()
      |                                                 ^
/build/nfs-ganesha-git/src/nfs-ganesha/src/monitoring/dynamic_metrics.cc:146:51: error: expected primary-expression before ‘)’ token
  146 |                   prometheus::Builder<CounterInt>()
      |                                                   ^
/build/nfs-ganesha-git/src/nfs-ganesha/src/monitoring/dynamic_metrics.cc:153:9: error: class ‘ganesha_monitoring::DynamicMetrics’ does not have any field named ‘clientRequestsTotal’
  153 |         clientRequestsTotal(prometheus::Builder<CounterInt>()
      |         ^~~~~~~~~~~~~~~~~~~
/build/nfs-ganesha-git/src/nfs-ganesha/src/monitoring/dynamic_metrics.cc:153:41: error: ‘Builder’ is not a member of ‘prometheus’; did you mean ‘prometheus::detail::Builder’?
  153 |         clientRequestsTotal(prometheus::Builder<CounterInt>()
      |                                         ^~~~~~~
/usr/include/prometheus/detail/builder.h:19:7: note: ‘prometheus::detail::Builder’ declared here
   19 | class Builder {
      |       ^~~~~~~
/build/nfs-ganesha-git/src/nfs-ganesha/src/monitoring/dynamic_metrics.cc:153:59: error: expected primary-expression before ‘>’ token
  153 |         clientRequestsTotal(prometheus::Builder<CounterInt>()
      |                                                           ^
/build/nfs-ganesha-git/src/nfs-ganesha/src/monitoring/dynamic_metrics.cc:153:61: error: expected primary-expression before ‘)’ token
  153 |         clientRequestsTotal(prometheus::Builder<CounterInt>()
      |                                                             ^
/build/nfs-ganesha-git/src/nfs-ganesha/src/monitoring/dynamic_metrics.cc:157:11: error: class ‘ganesha_monitoring::DynamicMetrics’ does not have any field named ‘clientBytesReceivedTotal’
  157 |         , clientBytesReceivedTotal(
      |           ^~~~~~~~~~~~~~~~~~~~~~~~
/build/nfs-ganesha-git/src/nfs-ganesha/src/monitoring/dynamic_metrics.cc:158:31: error: ‘Builder’ is not a member of ‘prometheus’; did you mean ‘prometheus::detail::Builder’?
  158 |                   prometheus::Builder<CounterInt>()
      |                               ^~~~~~~
/usr/include/prometheus/detail/builder.h:19:7: note: ‘prometheus::detail::Builder’ declared here
   19 | class Builder {
      |       ^~~~~~~
/build/nfs-ganesha-git/src/nfs-ganesha/src/monitoring/dynamic_metrics.cc:158:49: error: expected primary-expression before ‘>’ token
  158 |                   prometheus::Builder<CounterInt>()
      |                                                 ^
/build/nfs-ganesha-git/src/nfs-ganesha/src/monitoring/dynamic_metrics.cc:158:51: error: expected primary-expression before ‘)’ token
  158 |                   prometheus::Builder<CounterInt>()
      |                                                   ^
/build/nfs-ganesha-git/src/nfs-ganesha/src/monitoring/dynamic_metrics.cc:162:11: error: class ‘ganesha_monitoring::DynamicMetrics’ does not have any field named ‘clientBytesSentTotal’
  162 |         , clientBytesSentTotal(
      |           ^~~~~~~~~~~~~~~~~~~~
/build/nfs-ganesha-git/src/nfs-ganesha/src/monitoring/dynamic_metrics.cc:163:31: error: ‘Builder’ is not a member of ‘prometheus’; did you mean ‘prometheus::detail::Builder’?
  163 |                   prometheus::Builder<CounterInt>()
      |                               ^~~~~~~
/usr/include/prometheus/detail/builder.h:19:7: note: ‘prometheus::detail::Builder’ declared here
   19 | class Builder {
      |       ^~~~~~~
/build/nfs-ganesha-git/src/nfs-ganesha/src/monitoring/dynamic_metrics.cc:163:49: error: expected primary-expression before ‘>’ token
  163 |                   prometheus::Builder<CounterInt>()
      |                                                 ^
/build/nfs-ganesha-git/src/nfs-ganesha/src/monitoring/dynamic_metrics.cc:163:51: error: expected primary-expression before ‘)’ token
  163 |                   prometheus::Builder<CounterInt>()
      |                                                   ^
/build/nfs-ganesha-git/src/nfs-ganesha/src/monitoring/dynamic_metrics.cc:170:9: error: class ‘ganesha_monitoring::DynamicMetrics’ does not have any field named ‘rpcsInFlight’
  170 |         rpcsInFlight(
      |         ^~~~~~~~~~~~
/build/nfs-ganesha-git/src/nfs-ganesha/src/monitoring/dynamic_metrics.cc:171:29: error: ‘Builder’ is not a member of ‘prometheus’; did you mean ‘prometheus::detail::Builder’?
  171 |                 prometheus::Builder<GaugeInt>()
      |                             ^~~~~~~
/usr/include/prometheus/detail/builder.h:19:7: note: ‘prometheus::detail::Builder’ declared here
   19 | class Builder {
      |       ^~~~~~~
/build/nfs-ganesha-git/src/nfs-ganesha/src/monitoring/dynamic_metrics.cc:171:45: error: expected primary-expression before ‘>’ token
  171 |                 prometheus::Builder<GaugeInt>()
      |                                             ^
/build/nfs-ganesha-git/src/nfs-ganesha/src/monitoring/dynamic_metrics.cc:171:47: error: expected primary-expression before ‘)’ token
  171 |                 prometheus::Builder<GaugeInt>()
      |                                               ^
/build/nfs-ganesha-git/src/nfs-ganesha/src/monitoring/dynamic_metrics.cc:175:11: error: class ‘ganesha_monitoring::DynamicMetrics’ does not have any field named ‘lastClientUpdate’
  175 |         , lastClientUpdate(prometheus::Builder<GaugeInt>()
      |           ^~~~~~~~~~~~~~~~
/build/nfs-ganesha-git/src/nfs-ganesha/src/monitoring/dynamic_metrics.cc:175:40: error: ‘Builder’ is not a member of ‘prometheus’; did you mean ‘prometheus::detail::Builder’?
  175 |         , lastClientUpdate(prometheus::Builder<GaugeInt>()
      |                                        ^~~~~~~
/usr/include/prometheus/detail/builder.h:19:7: note: ‘prometheus::detail::Builder’ declared here
   19 | class Builder {
      |       ^~~~~~~
/build/nfs-ganesha-git/src/nfs-ganesha/src/monitoring/dynamic_metrics.cc:175:56: error: expected primary-expression before ‘>’ token
  175 |         , lastClientUpdate(prometheus::Builder<GaugeInt>()
      |                                                        ^
/build/nfs-ganesha-git/src/nfs-ganesha/src/monitoring/dynamic_metrics.cc:175:58: error: expected primary-expression before ‘)’ token
  175 |         , lastClientUpdate(prometheus::Builder<GaugeInt>()
      |                                                          ^
/build/nfs-ganesha-git/src/nfs-ganesha/src/monitoring/dynamic_metrics.cc:182:9: error: class ‘ganesha_monitoring::DynamicMetrics’ does not have any field named ‘requestsTotalByOperation’
  182 |         requestsTotalByOperation(prometheus::Builder<CounterInt>()
      |         ^~~~~~~~~~~~~~~~~~~~~~~~
/build/nfs-ganesha-git/src/nfs-ganesha/src/monitoring/dynamic_metrics.cc:182:46: error: ‘Builder’ is not a member of ‘prometheus’; did you mean ‘prometheus::detail::Builder’?
  182 |         requestsTotalByOperation(prometheus::Builder<CounterInt>()
      |                                              ^~~~~~~
/usr/include/prometheus/detail/builder.h:19:7: note: ‘prometheus::detail::Builder’ declared here
   19 | class Builder {
      |       ^~~~~~~
/build/nfs-ganesha-git/src/nfs-ganesha/src/monitoring/dynamic_metrics.cc:182:64: error: expected primary-expression before ‘>’ token
  182 |         requestsTotalByOperation(prometheus::Builder<CounterInt>()
      |                                                                ^
/build/nfs-ganesha-git/src/nfs-ganesha/src/monitoring/dynamic_metrics.cc:182:66: error: expected primary-expression before ‘)’ token
  182 |         requestsTotalByOperation(prometheus::Builder<CounterInt>()
      |                                                                  ^
/build/nfs-ganesha-git/src/nfs-ganesha/src/monitoring/dynamic_metrics.cc:186:11: error: class ‘ganesha_monitoring::DynamicMetrics’ does not have any field named ‘bytesReceivedTotalByOperation’
  186 |         , bytesReceivedTotalByOperation(
      |           ^~~~~~~~~~~~~~~~~~~~~~~~~~~~~
/build/nfs-ganesha-git/src/nfs-ganesha/src/monitoring/dynamic_metrics.cc:187:31: error: ‘Builder’ is not a member of ‘prometheus’; did you mean ‘prometheus::detail::Builder’?
  187 |                   prometheus::Builder<CounterInt>()
      |                               ^~~~~~~
/usr/include/prometheus/detail/builder.h:19:7: note: ‘prometheus::detail::Builder’ declared here
   19 | class Builder {
      |       ^~~~~~~
/build/nfs-ganesha-git/src/nfs-ganesha/src/monitoring/dynamic_metrics.cc:187:49: error: expected primary-expression before ‘>’ token
  187 |                   prometheus::Builder<CounterInt>()
      |                                                 ^
/build/nfs-ganesha-git/src/nfs-ganesha/src/monitoring/dynamic_metrics.cc:187:51: error: expected primary-expression before ‘)’ token
  187 |                   prometheus::Builder<CounterInt>()
      |                                                   ^
/build/nfs-ganesha-git/src/nfs-ganesha/src/monitoring/dynamic_metrics.cc:191:11: error: class ‘ganesha_monitoring::DynamicMetrics’ does not have any field named ‘bytesSentTotalByOperation’
  191 |         , bytesSentTotalByOperation(prometheus::Builder<CounterInt>()
      |           ^~~~~~~~~~~~~~~~~~~~~~~~~
/build/nfs-ganesha-git/src/nfs-ganesha/src/monitoring/dynamic_metrics.cc:191:49: error: ‘Builder’ is not a member of ‘prometheus’; did you mean ‘prometheus::detail::Builder’?
  191 |         , bytesSentTotalByOperation(prometheus::Builder<CounterInt>()
      |                                                 ^~~~~~~
/usr/include/prometheus/detail/builder.h:19:7: note: ‘prometheus::detail::Builder’ declared here
   19 | class Builder {
      |       ^~~~~~~
/build/nfs-ganesha-git/src/nfs-ganesha/src/monitoring/dynamic_metrics.cc:191:67: error: expected primary-expression before ‘>’ token
  191 |         , bytesSentTotalByOperation(prometheus::Builder<CounterInt>()
      |                                                                   ^
/build/nfs-ganesha-git/src/nfs-ganesha/src/monitoring/dynamic_metrics.cc:191:69: error: expected primary-expression before ‘)’ token
  191 |         , bytesSentTotalByOperation(prometheus::Builder<CounterInt>()
      |                                                                     ^
/build/nfs-ganesha-git/src/nfs-ganesha/src/monitoring/dynamic_metrics.cc:195:11: error: class ‘ganesha_monitoring::DynamicMetrics’ does not have any field named ‘requestSizeByOperation’
  195 |         , requestSizeByOperation(prometheus::Builder<HistogramInt>()
      |           ^~~~~~~~~~~~~~~~~~~~~~
/build/nfs-ganesha-git/src/nfs-ganesha/src/monitoring/dynamic_metrics.cc:195:46: error: ‘Builder’ is not a member of ‘prometheus’; did you mean ‘prometheus::detail::Builder’?
  195 |         , requestSizeByOperation(prometheus::Builder<HistogramInt>()
      |                                              ^~~~~~~
/usr/include/prometheus/detail/builder.h:19:7: note: ‘prometheus::detail::Builder’ declared here
   19 | class Builder {
      |       ^~~~~~~
/build/nfs-ganesha-git/src/nfs-ganesha/src/monitoring/dynamic_metrics.cc:195:66: error: expected primary-expression before ‘>’ token
  195 |         , requestSizeByOperation(prometheus::Builder<HistogramInt>()
      |                                                                  ^
/build/nfs-ganesha-git/src/nfs-ganesha/src/monitoring/dynamic_metrics.cc:195:68: error: expected primary-expression before ‘)’ token
  195 |         , requestSizeByOperation(prometheus::Builder<HistogramInt>()
      |                                                                    ^
/build/nfs-ganesha-git/src/nfs-ganesha/src/monitoring/dynamic_metrics.cc:199:11: error: class ‘ganesha_monitoring::DynamicMetrics’ does not have any field named ‘responseSizeByOperation’
  199 |         , responseSizeByOperation(prometheus::Builder<HistogramInt>()
      |           ^~~~~~~~~~~~~~~~~~~~~~~
/build/nfs-ganesha-git/src/nfs-ganesha/src/monitoring/dynamic_metrics.cc:199:47: error: ‘Builder’ is not a member of ‘prometheus’; did you mean ‘prometheus::detail::Builder’?
  199 |         , responseSizeByOperation(prometheus::Builder<HistogramInt>()
      |                                               ^~~~~~~
/usr/include/prometheus/detail/builder.h:19:7: note: ‘prometheus::detail::Builder’ declared here
   19 | class Builder {
      |       ^~~~~~~
/build/nfs-ganesha-git/src/nfs-ganesha/src/monitoring/dynamic_metrics.cc:199:67: error: expected primary-expression before ‘>’ token
  199 |         , responseSizeByOperation(prometheus::Builder<HistogramInt>()
      |                                                                   ^
/build/nfs-ganesha-git/src/nfs-ganesha/src/monitoring/dynamic_metrics.cc:199:69: error: expected primary-expression before ‘)’ token
  199 |         , responseSizeByOperation(prometheus::Builder<HistogramInt>()
      |                                                                     ^
/build/nfs-ganesha-git/src/nfs-ganesha/src/monitoring/dynamic_metrics.cc:203:11: error: class ‘ganesha_monitoring::DynamicMetrics’ does not have any field named ‘latencyByOperation’
  203 |         , latencyByOperation(prometheus::Builder<HistogramDouble>()
      |           ^~~~~~~~~~~~~~~~~~
/build/nfs-ganesha-git/src/nfs-ganesha/src/monitoring/dynamic_metrics.cc:203:42: error: ‘Builder’ is not a member of ‘prometheus’; did you mean ‘prometheus::detail::Builder’?
  203 |         , latencyByOperation(prometheus::Builder<HistogramDouble>()
      |                                          ^~~~~~~
/usr/include/prometheus/detail/builder.h:19:7: note: ‘prometheus::detail::Builder’ declared here
   19 | class Builder {
      |       ^~~~~~~
/build/nfs-ganesha-git/src/nfs-ganesha/src/monitoring/dynamic_metrics.cc:203:65: error: expected primary-expression before ‘>’ token
  203 |         , latencyByOperation(prometheus::Builder<HistogramDouble>()
      |                                                                 ^
/build/nfs-ganesha-git/src/nfs-ganesha/src/monitoring/dynamic_metrics.cc:203:67: error: expected primary-expression before ‘)’ token
  203 |         , latencyByOperation(prometheus::Builder<HistogramDouble>()
      |                                                                   ^
/build/nfs-ganesha-git/src/nfs-ganesha/src/monitoring/dynamic_metrics.cc:210:9: error: class ‘ganesha_monitoring::DynamicMetrics’ does not have any field named ‘requestsTotalByOperationExport’
  210 |         requestsTotalByOperationExport(
      |         ^~~~~~~~~~~~~~~~~~~~~~~~~~~~~~
/build/nfs-ganesha-git/src/nfs-ganesha/src/monitoring/dynamic_metrics.cc:211:29: error: ‘Builder’ is not a member of ‘prometheus’; did you mean ‘prometheus::detail::Builder’?
  211 |                 prometheus::Builder<CounterInt>()
      |                             ^~~~~~~
/usr/include/prometheus/detail/builder.h:19:7: note: ‘prometheus::detail::Builder’ declared here
   19 | class Builder {
      |       ^~~~~~~
/build/nfs-ganesha-git/src/nfs-ganesha/src/monitoring/dynamic_metrics.cc:211:47: error: expected primary-expression before ‘>’ token
  211 |                 prometheus::Builder<CounterInt>()
      |                                               ^
/build/nfs-ganesha-git/src/nfs-ganesha/src/monitoring/dynamic_metrics.cc:211:49: error: expected primary-expression before ‘)’ token
  211 |                 prometheus::Builder<CounterInt>()
      |                                                 ^
/build/nfs-ganesha-git/src/nfs-ganesha/src/monitoring/dynamic_metrics.cc:215:11: error: class ‘ganesha_monitoring::DynamicMetrics’ does not have any field named ‘bytesReceivedTotalByOperationExport’
  215 |         , bytesReceivedTotalByOperationExport(
      |           ^~~~~~~~~~~~~~~~~~~~~~~~~~~~~~~~~~~
/build/nfs-ganesha-git/src/nfs-ganesha/src/monitoring/dynamic_metrics.cc:216:31: error: ‘Builder’ is not a member of ‘prometheus’; did you mean ‘prometheus::detail::Builder’?
  216 |                   prometheus::Builder<CounterInt>()
      |                               ^~~~~~~
/usr/include/prometheus/detail/builder.h:19:7: note: ‘prometheus::detail::Builder’ declared here
   19 | class Builder {
      |       ^~~~~~~
/build/nfs-ganesha-git/src/nfs-ganesha/src/monitoring/dynamic_metrics.cc:216:49: error: expected primary-expression before ‘>’ token
  216 |                   prometheus::Builder<CounterInt>()
      |                                                 ^
/build/nfs-ganesha-git/src/nfs-ganesha/src/monitoring/dynamic_metrics.cc:216:51: error: expected primary-expression before ‘)’ token
  216 |                   prometheus::Builder<CounterInt>()
      |                                                   ^
/build/nfs-ganesha-git/src/nfs-ganesha/src/monitoring/dynamic_metrics.cc:220:11: error: class ‘ganesha_monitoring::DynamicMetrics’ does not have any field named ‘bytesSentTotalByOperationExport’
  220 |         , bytesSentTotalByOperationExport(
      |           ^~~~~~~~~~~~~~~~~~~~~~~~~~~~~~~
/build/nfs-ganesha-git/src/nfs-ganesha/src/monitoring/dynamic_metrics.cc:221:31: error: ‘Builder’ is not a member of ‘prometheus’; did you mean ‘prometheus::detail::Builder’?
  221 |                   prometheus::Builder<CounterInt>()
      |                               ^~~~~~~
/usr/include/prometheus/detail/builder.h:19:7: note: ‘prometheus::detail::Builder’ declared here
   19 | class Builder {
      |       ^~~~~~~
/build/nfs-ganesha-git/src/nfs-ganesha/src/monitoring/dynamic_metrics.cc:221:49: error: expected primary-expression before ‘>’ token
  221 |                   prometheus::Builder<CounterInt>()
      |                                                 ^
/build/nfs-ganesha-git/src/nfs-ganesha/src/monitoring/dynamic_metrics.cc:221:51: error: expected primary-expression before ‘)’ token
  221 |                   prometheus::Builder<CounterInt>()
      |                                                   ^
/build/nfs-ganesha-git/src/nfs-ganesha/src/monitoring/dynamic_metrics.cc:225:11: error: class ‘ganesha_monitoring::DynamicMetrics’ does not have any field named ‘requestSizeByOperationExport’
  225 |         , requestSizeByOperationExport(
      |           ^~~~~~~~~~~~~~~~~~~~~~~~~~~~
/build/nfs-ganesha-git/src/nfs-ganesha/src/monitoring/dynamic_metrics.cc:226:31: error: ‘Builder’ is not a member of ‘prometheus’; did you mean ‘prometheus::detail::Builder’?
  226 |                   prometheus::Builder<HistogramInt>()
      |                               ^~~~~~~
/usr/include/prometheus/detail/builder.h:19:7: note: ‘prometheus::detail::Builder’ declared here
   19 | class Builder {
      |       ^~~~~~~
/build/nfs-ganesha-git/src/nfs-ganesha/src/monitoring/dynamic_metrics.cc:226:51: error: expected primary-expression before ‘>’ token
  226 |                   prometheus::Builder<HistogramInt>()
      |                                                   ^
/build/nfs-ganesha-git/src/nfs-ganesha/src/monitoring/dynamic_metrics.cc:226:53: error: expected primary-expression before ‘)’ token
  226 |                   prometheus::Builder<HistogramInt>()
      |                                                     ^
/build/nfs-ganesha-git/src/nfs-ganesha/src/monitoring/dynamic_metrics.cc:230:11: error: class ‘ganesha_monitoring::DynamicMetrics’ does not have any field named ‘responseSizeByOperationExport’
  230 |         , responseSizeByOperationExport(
      |           ^~~~~~~~~~~~~~~~~~~~~~~~~~~~~
/build/nfs-ganesha-git/src/nfs-ganesha/src/monitoring/dynamic_metrics.cc:231:31: error: ‘Builder’ is not a member of ‘prometheus’; did you mean ‘prometheus::detail::Builder’?
  231 |                   prometheus::Builder<HistogramInt>()
      |                               ^~~~~~~
/usr/include/prometheus/detail/builder.h:19:7: note: ‘prometheus::detail::Builder’ declared here
   19 | class Builder {
      |       ^~~~~~~
/build/nfs-ganesha-git/src/nfs-ganesha/src/monitoring/dynamic_metrics.cc:231:51: error: expected primary-expression before ‘>’ token
  231 |                   prometheus::Builder<HistogramInt>()
      |                                                   ^
/build/nfs-ganesha-git/src/nfs-ganesha/src/monitoring/dynamic_metrics.cc:231:53: error: expected primary-expression before ‘)’ token
  231 |                   prometheus::Builder<HistogramInt>()
      |                                                     ^
/build/nfs-ganesha-git/src/nfs-ganesha/src/monitoring/dynamic_metrics.cc:235:11: error: class ‘ganesha_monitoring::DynamicMetrics’ does not have any field named ‘latencyByOperationExport’
  235 |         , latencyByOperationExport(
      |           ^~~~~~~~~~~~~~~~~~~~~~~~
/build/nfs-ganesha-git/src/nfs-ganesha/src/monitoring/dynamic_metrics.cc:236:31: error: ‘Builder’ is not a member of ‘prometheus’; did you mean ‘prometheus::detail::Builder’?
  236 |                   prometheus::Builder<HistogramDouble>()
      |                               ^~~~~~~
/usr/include/prometheus/detail/builder.h:19:7: note: ‘prometheus::detail::Builder’ declared here
   19 | class Builder {
      |       ^~~~~~~
/build/nfs-ganesha-git/src/nfs-ganesha/src/monitoring/dynamic_metrics.cc:236:54: error: expected primary-expression before ‘>’ token
  236 |                   prometheus::Builder<HistogramDouble>()
      |                                                      ^
/build/nfs-ganesha-git/src/nfs-ganesha/src/monitoring/dynamic_metrics.cc:236:56: error: expected primary-expression before ‘)’ token
  236 |                   prometheus::Builder<HistogramDouble>()
      |                                                        ^
[ 32%] Building C object SAL/CMakeFiles/sal.dir/recovery/recovery_fs.c.o
/build/nfs-ganesha-git/src/nfs-ganesha/src/monitoring/dynamic_metrics.cc: At global scope:
/build/nfs-ganesha-git/src/nfs-ganesha/src/monitoring/dynamic_metrics.cc:257:32: error: expected ‘)’ before ‘<’ token [-Wtemplate-body]
  257 |         SimpleMap(std::function<T(const K &k)> get_value)
      |                  ~             ^
      |                                )
/build/nfs-ganesha-git/src/nfs-ganesha/src/monitoring/dynamic_metrics.cc:290:14: error: ‘function’ in namespace ‘std’ does not name a template type [-Wtemplate-body]
  290 |         std::function<T(const K &k)> get_value_;
      |              ^~~~~~~~
/build/nfs-ganesha-git/src/nfs-ganesha/src/monitoring/dynamic_metrics.cc:39:1: note: ‘std::function’ is defined in header ‘<functional>’; this is probably fixable by adding ‘#include <functional>’
   38 | #include "prometheus/histogram.h"
  +++ |+#include <functional>
   39 | 
/build/nfs-ganesha-git/src/nfs-ganesha/src/monitoring/dynamic_metrics.cc:301:10: error: no matching function for call to ‘ganesha_monitoring::SimpleMap<short unsigned int, std::__cxx11::basic_string<char> >::SimpleMap(ganesha_monitoring::<lambda(const export_id_t&)>)’
  301 |         });
      |          ^
/build/nfs-ganesha-git/src/nfs-ganesha/src/monitoring/dynamic_metrics.cc:301:10: note: there is 1 candidate
/build/nfs-ganesha-git/src/nfs-ganesha/src/monitoring/dynamic_metrics.cc:255:49: note: candidate 1: ‘ganesha_monitoring::SimpleMap<short unsigned int, std::__cxx11::basic_string<char> >::SimpleMap()’
  255 | template <class K, class T = std::string> class SimpleMap {
      |                                                 ^~~~~~~~~
/build/nfs-ganesha-git/src/nfs-ganesha/src/monitoring/dynamic_metrics.cc:255:49: note: candidate expects 0 arguments, 1 provided
/build/nfs-ganesha-git/src/nfs-ganesha/src/monitoring/dynamic_metrics.cc: In function ‘void ganesha_monitoring::dynamic_metrics__observe_nfs_request(const char*, nsecs_elapsed_t, const char*, const char*, export_id_t, const char*, const char*)’:
/build/nfs-ganesha-git/src/nfs-ganesha/src/monitoring/dynamic_metrics.cc:350:34: error: ‘class ganesha_monitoring::DynamicMetrics’ has no member named ‘clientRequestsTotal’
  350 |                 dynamic_metrics->clientRequestsTotal
      |                                  ^~~~~~~~~~~~~~~~~~~
/build/nfs-ganesha-git/src/nfs-ganesha/src/monitoring/dynamic_metrics.cc:354:34: error: ‘class ganesha_monitoring::DynamicMetrics’ has no member named ‘lastClientUpdate’
  354 |                 dynamic_metrics->lastClientUpdate.Add({ { kClient, client } })
      |                                  ^~~~~~~~~~~~~~~~
/build/nfs-ganesha-git/src/nfs-ganesha/src/monitoring/dynamic_metrics.cc:357:26: error: ‘class ganesha_monitoring::DynamicMetrics’ has no member named ‘errorsByVersionOperationStatus’
  357 |         dynamic_metrics->errorsByVersionOperationStatus
      |                          ^~~~~~~~~~~~~~~~~~~~~~~~~~~~~~
/build/nfs-ganesha-git/src/nfs-ganesha/src/monitoring/dynamic_metrics.cc:364:26: error: ‘class ganesha_monitoring::DynamicMetrics’ has no member named ‘requestsTotalByOperation’
  364 |         dynamic_metrics->requestsTotalByOperation
      |                          ^~~~~~~~~~~~~~~~~~~~~~~~
/build/nfs-ganesha-git/src/nfs-ganesha/src/monitoring/dynamic_metrics.cc:367:26: error: ‘class ganesha_monitoring::DynamicMetrics’ has no member named ‘latencyByOperation’
  367 |         dynamic_metrics->latencyByOperation
      |                          ^~~~~~~~~~~~~~~~~~
/build/nfs-ganesha-git/src/nfs-ganesha/src/monitoring/dynamic_metrics.cc:376:26: error: ‘class ganesha_monitoring::DynamicMetrics’ has no member named ‘requestsTotalByOperationExport’
  376 |         dynamic_metrics->requestsTotalByOperationExport
      |                          ^~~~~~~~~~~~~~~~~~~~~~~~~~~~~~
/build/nfs-ganesha-git/src/nfs-ganesha/src/monitoring/dynamic_metrics.cc:381:26: error: ‘class ganesha_monitoring::DynamicMetrics’ has no member named ‘latencyByOperationExport’
  381 |         dynamic_metrics->latencyByOperationExport
      |                          ^~~~~~~~~~~~~~~~~~~~~~~~
/build/nfs-ganesha-git/src/nfs-ganesha/src/monitoring/dynamic_metrics.cc: In function ‘void ganesha_monitoring::dynamic_metrics__observe_nfs_io(size_t, size_t, bool, export_id_t, const char*)’:
/build/nfs-ganesha-git/src/nfs-ganesha/src/monitoring/dynamic_metrics.cc:402:34: error: ‘class ganesha_monitoring::DynamicMetrics’ has no member named ‘clientBytesReceivedTotal’
  402 |                 dynamic_metrics->clientBytesReceivedTotal
      |                                  ^~~~~~~~~~~~~~~~~~~~~~~~
/build/nfs-ganesha-git/src/nfs-ganesha/src/monitoring/dynamic_metrics.cc:405:34: error: ‘class ganesha_monitoring::DynamicMetrics’ has no member named ‘clientBytesSentTotal’
  405 |                 dynamic_metrics->clientBytesSentTotal
      |                                  ^~~~~~~~~~~~~~~~~~~~
/build/nfs-ganesha-git/src/nfs-ganesha/src/monitoring/dynamic_metrics.cc:411:26: error: ‘class ganesha_monitoring::DynamicMetrics’ has no member named ‘bytesReceivedTotalByOperation’
  411 |         dynamic_metrics->bytesReceivedTotalByOperation
      |                          ^~~~~~~~~~~~~~~~~~~~~~~~~~~~~
/build/nfs-ganesha-git/src/nfs-ganesha/src/monitoring/dynamic_metrics.cc:414:26: error: ‘class ganesha_monitoring::DynamicMetrics’ has no member named ‘bytesSentTotalByOperation’
  414 |         dynamic_metrics->bytesSentTotalByOperation
      |                          ^~~~~~~~~~~~~~~~~~~~~~~~~
/build/nfs-ganesha-git/src/nfs-ganesha/src/monitoring/dynamic_metrics.cc:417:26: error: ‘class ganesha_monitoring::DynamicMetrics’ has no member named ‘requestSizeByOperation’
  417 |         dynamic_metrics->requestSizeByOperation
      |                          ^~~~~~~~~~~~~~~~~~~~~~
/build/nfs-ganesha-git/src/nfs-ganesha/src/monitoring/dynamic_metrics.cc:420:26: error: ‘class ganesha_monitoring::DynamicMetrics’ has no member named ‘responseSizeByOperation’
  420 |         dynamic_metrics->responseSizeByOperation
      |                          ^~~~~~~~~~~~~~~~~~~~~~~
/build/nfs-ganesha-git/src/nfs-ganesha/src/monitoring/dynamic_metrics.cc:431:26: error: ‘class ganesha_monitoring::DynamicMetrics’ has no member named ‘bytesReceivedTotalByOperationExport’
  431 |         dynamic_metrics->bytesReceivedTotalByOperationExport
      |                          ^~~~~~~~~~~~~~~~~~~~~~~~~~~~~~~~~~~
/build/nfs-ganesha-git/src/nfs-ganesha/src/monitoring/dynamic_metrics.cc:434:26: error: ‘class ganesha_monitoring::DynamicMetrics’ has no member named ‘bytesSentTotalByOperationExport’
  434 |         dynamic_metrics->bytesSentTotalByOperationExport
      |                          ^~~~~~~~~~~~~~~~~~~~~~~~~~~~~~~
/build/nfs-ganesha-git/src/nfs-ganesha/src/monitoring/dynamic_metrics.cc:437:26: error: ‘class ganesha_monitoring::DynamicMetrics’ has no member named ‘requestSizeByOperationExport’
  437 |         dynamic_metrics->requestSizeByOperationExport
      |                          ^~~~~~~~~~~~~~~~~~~~~~~~~~~~
/build/nfs-ganesha-git/src/nfs-ganesha/src/monitoring/dynamic_metrics.cc:441:26: error: ‘class ganesha_monitoring::DynamicMetrics’ has no member named ‘responseSizeByOperationExport’
  441 |         dynamic_metrics->responseSizeByOperationExport
      |                          ^~~~~~~~~~~~~~~~~~~~~~~~~~~~~
/build/nfs-ganesha-git/src/nfs-ganesha/src/monitoring/dynamic_metrics.cc: In function ‘void ganesha_monitoring::dynamic_metrics__mdcache_cache_hit(const char*, export_id_t)’:
/build/nfs-ganesha-git/src/nfs-ganesha/src/monitoring/dynamic_metrics.cc:452:26: error: ‘class ganesha_monitoring::DynamicMetrics’ has no member named ‘mdcacheCacheHitsTotal’
  452 |         dynamic_metrics->mdcacheCacheHitsTotal
      |                          ^~~~~~~~~~~~~~~~~~~~~
/build/nfs-ganesha-git/src/nfs-ganesha/src/monitoring/dynamic_metrics.cc:457:34: error: ‘class ganesha_monitoring::DynamicMetrics’ has no member named ‘mdcacheCacheHitsByExportTotal’
  457 |                 dynamic_metrics->mdcacheCacheHitsByExportTotal
      |                                  ^~~~~~~~~~~~~~~~~~~~~~~~~~~~~
/build/nfs-ganesha-git/src/nfs-ganesha/src/monitoring/dynamic_metrics.cc: In function ‘void ganesha_monitoring::dynamic_metrics__mdcache_cache_miss(const char*, export_id_t)’:
/build/nfs-ganesha-git/src/nfs-ganesha/src/monitoring/dynamic_metrics.cc:469:26: error: ‘class ganesha_monitoring::DynamicMetrics’ has no member named ‘mdcacheCacheMissesTotal’
  469 |         dynamic_metrics->mdcacheCacheMissesTotal
      |                          ^~~~~~~~~~~~~~~~~~~~~~~
/build/nfs-ganesha-git/src/nfs-ganesha/src/monitoring/dynamic_metrics.cc:473:34: error: ‘class ganesha_monitoring::DynamicMetrics’ has no member named ‘mdcacheCacheMissesByExportTotal’
  473 |                 dynamic_metrics->mdcacheCacheMissesByExportTotal
      |                                  ^~~~~~~~~~~~~~~~~~~~~~~~~~~~~~~
[ 32%] Building C object Protocols/NLM/CMakeFiles/nlm.dir/nsm.c.o
[ 32%] Building C object Protocols/9P/CMakeFiles/9p.dir/9p_lock.c.o
[ 32%] Building C object SAL/CMakeFiles/sal.dir/recovery/recovery_fs_ng.c.o
[ 32%] Building C object Protocols/NFS/CMakeFiles/nfsproto.dir/nfs4_op_free_stateid.c.o
/build/nfs-ganesha-git/src/nfs-ganesha/src/monitoring/dynamic_metrics.cc: In instantiation of ‘T ganesha_monitoring::SimpleMap<K, T>::GetOrInsert(const K&) [with K = short unsigned int; T = std::__cxx11::basic_string<char>]’:
/build/nfs-ganesha-git/src/nfs-ganesha/src/monitoring/dynamic_metrics.cc:305:33:   required from here
  305 |         return exportLabels.GetOrInsert(export_id);
      |                ~~~~~~~~~~~~~~~~~~~~~~~~^~~~~~~~~~~
/build/nfs-ganesha-git/src/nfs-ganesha/src/monitoring/dynamic_metrics.cc:275:36: error: ‘get_value_’ was not declared in this scope
  275 |                 auto v = get_value_(k);
      |                          ~~~~~~~~~~^~~
[ 33%] Building C object Protocols/NFS/CMakeFiles/nfsproto.dir/nfs4_op_getattr.c.o
[ 33%] Building C object Protocols/9P/CMakeFiles/9p.dir/9p_mkdir.c.o
[ 33%] Built target fsalmdcache
make[2]: *** [monitoring/CMakeFiles/ganesha_monitoring.dir/build.make:93: monitoring/CMakeFiles/ganesha_monitoring.dir/dynamic_metrics.cc.o] Error 1
make[1]: *** [CMakeFiles/Makefile2:2252: monitoring/CMakeFiles/ganesha_monitoring.dir/all] Error 2
[ 33%] Building C object Protocols/NFS/CMakeFiles/nfsproto.dir/nfs4_op_getdeviceinfo.c.o
[ 33%] Building C object SAL/CMakeFiles/sal.dir/nlm_owner.c.o
[ 33%] Building C object SAL/CMakeFiles/sal.dir/nlm_state.c.o
[ 33%] Building C object Protocols/9P/CMakeFiles/9p.dir/9p_mknod.c.o
[ 33%] Building C object Protocols/NFS/CMakeFiles/nfsproto.dir/nfs4_op_getdevicelist.c.o
[ 33%] Building C object Protocols/9P/CMakeFiles/9p.dir/9p_read.c.o
[ 34%] Building C object Protocols/9P/CMakeFiles/9p.dir/9p_readdir.c.o
[ 34%] Building C object SAL/CMakeFiles/sal.dir/9p_owner.c.o
[ 34%] Building C object Protocols/NFS/CMakeFiles/nfsproto.dir/nfs4_op_getfh.c.o
[ 34%] Building C object Protocols/9P/CMakeFiles/9p.dir/9p_readlink.c.o
[ 34%] Building C object Protocols/9P/CMakeFiles/9p.dir/9p_remove.c.o
[ 35%] Built target nlm
[ 35%] Building C object Protocols/NFS/CMakeFiles/nfsproto.dir/nfs4_op_illegal.c.o
[ 35%] Building C object Protocols/9P/CMakeFiles/9p.dir/9p_rename.c.o
[ 35%] Building C object Protocols/NFS/CMakeFiles/nfsproto.dir/nfs4_op_layoutcommit.c.o
[ 35%] Building C object Protocols/NFS/CMakeFiles/nfsproto.dir/nfs4_op_layoutget.c.o
[ 35%] Building C object Protocols/NFS/CMakeFiles/nfsproto.dir/nfs4_op_layoutreturn.c.o
[ 36%] Building C object Protocols/NFS/CMakeFiles/nfsproto.dir/nfs4_op_link.c.o
[ 36%] Building C object Protocols/NFS/CMakeFiles/nfsproto.dir/nfs4_op_lock.c.o
[ 37%] Building C object Protocols/9P/CMakeFiles/9p.dir/9p_renameat.c.o
[ 37%] Building C object Protocols/9P/CMakeFiles/9p.dir/9p_fsync.c.o
[ 37%] Building C object Protocols/NFS/CMakeFiles/nfsproto.dir/nfs4_op_lockt.c.o
[ 37%] Building C object Protocols/NFS/CMakeFiles/nfsproto.dir/nfs4_op_locku.c.o
[ 37%] Building C object Protocols/NFS/CMakeFiles/nfsproto.dir/nfs4_op_lookup.c.o
[ 37%] Built target support
[ 38%] Building C object Protocols/NFS/CMakeFiles/nfsproto.dir/nfs4_op_lookupp.c.o
[ 38%] Building C object Protocols/NFS/CMakeFiles/nfsproto.dir/nfs4_op_nverify.c.o
[ 38%] Building C object Protocols/9P/CMakeFiles/9p.dir/9p_unlinkat.c.o
[ 38%] Built target sal
[ 38%] Building C object Protocols/NFS/CMakeFiles/nfsproto.dir/nfs4_op_open.c.o
[ 38%] Building C object Protocols/NFS/CMakeFiles/nfsproto.dir/nfs4_op_open_confirm.c.o
[ 39%] Building C object Protocols/NFS/CMakeFiles/nfsproto.dir/nfs4_op_open_downgrade.c.o
[ 39%] Building C object Protocols/9P/CMakeFiles/9p.dir/9p_setattr.c.o
[ 39%] Building C object Protocols/NFS/CMakeFiles/nfsproto.dir/nfs4_op_openattr.c.o
[ 40%] Building C object Protocols/9P/CMakeFiles/9p.dir/9p_statfs.c.o
[ 40%] Building C object Protocols/9P/CMakeFiles/9p.dir/9p_symlink.c.o
[ 40%] Building C object Protocols/NFS/CMakeFiles/nfsproto.dir/nfs4_op_putfh.c.o
[ 40%] Building C object Protocols/9P/CMakeFiles/9p.dir/9p_version.c.o
[ 40%] Building C object Protocols/NFS/CMakeFiles/nfsproto.dir/nfs4_op_putpubfh.c.o
[ 40%] Building C object Protocols/9P/CMakeFiles/9p.dir/9p_walk.c.o
[ 41%] Building C object Protocols/NFS/CMakeFiles/nfsproto.dir/nfs4_op_putrootfh.c.o
[ 41%] Building C object Protocols/NFS/CMakeFiles/nfsproto.dir/nfs4_op_read.c.o
[ 41%] Building C object Protocols/NFS/CMakeFiles/nfsproto.dir/nfs4_op_readdir.c.o
[ 42%] Building C object Protocols/NFS/CMakeFiles/nfsproto.dir/nfs4_op_readlink.c.o
[ 42%] Building C object Protocols/9P/CMakeFiles/9p.dir/9p_xattrcreate.c.o
[ 42%] Building C object Protocols/9P/CMakeFiles/9p.dir/9p_xattrwalk.c.o
[ 42%] Building C object Protocols/9P/CMakeFiles/9p.dir/9p_write.c.o
[ 42%] Building C object Protocols/9P/CMakeFiles/9p.dir/9p_rerror.c.o
[ 43%] Building C object Protocols/NFS/CMakeFiles/nfsproto.dir/nfs4_op_reclaim_complete.c.o
[ 43%] Building C object Protocols/NFS/CMakeFiles/nfsproto.dir/nfs4_op_release_lockowner.c.o
[ 43%] Building C object Protocols/NFS/CMakeFiles/nfsproto.dir/nfs4_op_remove.c.o
[ 43%] Building C object Protocols/NFS/CMakeFiles/nfsproto.dir/nfs4_op_renew.c.o
[ 43%] Building C object Protocols/NFS/CMakeFiles/nfsproto.dir/nfs4_op_rename.c.o
[ 44%] Building C object Protocols/NFS/CMakeFiles/nfsproto.dir/nfs4_op_restorefh.c.o
[ 44%] Building C object Protocols/NFS/CMakeFiles/nfsproto.dir/nfs4_op_savefh.c.o
[ 44%] Building C object Protocols/NFS/CMakeFiles/nfsproto.dir/nfs4_op_secinfo.c.o
[ 44%] Building C object Protocols/NFS/CMakeFiles/nfsproto.dir/nfs4_op_secinfo_no_name.c.o
[ 45%] Building C object Protocols/NFS/CMakeFiles/nfsproto.dir/nfs4_op_sequence.c.o
[ 45%] Building C object Protocols/NFS/CMakeFiles/nfsproto.dir/nfs4_op_set_ssv.c.o
[ 45%] Building C object Protocols/NFS/CMakeFiles/nfsproto.dir/nfs4_op_setattr.c.o
[ 45%] Building C object Protocols/NFS/CMakeFiles/nfsproto.dir/nfs4_op_xattr.c.o
[ 46%] Building C object Protocols/NFS/CMakeFiles/nfsproto.dir/nfs4_op_setclientid.c.o
[ 46%] Building C object Protocols/NFS/CMakeFiles/nfsproto.dir/nfs4_op_setclientid_confirm.c.o
[ 46%] Building C object Protocols/NFS/CMakeFiles/nfsproto.dir/nfs4_op_destroy_clientid.c.o
[ 46%] Building C object Protocols/NFS/CMakeFiles/nfsproto.dir/nfs4_op_test_stateid.c.o
[ 46%] Built target 9p
[ 47%] Building C object Protocols/NFS/CMakeFiles/nfsproto.dir/nfs4_op_verify.c.o
[ 47%] Building C object Protocols/NFS/CMakeFiles/nfsproto.dir/nfs4_pseudo.c.o
[ 47%] Building C object Protocols/NFS/CMakeFiles/nfsproto.dir/nfs4_op_write.c.o
[ 47%] Building C object Protocols/NFS/CMakeFiles/nfsproto.dir/nfs_proto_tools.c.o
[ 47%] Building C object Protocols/NFS/CMakeFiles/nfsproto.dir/nfs_null.c.o
[ 48%] Building C object Protocols/NFS/CMakeFiles/nfsproto.dir/mnt_Dump.c.o
[ 48%] Building C object Protocols/NFS/CMakeFiles/nfsproto.dir/mnt_Mnt.c.o
[ 48%] Building C object Protocols/NFS/CMakeFiles/nfsproto.dir/mnt_Export.c.o
[ 48%] Building C object Protocols/NFS/CMakeFiles/nfsproto.dir/mnt_Null.c.o
[ 50%] Building C object Protocols/NFS/CMakeFiles/nfsproto.dir/mnt_Umnt.c.o
[ 50%] Building C object Protocols/NFS/CMakeFiles/nfsproto.dir/mnt_UmntAll.c.o
[ 50%] Building C object Protocols/NFS/CMakeFiles/nfsproto.dir/nfs3_access.c.o
[ 50%] Building C object Protocols/NFS/CMakeFiles/nfsproto.dir/nfs3_commit.c.o
[ 51%] Building C object Protocols/NFS/CMakeFiles/nfsproto.dir/nfs3_create.c.o
[ 51%] Building C object Protocols/NFS/CMakeFiles/nfsproto.dir/nfs3_fsinfo.c.o
[ 51%] Building C object Protocols/NFS/CMakeFiles/nfsproto.dir/nfs3_fsstat.c.o
[ 51%] Building C object Protocols/NFS/CMakeFiles/nfsproto.dir/nfs3_getattr.c.o
[ 51%] Building C object Protocols/NFS/CMakeFiles/nfsproto.dir/nfs3_link.c.o
[ 52%] Building C object Protocols/NFS/CMakeFiles/nfsproto.dir/nfs3_lookup.c.o
[ 52%] Building C object Protocols/NFS/CMakeFiles/nfsproto.dir/nfs3_mkdir.c.o
[ 52%] Building C object Protocols/NFS/CMakeFiles/nfsproto.dir/nfs3_mknod.c.o
[ 52%] Building C object Protocols/NFS/CMakeFiles/nfsproto.dir/nfs3_pathconf.c.o
[ 53%] Building C object Protocols/NFS/CMakeFiles/nfsproto.dir/nfs3_readdir.c.o
[ 53%] Building C object Protocols/NFS/CMakeFiles/nfsproto.dir/nfs3_read.c.o
[ 53%] Building C object Protocols/NFS/CMakeFiles/nfsproto.dir/nfs3_readdirplus.c.o
[ 53%] Building C object Protocols/NFS/CMakeFiles/nfsproto.dir/nfs3_readlink.c.o
[ 54%] Building C object Protocols/NFS/CMakeFiles/nfsproto.dir/nfs3_rename.c.o
[ 54%] Building C object Protocols/NFS/CMakeFiles/nfsproto.dir/nfs3_remove.c.o
[ 54%] Building C object Protocols/NFS/CMakeFiles/nfsproto.dir/nfs3_rmdir.c.o
[ 54%] Building C object Protocols/NFS/CMakeFiles/nfsproto.dir/nfs3_setattr.c.o
[ 54%] Building C object Protocols/NFS/CMakeFiles/nfsproto.dir/nfs3_symlink.c.o
[ 55%] Building C object Protocols/NFS/CMakeFiles/nfsproto.dir/nfs3_write.c.o
[ 55%] Built target nfsproto
make: *** [Makefile:156: all] Error 2
[1m[31m==> ERROR:(B[m[1m A failure occurred in build().(B[m
[1m    Aborting...(B[m
