-- Could NOT find CCache (missing: CCache_EXECUTABLE) 
Hint: The project() command has not yet been called.  It sets up system-specific search paths.
-- The CXX compiler identification is GNU 15.2.1
-- Detecting CXX compiler ABI info
-- Detecting CXX compiler ABI info - done
-- Check for working CXX compiler: /usr/bin/c++ - skipped
-- Detecting CXX compile features
-- Detecting CXX compile features - done
-- IPO/LTO enabled for all Release targets.
-- Found PkgConfig: /usr/bin/pkg-config (found version "2.5.1")
-- Performing Test CMAKE_HAVE_LIBC_PTHREAD
-- Performing Test CMAKE_HAVE_LIBC_PTHREAD - Success
-- Found Threads: TRUE
-- Found GTest: /usr/lib32/libgtest.so
-- Found ZLIB: /usr/lib32/libz.so (found version "1.3.1")
-- Found PNG: /usr/lib32/libpng.so (found version "1.6.50")
-- Populating sfl
-- Configuring done (0.0s)
-- Generating done (0.0s)
-- Build files have been written to: /build/openloco/src/build/_deps/sfl-subbuild
[ 11%] Creating directories for 'sfl-populate'
[ 22%] Performing download step (git clone) for 'sfl-populate'
Cloning into 'sfl-src'...
HEAD is now at 3cdc841 New version
[ 33%] Performing update step for 'sfl-populate'
-- Already at requested tag: 2.0.2
[ 44%] No patch step for 'sfl-populate'
[ 55%] No configure step for 'sfl-populate'
[ 66%] No build step for 'sfl-populate'
[ 77%] No install step for 'sfl-populate'
[ 88%] No test step for 'sfl-populate'
[100%] Completed 'sfl-populate'
[100%] Built target sfl-populate
-- Populating openloco_objects
-- Configuring done (0.0s)
-- Generating done (0.0s)
-- Build files have been written to: /build/openloco/src/build/_deps/openloco_objects-subbuild
[ 11%] Creating directories for 'openloco_objects-populate'
[ 22%] Performing download step (download, verify and extract) for 'openloco_objects-populate'
-- Downloading...
   dst='/build/openloco/src/build/_deps/openloco_objects-subbuild/openloco_objects-populate-prefix/src/objects.zip'
   timeout='none'
   inactivity timeout='none'
-- Using src='https://github.com/OpenLoco/OpenGraphics/releases/download/v0.1.4/objects.zip'
-- [download 0% complete]
-- [download 1% complete]
-- [download 2% complete]
-- [download 3% complete]
-- [download 4% complete]
-- [download 5% complete]
-- [download 6% complete]
-- [download 7% complete]
-- [download 8% complete]
-- [download 10% complete]
-- [download 12% complete]
-- [download 13% complete]
-- [download 15% complete]
-- [download 17% complete]
-- [download 18% complete]
-- [download 20% complete]
-- [download 21% complete]
-- [download 23% complete]
-- [download 25% complete]
-- [download 26% complete]
-- [download 28% complete]
-- [download 30% complete]
-- [download 31% complete]
-- [download 33% complete]
-- [download 35% complete]
-- [download 36% complete]
-- [download 38% complete]
-- [download 40% complete]
-- [download 41% complete]
-- [download 43% complete]
-- [download 45% complete]
-- [download 46% complete]
-- [download 48% complete]
-- [download 50% complete]
-- [download 51% complete]
-- [download 53% complete]
-- [download 55% complete]
-- [download 56% complete]
-- [download 58% complete]
-- [download 60% complete]
-- [download 61% complete]
-- [download 63% complete]
-- [download 65% complete]
-- [download 66% complete]
-- [download 68% complete]
-- [download 70% complete]
-- [download 71% complete]
-- [download 73% complete]
-- [download 75% complete]
-- [download 76% complete]
-- [download 78% complete]
-- [download 80% complete]
-- [download 81% complete]
-- [download 83% complete]
-- [download 84% complete]
-- [download 86% complete]
-- [download 88% complete]
-- [download 89% complete]
-- [download 91% complete]
-- [download 93% complete]
-- [download 94% complete]
-- [download 96% complete]
-- [download 98% complete]
-- [download 99% complete]
-- [download 100% complete]
-- verifying file...
       file='/build/openloco/src/build/_deps/openloco_objects-subbuild/openloco_objects-populate-prefix/src/objects.zip'
-- Downloading... done
-- extracting...
     src='/build/openloco/src/build/_deps/openloco_objects-subbuild/openloco_objects-populate-prefix/src/objects.zip'
     dst='/build/openloco/src/build/_deps/openloco_objects-src'
-- extracting... [tar xf]
-- extracting... [analysis]
-- extracting... [rename]
-- extracting... [clean up]
-- extracting... done
[ 33%] No update step for 'openloco_objects-populate'
[ 44%] No patch step for 'openloco_objects-populate'
[ 55%] No configure step for 'openloco_objects-populate'
[ 66%] No build step for 'openloco_objects-populate'
[ 77%] No install step for 'openloco_objects-populate'
[ 88%] No test step for 'openloco_objects-populate'
[100%] Completed 'openloco_objects-populate'
[100%] Built target openloco_objects-populate
-- Found Git: /usr/bin/git (found version "2.51.2")
fatal: not a git repository (or any of the parent directories): .git
-- Configuring done (3.2s)
-- Generating done (0.1s)
-- Build files have been written to: /build/openloco/src/build
[  1%] Building CXX object src/Core/CMakeFiles/Core.dir/src/BinaryStream.cpp.o
[  1%] Building CXX object src/Core/CMakeFiles/Core.dir/src/MemoryStream.cpp.o
[  1%] Generating openloco_text
[  2%] Generating openloco_data
[  2%] Building CXX object src/Core/CMakeFiles/Core.dir/src/FileStream.cpp.o
[  2%] Building CXX object src/Core/CMakeFiles/Core.dir/src/Prng.cpp.o
[  2%] Building CXX object src/Utility/CMakeFiles/Utility.dir/src/String.cpp.o
[  2%] Building CXX object src/Math/CMakeFiles/Math.dir/src/Vector.cpp.o
[  3%] Building CXX object src/Core/CMakeFiles/Core.dir/src/Numerics.cpp.o
[  3%] Building CXX object src/Math/CMakeFiles/Math.dir/src/Trigonometry.cpp.o
78+0 records in
78+0 records out
319488 bytes (319 kB, 312 KiB) copied, 0.000305764 s, 1.0 GB/s
214+0 records in
214+0 records out
876544 bytes (877 kB, 856 KiB) copied, 0.000838424 s, 1.0 GB/s
3133+0 records in
3133+0 records out
12832768 bytes (13 MB, 12 MiB) copied, 0.0109952 s, 1.2 GB/s
[  3%] Built target segfiles
[  3%] Generating openloco_text_section.o
[  3%] Generating openloco_data_section.o
[  3%] Built target linkable_sections
[  3%] Linking CXX static library libMath.a
[  3%] Built target Math
[  4%] Building CXX object src/Math/CMakeFiles/MathTests.dir/tests/TrigonometryTests.cpp.o
[  4%] Building CXX object src/Math/CMakeFiles/MathTests.dir/tests/VectorTests.cpp.o
[  4%] Linking CXX static library libUtility.a
[  4%] Built target Utility
[  4%] Building CXX object src/Utility/CMakeFiles/UtilityTests.dir/tests/StringTests.cpp.o
[  4%] Linking CXX static library libCore.a
[  4%] Built target Core
[  4%] Building CXX object src/Core/CMakeFiles/CoreTests.dir/tests/NumericsTests.cpp.o
[  4%] Building CXX object src/Core/CMakeFiles/CoreTests.dir/tests/EnumFlagsTests.cpp.o
[  4%] Building CXX object src/Core/CMakeFiles/CoreTests.dir/tests/FileStreamTests.cpp.o
[  4%] Building CXX object src/Platform/CMakeFiles/Platform.dir/src/Crash.cpp.o
[  4%] Building CXX object src/Platform/CMakeFiles/Platform.dir/src/Platform.Windows.cpp.o
[  5%] Building CXX object src/Core/CMakeFiles/CoreTests.dir/tests/TraitsTest.cpp.o
[  6%] Building CXX object src/Core/CMakeFiles/CoreTests.dir/tests/TimerTest.cpp.o
[  6%] Building CXX object src/Core/CMakeFiles/CoreTests.dir/tests/MemoryStreamTests.cpp.o
[  6%] Building CXX object src/Core/CMakeFiles/CoreTests.dir/tests/PrngTests.cpp.o
[  6%] Building CXX object src/Platform/CMakeFiles/Platform.dir/src/Platform.Posix.cpp.o
[  6%] Linking CXX executable MathTests
[  6%] Built target MathTests
[  7%] Linking CXX static library libPlatform.a
[  7%] Built target Platform
[  7%] Building CXX object src/Diagnostics/CMakeFiles/Diagnostics.dir/src/LogSink.cpp.o
[  7%] Building CXX object src/Diagnostics/CMakeFiles/Diagnostics.dir/src/LogFile.cpp.o
[  7%] Building CXX object src/Diagnostics/CMakeFiles/Diagnostics.dir/src/Logging.cpp.o
[  8%] Building CXX object src/Diagnostics/CMakeFiles/Diagnostics.dir/src/LogTerminal.cpp.o
/build/openloco/src/OpenLoco-25.10/src/Diagnostics/src/LogTerminal.cpp: In member function â€˜virtual void OpenLoco::Diagnostics::Logging::LogTerminal::print(OpenLoco::Diagnostics::Logging::Level, std::string_view)â€™:
/build/openloco/src/OpenLoco-25.10/src/Diagnostics/src/LogTerminal.cpp:68:69: error: â€˜localtimeâ€™ is not a member of â€˜fmtâ€™
   68 |             timestamp = fmt::format("[{:%Y-%m-%d %H:%M:%S}] ", fmt::localtime(std::time(nullptr)));
      |                                                                     ^~~~~~~~~
/build/openloco/src/OpenLoco-25.10/src/Diagnostics/src/LogTerminal.cpp:68:69: note: suggested alternatives:
In file included from /usr/include/c++/15.2.1/ctime:47,
                 from /usr/include/c++/15.2.1/bits/chrono.h:43,
                 from /usr/include/c++/15.2.1/bits/fs_fwd.h:37,
                 from /usr/include/c++/15.2.1/filesystem:53,
                 from /build/openloco/src/OpenLoco-25.10/src/Core/include/OpenLoco/Core/FileSystem.hpp:6,
                 from /build/openloco/src/OpenLoco-25.10/src/Platform/include/OpenLoco/Platform/Platform.h:7,
                 from /build/openloco/src/OpenLoco-25.10/src/Diagnostics/src/LogTerminal.cpp:2:
/usr/include/time.h:136:19: note:   â€˜localtimeâ€™
  136 | extern struct tm *localtime (const time_t *__timer) __THROW;
      |                   ^~~~~~~~~
/usr/include/time.h:136:19: note:   â€˜localtimeâ€™
/build/openloco/src/OpenLoco-25.10/src/Diagnostics/src/LogFile.cpp: In member function â€˜virtual void OpenLoco::Diagnostics::Logging::LogFile::print(OpenLoco::Diagnostics::Logging::Level, std::string_view)â€™:
/build/openloco/src/OpenLoco-25.10/src/Diagnostics/src/LogFile.cpp:35:69: error: â€˜localtimeâ€™ is not a member of â€˜fmtâ€™
   35 |             timestamp = fmt::format("[{:%Y-%m-%d %H:%M:%S}] ", fmt::localtime(std::time(nullptr)));
      |                                                                     ^~~~~~~~~
/build/openloco/src/OpenLoco-25.10/src/Diagnostics/src/LogFile.cpp:35:69: note: suggested alternatives:
In file included from /usr/include/c++/15.2.1/ctime:47,
                 from /usr/include/c++/15.2.1/bits/chrono.h:43,
                 from /usr/include/c++/15.2.1/bits/fs_fwd.h:37,
                 from /usr/include/c++/15.2.1/filesystem:53,
                 from /build/openloco/src/OpenLoco-25.10/src/Core/include/OpenLoco/Core/FileSystem.hpp:6,
                 from /build/openloco/src/OpenLoco-25.10/src/Diagnostics/include/OpenLoco/Diagnostics/LogFile.h:3,
                 from /build/openloco/src/OpenLoco-25.10/src/Diagnostics/src/LogFile.cpp:1:
/usr/include/time.h:136:19: note:   â€˜localtimeâ€™
  136 | extern struct tm *localtime (const time_t *__timer) __THROW;
      |                   ^~~~~~~~~
/usr/include/time.h:136:19: note:   â€˜localtimeâ€™
[  9%] Linking CXX executable UtilityTests
[  9%] Built target UtilityTests
At global scope:
cc1plus: note: unrecognized command-line option â€˜-Wno-unused-private-fieldâ€™ may have been intended to silence earlier diagnostics
make[2]: *** [src/Diagnostics/CMakeFiles/Diagnostics.dir/build.make:107: src/Diagnostics/CMakeFiles/Diagnostics.dir/src/LogTerminal.cpp.o] Error 1
make[2]: *** Waiting for unfinished jobs....
At global scope:
cc1plus: note: unrecognized command-line option â€˜-Wno-unused-private-fieldâ€™ may have been intended to silence earlier diagnostics
make[2]: *** [src/Diagnostics/CMakeFiles/Diagnostics.dir/build.make:79: src/Diagnostics/CMakeFiles/Diagnostics.dir/src/LogFile.cpp.o] Error 1
[  9%] Linking CXX executable CoreTests
/usr/bin/ld: CMakeFiles/CoreTests.dir/tests/FileStreamTests.cpp.o: in function `std::__cxx11::basic_string<char, std::char_traits<char>, std::allocator<char> >::_M_data() const':
/usr/src/debug/openloco/OpenLoco-25.10/src/Core/tests/FileStreamTests.cpp:18:(.text+0xcd): warning: the use of `tmpnam' is dangerous, better use `mkstemp'
[  9%] Built target CoreTests
make[1]: *** [CMakeFiles/Makefile2:500: src/Diagnostics/CMakeFiles/Diagnostics.dir/all] Error 2
make: *** [Makefile:146: all] Error 2
[1m[31m==> ERROR:(B[m[1m A failure occurred in build().(B[m
[1m    Aborting...(B[m
